[2024-08-22T23:45:53.401+0200] {taskinstance.py:1957} INFO - Dependencies all met for dep_context=non-requeueable deps ti=<TaskInstance: Ugoo-DAG.upload scheduled__2024-08-22T05:50:00+00:00 [queued]>
[2024-08-22T23:45:53.404+0200] {taskinstance.py:1957} INFO - Dependencies all met for dep_context=requeueable deps ti=<TaskInstance: Ugoo-DAG.upload scheduled__2024-08-22T05:50:00+00:00 [queued]>
[2024-08-22T23:45:53.404+0200] {taskinstance.py:2171} INFO - Starting attempt 1 of 2
[2024-08-22T23:45:53.417+0200] {taskinstance.py:2192} INFO - Executing <Task(PythonOperator): upload> on 2024-08-22 05:50:00+00:00
[2024-08-22T23:45:53.418+0200] {standard_task_runner.py:60} INFO - Started process 51823 to run task
[2024-08-22T23:45:53.420+0200] {standard_task_runner.py:87} INFO - Running: ['airflow', 'tasks', 'run', 'Ugoo-DAG', 'upload', 'scheduled__2024-08-22T05:50:00+00:00', '--job-id', '1072', '--raw', '--subdir', 'DAGS_FOLDER/datadownload.py', '--cfg-path', '/tmp/tmpjhurcn57']
[2024-08-22T23:45:53.422+0200] {standard_task_runner.py:88} INFO - Job 1072: Subtask upload
[2024-08-22T23:45:53.445+0200] {task_command.py:423} INFO - Running <TaskInstance: Ugoo-DAG.upload scheduled__2024-08-22T05:50:00+00:00 [running]> on host Ugoo.
[2024-08-22T23:45:53.498+0200] {taskinstance.py:2481} INFO - Exporting env vars: AIRFLOW_CTX_DAG_EMAIL='ugoo@ezekomas.com' AIRFLOW_CTX_DAG_OWNER='Ugoo Ezekoma' AIRFLOW_CTX_DAG_ID='Ugoo-DAG' AIRFLOW_CTX_TASK_ID='upload' AIRFLOW_CTX_EXECUTION_DATE='2024-08-22T05:50:00+00:00' AIRFLOW_CTX_TRY_NUMBER='1' AIRFLOW_CTX_DAG_RUN_ID='scheduled__2024-08-22T05:50:00+00:00'
[2024-08-22T23:45:53.770+0200] {logging_mixin.py:188} INFO - Skipping invalid row: []
[2024-08-22T23:45:53.800+0200] {logging_mixin.py:188} INFO - Skipping invalid row: []
[2024-08-22T23:45:53.824+0200] {logging_mixin.py:188} INFO - Skipping invalid row: []
[2024-08-22T23:45:53.850+0200] {logging_mixin.py:188} INFO - Skipping invalid row: []
[2024-08-22T23:45:53.876+0200] {logging_mixin.py:188} INFO - Skipping invalid row: []
[2024-08-22T23:45:53.903+0200] {logging_mixin.py:188} INFO - Skipping invalid row: []
[2024-08-22T23:45:53.928+0200] {logging_mixin.py:188} INFO - Skipping invalid row: []
[2024-08-22T23:45:53.953+0200] {logging_mixin.py:188} INFO - Skipping invalid row: []
[2024-08-22T23:45:53.979+0200] {logging_mixin.py:188} INFO - Skipping invalid row: []
[2024-08-22T23:45:54.004+0200] {logging_mixin.py:188} INFO - Skipping invalid row: []
[2024-08-22T23:45:54.028+0200] {logging_mixin.py:188} INFO - Skipping invalid row: []
[2024-08-22T23:45:54.055+0200] {logging_mixin.py:188} INFO - Skipping invalid row: []
[2024-08-22T23:45:54.080+0200] {logging_mixin.py:188} INFO - Skipping invalid row: []
[2024-08-22T23:45:54.107+0200] {logging_mixin.py:188} INFO - Skipping invalid row: []
[2024-08-22T23:45:54.137+0200] {logging_mixin.py:188} INFO - Skipping invalid row: []
[2024-08-22T23:45:54.162+0200] {logging_mixin.py:188} INFO - Skipping invalid row: []
[2024-08-22T23:45:54.186+0200] {logging_mixin.py:188} INFO - Skipping invalid row: []
[2024-08-22T23:45:54.220+0200] {logging_mixin.py:188} INFO - Skipping invalid row: []
[2024-08-22T23:45:54.245+0200] {logging_mixin.py:188} INFO - Skipping invalid row: []
[2024-08-22T23:45:54.272+0200] {logging_mixin.py:188} INFO - Skipping invalid row: []
[2024-08-22T23:45:54.296+0200] {logging_mixin.py:188} INFO - Skipping invalid row: []
[2024-08-22T23:45:54.320+0200] {logging_mixin.py:188} INFO - Skipping invalid row: []
[2024-08-22T23:45:54.345+0200] {logging_mixin.py:188} INFO - Skipping invalid row: []
[2024-08-22T23:45:54.370+0200] {logging_mixin.py:188} INFO - Skipping invalid row: []
[2024-08-22T23:45:54.396+0200] {logging_mixin.py:188} INFO - Skipping invalid row: []
[2024-08-22T23:45:54.421+0200] {logging_mixin.py:188} INFO - Skipping invalid row: []
[2024-08-22T23:45:54.450+0200] {logging_mixin.py:188} INFO - Skipping invalid row: []
[2024-08-22T23:45:54.474+0200] {logging_mixin.py:188} INFO - Skipping invalid row: []
[2024-08-22T23:45:54.498+0200] {logging_mixin.py:188} INFO - Skipping invalid row: []
[2024-08-22T23:45:54.521+0200] {logging_mixin.py:188} INFO - Skipping invalid row: []
[2024-08-22T23:45:54.546+0200] {logging_mixin.py:188} INFO - Skipping invalid row: []
[2024-08-22T23:45:54.571+0200] {logging_mixin.py:188} INFO - Skipping invalid row: []
[2024-08-22T23:45:54.597+0200] {logging_mixin.py:188} INFO - Skipping invalid row: []
[2024-08-22T23:45:54.636+0200] {logging_mixin.py:188} INFO - Skipping invalid row: []
[2024-08-22T23:45:54.661+0200] {logging_mixin.py:188} INFO - Skipping invalid row: []
[2024-08-22T23:45:54.689+0200] {logging_mixin.py:188} INFO - Skipping invalid row: []
[2024-08-22T23:45:54.714+0200] {logging_mixin.py:188} INFO - Skipping invalid row: []
[2024-08-22T23:45:54.746+0200] {logging_mixin.py:188} INFO - Skipping invalid row: []
[2024-08-22T23:45:54.771+0200] {logging_mixin.py:188} INFO - Skipping invalid row: []
[2024-08-22T23:45:54.796+0200] {logging_mixin.py:188} INFO - Skipping invalid row: []
[2024-08-22T23:45:54.821+0200] {logging_mixin.py:188} INFO - Skipping invalid row: []
[2024-08-22T23:45:54.846+0200] {logging_mixin.py:188} INFO - Skipping invalid row: []
[2024-08-22T23:45:54.870+0200] {logging_mixin.py:188} INFO - Skipping invalid row: []
[2024-08-22T23:45:54.895+0200] {logging_mixin.py:188} INFO - Skipping invalid row: []
[2024-08-22T23:45:54.922+0200] {logging_mixin.py:188} INFO - Skipping invalid row: []
[2024-08-22T23:45:54.948+0200] {logging_mixin.py:188} INFO - Skipping invalid row: []
[2024-08-22T23:45:54.973+0200] {logging_mixin.py:188} INFO - Skipping invalid row: []
[2024-08-22T23:45:55.000+0200] {logging_mixin.py:188} INFO - Skipping invalid row: []
[2024-08-22T23:45:55.025+0200] {logging_mixin.py:188} INFO - Skipping invalid row: []
[2024-08-22T23:45:55.050+0200] {logging_mixin.py:188} INFO - Skipping invalid row: []
[2024-08-22T23:45:55.075+0200] {logging_mixin.py:188} INFO - Skipping invalid row: []
[2024-08-22T23:45:55.098+0200] {logging_mixin.py:188} INFO - Skipping invalid row: []
[2024-08-22T23:45:55.126+0200] {logging_mixin.py:188} INFO - Skipping invalid row: []
[2024-08-22T23:45:55.151+0200] {logging_mixin.py:188} INFO - Skipping invalid row: []
[2024-08-22T23:45:55.176+0200] {logging_mixin.py:188} INFO - Skipping invalid row: []
[2024-08-22T23:45:55.203+0200] {logging_mixin.py:188} INFO - Skipping invalid row: []
[2024-08-22T23:45:55.229+0200] {logging_mixin.py:188} INFO - Skipping invalid row: []
[2024-08-22T23:45:55.253+0200] {logging_mixin.py:188} INFO - Skipping invalid row: []
[2024-08-22T23:45:55.279+0200] {logging_mixin.py:188} INFO - Skipping invalid row: []
[2024-08-22T23:45:55.305+0200] {logging_mixin.py:188} INFO - Skipping invalid row: []
[2024-08-22T23:45:55.330+0200] {logging_mixin.py:188} INFO - Skipping invalid row: []
[2024-08-22T23:45:55.356+0200] {logging_mixin.py:188} INFO - Skipping invalid row: []
[2024-08-22T23:45:55.382+0200] {logging_mixin.py:188} INFO - Skipping invalid row: []
[2024-08-22T23:45:55.406+0200] {logging_mixin.py:188} INFO - Skipping invalid row: []
[2024-08-22T23:45:55.431+0200] {logging_mixin.py:188} INFO - Skipping invalid row: []
[2024-08-22T23:45:55.456+0200] {logging_mixin.py:188} INFO - Skipping invalid row: []
[2024-08-22T23:45:55.482+0200] {logging_mixin.py:188} INFO - Skipping invalid row: []
[2024-08-22T23:45:55.507+0200] {logging_mixin.py:188} INFO - Skipping invalid row: []
[2024-08-22T23:45:55.530+0200] {logging_mixin.py:188} INFO - Skipping invalid row: []
[2024-08-22T23:45:55.557+0200] {logging_mixin.py:188} INFO - Skipping invalid row: []
[2024-08-22T23:45:55.584+0200] {logging_mixin.py:188} INFO - Skipping invalid row: []
[2024-08-22T23:45:55.610+0200] {logging_mixin.py:188} INFO - Skipping invalid row: []
[2024-08-22T23:45:55.636+0200] {logging_mixin.py:188} INFO - Skipping invalid row: []
[2024-08-22T23:45:55.663+0200] {logging_mixin.py:188} INFO - Skipping invalid row: []
[2024-08-22T23:45:55.688+0200] {logging_mixin.py:188} INFO - Skipping invalid row: []
[2024-08-22T23:45:55.713+0200] {logging_mixin.py:188} INFO - Skipping invalid row: []
[2024-08-22T23:45:55.738+0200] {logging_mixin.py:188} INFO - Skipping invalid row: []
[2024-08-22T23:45:55.763+0200] {logging_mixin.py:188} INFO - Skipping invalid row: []
[2024-08-22T23:45:55.787+0200] {logging_mixin.py:188} INFO - Skipping invalid row: []
[2024-08-22T23:45:55.811+0200] {logging_mixin.py:188} INFO - Skipping invalid row: []
[2024-08-22T23:45:56.063+0200] {logging_mixin.py:188} INFO - Skipping invalid row: []
[2024-08-22T23:45:56.088+0200] {logging_mixin.py:188} INFO - Skipping invalid row: []
[2024-08-22T23:45:56.114+0200] {logging_mixin.py:188} INFO - Skipping invalid row: []
[2024-08-22T23:45:56.139+0200] {logging_mixin.py:188} INFO - Skipping invalid row: []
[2024-08-22T23:45:56.165+0200] {logging_mixin.py:188} INFO - Skipping invalid row: []
[2024-08-22T23:45:56.190+0200] {logging_mixin.py:188} INFO - Skipping invalid row: []
[2024-08-22T23:45:56.218+0200] {logging_mixin.py:188} INFO - Skipping invalid row: []
[2024-08-22T23:45:56.244+0200] {logging_mixin.py:188} INFO - Skipping invalid row: []
[2024-08-22T23:45:56.269+0200] {logging_mixin.py:188} INFO - Skipping invalid row: []
[2024-08-22T23:45:56.293+0200] {logging_mixin.py:188} INFO - Skipping invalid row: []
[2024-08-22T23:45:56.318+0200] {logging_mixin.py:188} INFO - Skipping invalid row: []
[2024-08-22T23:45:56.343+0200] {logging_mixin.py:188} INFO - Skipping invalid row: []
[2024-08-22T23:45:56.370+0200] {logging_mixin.py:188} INFO - Skipping invalid row: []
[2024-08-22T23:45:56.396+0200] {logging_mixin.py:188} INFO - Skipping invalid row: []
[2024-08-22T23:45:56.421+0200] {logging_mixin.py:188} INFO - Skipping invalid row: []
[2024-08-22T23:45:56.446+0200] {logging_mixin.py:188} INFO - Skipping invalid row: []
[2024-08-22T23:45:56.473+0200] {logging_mixin.py:188} INFO - Skipping invalid row: []
[2024-08-22T23:45:56.498+0200] {logging_mixin.py:188} INFO - Skipping invalid row: []
[2024-08-22T23:45:56.522+0200] {logging_mixin.py:188} INFO - Skipping invalid row: []
[2024-08-22T23:45:56.548+0200] {logging_mixin.py:188} INFO - Skipping invalid row: []
[2024-08-22T23:45:56.572+0200] {logging_mixin.py:188} INFO - Skipping invalid row: []
[2024-08-22T23:45:56.598+0200] {logging_mixin.py:188} INFO - Data uploaded successfully to PostgreSQL database.
[2024-08-22T23:45:56.599+0200] {python.py:201} INFO - Done. Returned value was: None
[2024-08-22T23:45:56.605+0200] {taskinstance.py:1138} INFO - Marking task as SUCCESS. dag_id=Ugoo-DAG, task_id=upload, execution_date=20240822T055000, start_date=20240822T214553, end_date=20240822T214556
[2024-08-22T23:45:56.657+0200] {local_task_job_runner.py:234} INFO - Task exited with return code 0
[2024-08-22T23:45:56.667+0200] {taskinstance.py:3281} INFO - 0 downstream tasks scheduled from follow-on schedule check
