[2024-08-22 22:35:00 +0200] [32181] [INFO] Starting gunicorn 21.2.0
[2024-08-22 22:35:00 +0200] [32181] [ERROR] Connection in use: ('::', 8793)
[2024-08-22 22:35:00 +0200] [32181] [ERROR] Retrying in 1 second.
[2024-08-22 22:35:01 +0200] [32181] [ERROR] Connection in use: ('::', 8793)
[2024-08-22 22:35:01 +0200] [32181] [ERROR] Retrying in 1 second.
[2024-08-22 22:35:02 +0200] [32181] [ERROR] Connection in use: ('::', 8793)
[2024-08-22 22:35:02 +0200] [32181] [ERROR] Retrying in 1 second.
[2024-08-22 22:35:03 +0200] [32181] [ERROR] Connection in use: ('::', 8793)
[2024-08-22 22:35:03 +0200] [32181] [ERROR] Retrying in 1 second.
[2024-08-22 22:35:04 +0200] [32181] [ERROR] Connection in use: ('::', 8793)
[2024-08-22 22:35:04 +0200] [32181] [ERROR] Retrying in 1 second.
[2024-08-22 22:35:05 +0200] [32181] [ERROR] Can't connect to ('::', 8793)
To https://github.com/dekoma4u/airflow-project.git
   be56016..b04009b  master -> master
To https://github.com/dekoma4u/airflow-project.git
   b04009b..3dcb3eb  master -> master
To https://github.com/dekoma4u/airflow-project.git
   3dcb3eb..f3d678b  master -> master
To https://github.com/dekoma4u/airflow-project.git
   f3d678b..9c3c3ff  master -> master
[2024-08-23 02:10:25 +0200] [19696] [CRITICAL] WORKER TIMEOUT (pid:19697)
[2024-08-23 02:10:25 +0200] [19696] [CRITICAL] WORKER TIMEOUT (pid:19699)
[2024-08-23 02:10:25 +0200] [19699] [INFO] Worker exiting (pid: 19699)
[2024-08-23 02:10:26 +0200] [19696] [ERROR] Worker (pid:19699) exited with code 1
[2024-08-23 02:10:26 +0200] [19696] [ERROR] Worker (pid:19699) exited with code 1.
[2024-08-23 02:10:25 +0200] [19697] [INFO] Worker exiting (pid: 19697)
[2024-08-23 02:10:26 +0200] [19696] [ERROR] Worker (pid:19697) was sent SIGKILL! Perhaps out of memory?
[2024-08-23 02:10:26 +0200] [72941] [INFO] Booting worker with pid: 72941
[2024-08-23 02:10:26 +0200] [72939] [INFO] Booting worker with pid: 72939
[2024-08-23 02:11:31 +0200] [19696] [CRITICAL] WORKER TIMEOUT (pid:72939)
[2024-08-23 02:11:31 +0200] [19696] [CRITICAL] WORKER TIMEOUT (pid:72941)
[2024-08-23 02:11:31 +0200] [72941] [INFO] Worker exiting (pid: 72941)
[2024-08-23 02:11:31 +0200] [72939] [INFO] Worker exiting (pid: 72939)
[2024-08-23 02:11:31 +0200] [19696] [ERROR] Worker (pid:72941) exited with code 1
[2024-08-23 02:11:31 +0200] [19696] [ERROR] Worker (pid:72941) exited with code 1.
[2024-08-23 02:11:31 +0200] [19696] [ERROR] Worker (pid:72939) exited with code 1
[2024-08-23 02:11:31 +0200] [19696] [ERROR] Worker (pid:72939) exited with code 1.
[2024-08-23 02:11:31 +0200] [72959] [INFO] Booting worker with pid: 72959
[2024-08-23 02:11:31 +0200] [72960] [INFO] Booting worker with pid: 72960
[2024-08-23 08:19:46 +0200] [19696] [CRITICAL] WORKER TIMEOUT (pid:72959)
[2024-08-23 08:19:46 +0200] [19696] [CRITICAL] WORKER TIMEOUT (pid:72960)
[2024-08-23 08:19:46 +0200] [72959] [INFO] Worker exiting (pid: 72959)
[2024-08-23 08:19:46 +0200] [72960] [INFO] Worker exiting (pid: 72960)
[2024-08-23 08:19:46 +0200] [19696] [ERROR] Worker (pid:72960) exited with code 1
[2024-08-23 08:19:46 +0200] [19696] [ERROR] Worker (pid:72960) exited with code 1.
[2024-08-23 08:19:46 +0200] [19696] [ERROR] Worker (pid:72959) exited with code 1
[2024-08-23 08:19:46 +0200] [19696] [ERROR] Worker (pid:72959) exited with code 1.
[2024-08-23 08:19:46 +0200] [72974] [INFO] Booting worker with pid: 72974
[2024-08-23 08:19:46 +0200] [72977] [INFO] Booting worker with pid: 72977
To https://github.com/dekoma4u/airflow-project.git
   9c3c3ff..ff77dce  master -> master
To https://github.com/dekoma4u/airflow-project.git
   ff77dce..5b8a364  master -> master
To https://github.com/dekoma4u/airflow-project.git
   5b8a364..ff80e40  master -> master
To https://github.com/dekoma4u/airflow-project.git
   ff80e40..a59a401  master -> master
To https://github.com/dekoma4u/airflow-project.git
   a59a401..ca60f03  master -> master
To https://github.com/dekoma4u/airflow-project.git
   ca60f03..4dce2c8  master -> master
To https://github.com/dekoma4u/airflow-project.git
   4dce2c8..36b594b  master -> master
To https://github.com/dekoma4u/airflow-project.git
   36b594b..433db76  master -> master
To https://github.com/dekoma4u/airflow-project.git
   433db76..0fb1d5a  master -> master
[2024-08-23 11:06:41 +0200] [19696] [CRITICAL] WORKER TIMEOUT (pid:72974)
[2024-08-23 11:06:42 +0200] [19696] [CRITICAL] WORKER TIMEOUT (pid:72977)
[2024-08-23 11:06:42 +0200] [72974] [INFO] Worker exiting (pid: 72974)
[2024-08-23 11:06:42 +0200] [72977] [INFO] Worker exiting (pid: 72977)
[2024-08-23 11:06:42 +0200] [19696] [ERROR] Worker (pid:72974) exited with code 1
[2024-08-23 11:06:42 +0200] [19696] [ERROR] Worker (pid:72977) exited with code 1
[2024-08-23 11:06:42 +0200] [19696] [ERROR] Worker (pid:72977) exited with code 1.
[2024-08-23 11:06:42 +0200] [19696] [ERROR] Worker (pid:72974) exited with code 1.
[2024-08-23 11:06:42 +0200] [103159] [INFO] Booting worker with pid: 103159
[2024-08-23 11:06:42 +0200] [103160] [INFO] Booting worker with pid: 103160
[2024-08-23 11:12:20 +0200] [19696] [CRITICAL] WORKER TIMEOUT (pid:103159)
[2024-08-23 11:12:20 +0200] [19696] [CRITICAL] WORKER TIMEOUT (pid:103160)
[2024-08-23 11:12:20 +0200] [103160] [INFO] Worker exiting (pid: 103160)
[2024-08-23 11:12:20 +0200] [103159] [INFO] Worker exiting (pid: 103159)
[2024-08-23 11:12:20 +0200] [19696] [ERROR] Worker (pid:103159) exited with code 1
[2024-08-23 11:12:20 +0200] [19696] [ERROR] Worker (pid:103159) exited with code 1.
[2024-08-23 11:12:20 +0200] [19696] [ERROR] Worker (pid:103160) exited with code 1
[2024-08-23 11:12:20 +0200] [19696] [ERROR] Worker (pid:103160) exited with code 1.
[2024-08-23 11:12:20 +0200] [103181] [INFO] Booting worker with pid: 103181
[2024-08-23 11:12:21 +0200] [103182] [INFO] Booting worker with pid: 103182
[2024-08-23 12:16:29 +0200] [19696] [CRITICAL] WORKER TIMEOUT (pid:103181)
[2024-08-23 12:16:29 +0200] [19696] [CRITICAL] WORKER TIMEOUT (pid:103182)
[2024-08-23 12:16:29 +0200] [103181] [INFO] Worker exiting (pid: 103181)
[2024-08-23 12:16:29 +0200] [103182] [INFO] Worker exiting (pid: 103182)
[2024-08-23 12:16:29 +0200] [19696] [ERROR] Worker (pid:103181) exited with code 1
[2024-08-23 12:16:29 +0200] [19696] [ERROR] Worker (pid:103181) exited with code 1.
[2024-08-23 12:16:29 +0200] [19696] [ERROR] Worker (pid:103182) exited with code 1
[2024-08-23 12:16:29 +0200] [19696] [ERROR] Worker (pid:103182) exited with code 1.
[2024-08-23 12:16:29 +0200] [103201] [INFO] Booting worker with pid: 103201
[2024-08-23 12:16:29 +0200] [103202] [INFO] Booting worker with pid: 103202
[2024-08-23 13:43:38 +0200] [19696] [CRITICAL] WORKER TIMEOUT (pid:103201)
[2024-08-23 13:43:38 +0200] [19696] [CRITICAL] WORKER TIMEOUT (pid:103202)
[2024-08-23 13:43:38 +0200] [103202] [INFO] Worker exiting (pid: 103202)
[2024-08-23 13:43:38 +0200] [19696] [ERROR] Worker (pid:103202) exited with code 1
[2024-08-23 13:43:38 +0200] [19696] [ERROR] Worker (pid:103202) exited with code 1.
[2024-08-23 13:43:39 +0200] [118346] [INFO] Booting worker with pid: 118346
[2024-08-23 13:43:40 +0200] [19696] [ERROR] Worker (pid:103201) was sent SIGKILL! Perhaps out of memory?
[2024-08-23 13:43:40 +0200] [118355] [INFO] Booting worker with pid: 118355
Traceback (most recent call last):
  File "/home/ugoo/airflow_env/bin/airflow", line 8, in <module>
    sys.exit(main())
  File "/home/ugoo/airflow_env/lib/python3.10/site-packages/airflow/__main__.py", line 57, in main
    args.func(args)
  File "/home/ugoo/airflow_env/lib/python3.10/site-packages/airflow/cli/cli_config.py", line 49, in command
    return func(*args, **kwargs)
  File "/home/ugoo/airflow_env/lib/python3.10/site-packages/airflow/utils/cli.py", line 114, in wrapper
    return f(*args, **kwargs)
  File "/home/ugoo/airflow_env/lib/python3.10/site-packages/airflow/cli/commands/task_command.py", line 438, in task_run
    task_return_code = _run_task_by_selected_method(args, _dag, ti)
  File "/home/ugoo/airflow_env/lib/python3.10/site-packages/airflow/cli/commands/task_command.py", line 216, in _run_task_by_selected_method
    return _run_task_by_local_task_job(args, ti)
  File "/home/ugoo/airflow_env/lib/python3.10/site-packages/airflow/cli/commands/task_command.py", line 278, in _run_task_by_local_task_job
    ret = run_job(job=job_runner.job, execute_callable=job_runner._execute)
  File "/home/ugoo/airflow_env/lib/python3.10/site-packages/airflow/utils/session.py", line 79, in wrapper
    return func(*args, session=session, **kwargs)
  File "/home/ugoo/airflow_env/lib/python3.10/site-packages/airflow/jobs/job.py", line 393, in run_job
    return execute_job(job, execute_callable=execute_callable)
  File "/home/ugoo/airflow_env/lib/python3.10/site-packages/airflow/jobs/job.py", line 422, in execute_job
    ret = execute_callable()
  File "/home/ugoo/airflow_env/lib/python3.10/site-packages/airflow/jobs/local_task_job_runner.py", line 212, in _execute
    raise AirflowException(
airflow.exceptions.AirflowException: Time since last heartbeat(1503.96s) exceeded limit (300s).
[2024-08-23 13:46:08 +0200] [19696] [CRITICAL] WORKER TIMEOUT (pid:118346)
[2024-08-23 13:46:08 +0200] [19696] [CRITICAL] WORKER TIMEOUT (pid:118355)
[2024-08-23 13:46:08 +0200] [118346] [INFO] Worker exiting (pid: 118346)
[2024-08-23 13:46:08 +0200] [118355] [INFO] Worker exiting (pid: 118355)
[2024-08-23 13:46:08 +0200] [19696] [ERROR] Worker (pid:118346) exited with code 1
[2024-08-23 13:46:08 +0200] [19696] [ERROR] Worker (pid:118346) exited with code 1.
[2024-08-23 13:46:08 +0200] [19696] [ERROR] Worker (pid:118355) exited with code 1
[2024-08-23 13:46:08 +0200] [19696] [ERROR] Worker (pid:118355) exited with code 1.
[2024-08-23 13:46:08 +0200] [118367] [INFO] Booting worker with pid: 118367
[2024-08-23 13:46:08 +0200] [118369] [INFO] Booting worker with pid: 118369
