[2024-08-22T23:41:48.054+0200] {taskinstance.py:1957} INFO - Dependencies all met for dep_context=non-requeueable deps ti=<TaskInstance: Ugoo-DAG.upload scheduled__2024-08-22T04:30:00+00:00 [queued]>
[2024-08-22T23:41:48.058+0200] {taskinstance.py:1957} INFO - Dependencies all met for dep_context=requeueable deps ti=<TaskInstance: Ugoo-DAG.upload scheduled__2024-08-22T04:30:00+00:00 [queued]>
[2024-08-22T23:41:48.058+0200] {taskinstance.py:2171} INFO - Starting attempt 2 of 2
[2024-08-22T23:41:48.071+0200] {taskinstance.py:2192} INFO - Executing <Task(PythonOperator): upload> on 2024-08-22 04:30:00+00:00
[2024-08-22T23:41:48.073+0200] {standard_task_runner.py:60} INFO - Started process 50666 to run task
[2024-08-22T23:41:48.075+0200] {standard_task_runner.py:87} INFO - Running: ['airflow', 'tasks', 'run', 'Ugoo-DAG', 'upload', 'scheduled__2024-08-22T04:30:00+00:00', '--job-id', '1010', '--raw', '--subdir', 'DAGS_FOLDER/datadownload.py', '--cfg-path', '/tmp/tmpulfa_jwq']
[2024-08-22T23:41:48.076+0200] {standard_task_runner.py:88} INFO - Job 1010: Subtask upload
[2024-08-22T23:41:48.102+0200] {task_command.py:423} INFO - Running <TaskInstance: Ugoo-DAG.upload scheduled__2024-08-22T04:30:00+00:00 [running]> on host Ugoo.
[2024-08-22T23:41:48.142+0200] {taskinstance.py:2481} INFO - Exporting env vars: AIRFLOW_CTX_DAG_EMAIL='ugoo@ezekomas.com' AIRFLOW_CTX_DAG_OWNER='Ugoo Ezekoma' AIRFLOW_CTX_DAG_ID='Ugoo-DAG' AIRFLOW_CTX_TASK_ID='upload' AIRFLOW_CTX_EXECUTION_DATE='2024-08-22T04:30:00+00:00' AIRFLOW_CTX_TRY_NUMBER='2' AIRFLOW_CTX_DAG_RUN_ID='scheduled__2024-08-22T04:30:00+00:00'
[2024-08-22T23:41:48.409+0200] {logging_mixin.py:188} INFO - Skipping invalid row: []
[2024-08-22T23:41:48.438+0200] {logging_mixin.py:188} INFO - Skipping invalid row: []
[2024-08-22T23:41:48.464+0200] {logging_mixin.py:188} INFO - Skipping invalid row: []
[2024-08-22T23:41:48.491+0200] {logging_mixin.py:188} INFO - Skipping invalid row: []
[2024-08-22T23:41:48.516+0200] {logging_mixin.py:188} INFO - Skipping invalid row: []
[2024-08-22T23:41:48.545+0200] {logging_mixin.py:188} INFO - Skipping invalid row: []
[2024-08-22T23:41:48.573+0200] {logging_mixin.py:188} INFO - Skipping invalid row: []
[2024-08-22T23:41:48.598+0200] {logging_mixin.py:188} INFO - Skipping invalid row: []
[2024-08-22T23:41:48.625+0200] {logging_mixin.py:188} INFO - Skipping invalid row: []
[2024-08-22T23:41:48.653+0200] {logging_mixin.py:188} INFO - Skipping invalid row: []
[2024-08-22T23:41:48.679+0200] {logging_mixin.py:188} INFO - Skipping invalid row: []
[2024-08-22T23:41:48.707+0200] {logging_mixin.py:188} INFO - Skipping invalid row: []
[2024-08-22T23:41:48.735+0200] {logging_mixin.py:188} INFO - Skipping invalid row: []
[2024-08-22T23:41:48.761+0200] {logging_mixin.py:188} INFO - Skipping invalid row: []
[2024-08-22T23:41:48.786+0200] {logging_mixin.py:188} INFO - Skipping invalid row: []
[2024-08-22T23:41:48.812+0200] {logging_mixin.py:188} INFO - Skipping invalid row: []
[2024-08-22T23:41:48.838+0200] {logging_mixin.py:188} INFO - Skipping invalid row: []
[2024-08-22T23:41:48.859+0200] {logging_mixin.py:188} INFO - Skipping invalid row: []
[2024-08-22T23:41:48.886+0200] {logging_mixin.py:188} INFO - Skipping invalid row: []
[2024-08-22T23:41:48.910+0200] {logging_mixin.py:188} INFO - Skipping invalid row: []
[2024-08-22T23:41:48.934+0200] {logging_mixin.py:188} INFO - Skipping invalid row: []
[2024-08-22T23:41:48.959+0200] {logging_mixin.py:188} INFO - Skipping invalid row: []
[2024-08-22T23:41:48.982+0200] {logging_mixin.py:188} INFO - Skipping invalid row: []
[2024-08-22T23:41:49.009+0200] {logging_mixin.py:188} INFO - Skipping invalid row: []
[2024-08-22T23:41:49.039+0200] {logging_mixin.py:188} INFO - Skipping invalid row: []
[2024-08-22T23:41:49.065+0200] {logging_mixin.py:188} INFO - Skipping invalid row: []
[2024-08-22T23:41:49.091+0200] {logging_mixin.py:188} INFO - Skipping invalid row: []
[2024-08-22T23:41:49.118+0200] {logging_mixin.py:188} INFO - Skipping invalid row: []
[2024-08-22T23:41:49.142+0200] {logging_mixin.py:188} INFO - Skipping invalid row: []
[2024-08-22T23:41:49.169+0200] {logging_mixin.py:188} INFO - Skipping invalid row: []
[2024-08-22T23:41:49.194+0200] {logging_mixin.py:188} INFO - Skipping invalid row: []
[2024-08-22T23:41:49.235+0200] {logging_mixin.py:188} INFO - Skipping invalid row: []
[2024-08-22T23:41:49.262+0200] {logging_mixin.py:188} INFO - Skipping invalid row: []
[2024-08-22T23:41:49.287+0200] {logging_mixin.py:188} INFO - Skipping invalid row: []
[2024-08-22T23:41:49.316+0200] {logging_mixin.py:188} INFO - Skipping invalid row: []
[2024-08-22T23:41:49.342+0200] {logging_mixin.py:188} INFO - Skipping invalid row: []
[2024-08-22T23:41:49.366+0200] {logging_mixin.py:188} INFO - Skipping invalid row: []
[2024-08-22T23:41:49.392+0200] {logging_mixin.py:188} INFO - Skipping invalid row: []
[2024-08-22T23:41:49.417+0200] {logging_mixin.py:188} INFO - Skipping invalid row: []
[2024-08-22T23:41:49.444+0200] {logging_mixin.py:188} INFO - Skipping invalid row: []
[2024-08-22T23:41:49.475+0200] {logging_mixin.py:188} INFO - Skipping invalid row: []
[2024-08-22T23:41:49.500+0200] {logging_mixin.py:188} INFO - Skipping invalid row: []
[2024-08-22T23:41:49.525+0200] {logging_mixin.py:188} INFO - Skipping invalid row: []
[2024-08-22T23:41:49.549+0200] {logging_mixin.py:188} INFO - Skipping invalid row: []
[2024-08-22T23:41:49.575+0200] {logging_mixin.py:188} INFO - Skipping invalid row: []
[2024-08-22T23:41:49.601+0200] {logging_mixin.py:188} INFO - Skipping invalid row: []
[2024-08-22T23:41:49.628+0200] {logging_mixin.py:188} INFO - Skipping invalid row: []
[2024-08-22T23:41:49.661+0200] {logging_mixin.py:188} INFO - Skipping invalid row: []
[2024-08-22T23:41:49.686+0200] {logging_mixin.py:188} INFO - Skipping invalid row: []
[2024-08-22T23:41:49.710+0200] {logging_mixin.py:188} INFO - Skipping invalid row: []
[2024-08-22T23:41:49.735+0200] {logging_mixin.py:188} INFO - Skipping invalid row: []
[2024-08-22T23:41:49.759+0200] {logging_mixin.py:188} INFO - Skipping invalid row: []
[2024-08-22T23:41:49.784+0200] {logging_mixin.py:188} INFO - Skipping invalid row: []
[2024-08-22T23:41:49.808+0200] {logging_mixin.py:188} INFO - Skipping invalid row: []
[2024-08-22T23:41:49.832+0200] {logging_mixin.py:188} INFO - Skipping invalid row: []
[2024-08-22T23:41:49.856+0200] {logging_mixin.py:188} INFO - Skipping invalid row: []
[2024-08-22T23:41:49.883+0200] {logging_mixin.py:188} INFO - Skipping invalid row: []
[2024-08-22T23:41:49.907+0200] {logging_mixin.py:188} INFO - Skipping invalid row: []
[2024-08-22T23:41:49.932+0200] {logging_mixin.py:188} INFO - Skipping invalid row: []
[2024-08-22T23:41:49.958+0200] {logging_mixin.py:188} INFO - Skipping invalid row: []
[2024-08-22T23:41:49.985+0200] {logging_mixin.py:188} INFO - Skipping invalid row: []
[2024-08-22T23:41:50.009+0200] {logging_mixin.py:188} INFO - Skipping invalid row: []
[2024-08-22T23:41:50.034+0200] {logging_mixin.py:188} INFO - Skipping invalid row: []
[2024-08-22T23:41:50.060+0200] {logging_mixin.py:188} INFO - Skipping invalid row: []
[2024-08-22T23:41:50.084+0200] {logging_mixin.py:188} INFO - Skipping invalid row: []
[2024-08-22T23:41:50.109+0200] {logging_mixin.py:188} INFO - Skipping invalid row: []
[2024-08-22T23:41:50.138+0200] {logging_mixin.py:188} INFO - Skipping invalid row: []
[2024-08-22T23:41:50.164+0200] {logging_mixin.py:188} INFO - Skipping invalid row: []
[2024-08-22T23:41:50.189+0200] {logging_mixin.py:188} INFO - Skipping invalid row: []
[2024-08-22T23:41:50.213+0200] {logging_mixin.py:188} INFO - Skipping invalid row: []
[2024-08-22T23:41:50.240+0200] {logging_mixin.py:188} INFO - Skipping invalid row: []
[2024-08-22T23:41:50.264+0200] {logging_mixin.py:188} INFO - Skipping invalid row: []
[2024-08-22T23:41:50.289+0200] {logging_mixin.py:188} INFO - Skipping invalid row: []
[2024-08-22T23:41:50.314+0200] {logging_mixin.py:188} INFO - Skipping invalid row: []
[2024-08-22T23:41:50.339+0200] {logging_mixin.py:188} INFO - Skipping invalid row: []
[2024-08-22T23:41:50.364+0200] {logging_mixin.py:188} INFO - Skipping invalid row: []
[2024-08-22T23:41:50.388+0200] {logging_mixin.py:188} INFO - Skipping invalid row: []
[2024-08-22T23:41:50.413+0200] {logging_mixin.py:188} INFO - Skipping invalid row: []
[2024-08-22T23:41:50.438+0200] {logging_mixin.py:188} INFO - Skipping invalid row: []
[2024-08-22T23:41:50.462+0200] {logging_mixin.py:188} INFO - Skipping invalid row: []
[2024-08-22T23:41:50.486+0200] {logging_mixin.py:188} INFO - Skipping invalid row: []
[2024-08-22T23:41:50.512+0200] {logging_mixin.py:188} INFO - Skipping invalid row: []
[2024-08-22T23:41:50.541+0200] {logging_mixin.py:188} INFO - Skipping invalid row: []
[2024-08-22T23:41:50.565+0200] {logging_mixin.py:188} INFO - Skipping invalid row: []
[2024-08-22T23:41:50.590+0200] {logging_mixin.py:188} INFO - Skipping invalid row: []
[2024-08-22T23:41:50.616+0200] {logging_mixin.py:188} INFO - Skipping invalid row: []
[2024-08-22T23:41:50.641+0200] {logging_mixin.py:188} INFO - Skipping invalid row: []
[2024-08-22T23:41:50.665+0200] {logging_mixin.py:188} INFO - Skipping invalid row: []
[2024-08-22T23:41:50.689+0200] {logging_mixin.py:188} INFO - Skipping invalid row: []
[2024-08-22T23:41:50.714+0200] {logging_mixin.py:188} INFO - Skipping invalid row: []
[2024-08-22T23:41:50.738+0200] {logging_mixin.py:188} INFO - Skipping invalid row: []
[2024-08-22T23:41:50.766+0200] {logging_mixin.py:188} INFO - Skipping invalid row: []
[2024-08-22T23:41:50.789+0200] {logging_mixin.py:188} INFO - Skipping invalid row: []
[2024-08-22T23:41:50.817+0200] {logging_mixin.py:188} INFO - Skipping invalid row: []
[2024-08-22T23:41:50.842+0200] {logging_mixin.py:188} INFO - Skipping invalid row: []
[2024-08-22T23:41:50.867+0200] {logging_mixin.py:188} INFO - Skipping invalid row: []
[2024-08-22T23:41:50.893+0200] {logging_mixin.py:188} INFO - Skipping invalid row: []
[2024-08-22T23:41:50.928+0200] {logging_mixin.py:188} INFO - Skipping invalid row: []
[2024-08-22T23:41:50.952+0200] {logging_mixin.py:188} INFO - Skipping invalid row: []
[2024-08-22T23:41:50.976+0200] {logging_mixin.py:188} INFO - Skipping invalid row: []
[2024-08-22T23:41:51.000+0200] {logging_mixin.py:188} INFO - Skipping invalid row: []
[2024-08-22T23:41:51.027+0200] {logging_mixin.py:188} INFO - Data uploaded successfully to PostgreSQL database.
[2024-08-22T23:41:51.027+0200] {python.py:201} INFO - Done. Returned value was: None
[2024-08-22T23:41:51.033+0200] {taskinstance.py:1138} INFO - Marking task as SUCCESS. dag_id=Ugoo-DAG, task_id=upload, execution_date=20240822T043000, start_date=20240822T214148, end_date=20240822T214151
[2024-08-22T23:41:51.068+0200] {local_task_job_runner.py:234} INFO - Task exited with return code 0
[2024-08-22T23:41:51.079+0200] {taskinstance.py:3281} INFO - 0 downstream tasks scheduled from follow-on schedule check
