[2024-08-22T23:51:52.507+0200] {taskinstance.py:1957} INFO - Dependencies all met for dep_context=non-requeueable deps ti=<TaskInstance: Ugoo-DAG.upload manual__2024-08-22T21:51:44.685752+00:00 [queued]>
[2024-08-22T23:51:52.514+0200] {taskinstance.py:1957} INFO - Dependencies all met for dep_context=requeueable deps ti=<TaskInstance: Ugoo-DAG.upload manual__2024-08-22T21:51:44.685752+00:00 [queued]>
[2024-08-22T23:51:52.514+0200] {taskinstance.py:2171} INFO - Starting attempt 1 of 2
[2024-08-22T23:51:52.528+0200] {taskinstance.py:2192} INFO - Executing <Task(PythonOperator): upload> on 2024-08-22 21:51:44.685752+00:00
[2024-08-22T23:51:52.529+0200] {standard_task_runner.py:60} INFO - Started process 53475 to run task
[2024-08-22T23:51:52.532+0200] {standard_task_runner.py:87} INFO - Running: ['airflow', 'tasks', 'run', 'Ugoo-DAG', 'upload', 'manual__2024-08-22T21:51:44.685752+00:00', '--job-id', '1154', '--raw', '--subdir', 'DAGS_FOLDER/datadownload.py', '--cfg-path', '/tmp/tmpxhda077t']
[2024-08-22T23:51:52.536+0200] {standard_task_runner.py:88} INFO - Job 1154: Subtask upload
[2024-08-22T23:51:52.559+0200] {task_command.py:423} INFO - Running <TaskInstance: Ugoo-DAG.upload manual__2024-08-22T21:51:44.685752+00:00 [running]> on host Ugoo.
[2024-08-22T23:51:52.614+0200] {taskinstance.py:2481} INFO - Exporting env vars: AIRFLOW_CTX_DAG_EMAIL='ugoo@ezekomas.com' AIRFLOW_CTX_DAG_OWNER='Ugoo Ezekoma' AIRFLOW_CTX_DAG_ID='Ugoo-DAG' AIRFLOW_CTX_TASK_ID='upload' AIRFLOW_CTX_EXECUTION_DATE='2024-08-22T21:51:44.685752+00:00' AIRFLOW_CTX_TRY_NUMBER='1' AIRFLOW_CTX_DAG_RUN_ID='manual__2024-08-22T21:51:44.685752+00:00'
[2024-08-22T23:51:52.886+0200] {logging_mixin.py:188} INFO - Skipping invalid row: []
[2024-08-22T23:51:52.916+0200] {logging_mixin.py:188} INFO - Skipping invalid row: []
[2024-08-22T23:51:52.940+0200] {logging_mixin.py:188} INFO - Skipping invalid row: []
[2024-08-22T23:51:52.963+0200] {logging_mixin.py:188} INFO - Skipping invalid row: []
[2024-08-22T23:51:52.986+0200] {logging_mixin.py:188} INFO - Skipping invalid row: []
[2024-08-22T23:51:53.010+0200] {logging_mixin.py:188} INFO - Skipping invalid row: []
[2024-08-22T23:51:53.032+0200] {logging_mixin.py:188} INFO - Skipping invalid row: []
[2024-08-22T23:51:53.057+0200] {logging_mixin.py:188} INFO - Skipping invalid row: []
[2024-08-22T23:51:53.081+0200] {logging_mixin.py:188} INFO - Skipping invalid row: []
[2024-08-22T23:51:53.104+0200] {logging_mixin.py:188} INFO - Skipping invalid row: []
[2024-08-22T23:51:53.126+0200] {logging_mixin.py:188} INFO - Skipping invalid row: []
[2024-08-22T23:51:53.150+0200] {logging_mixin.py:188} INFO - Skipping invalid row: []
[2024-08-22T23:51:53.175+0200] {logging_mixin.py:188} INFO - Skipping invalid row: []
[2024-08-22T23:51:53.200+0200] {logging_mixin.py:188} INFO - Skipping invalid row: []
[2024-08-22T23:51:53.222+0200] {logging_mixin.py:188} INFO - Skipping invalid row: []
[2024-08-22T23:51:53.246+0200] {logging_mixin.py:188} INFO - Skipping invalid row: []
[2024-08-22T23:51:53.272+0200] {logging_mixin.py:188} INFO - Skipping invalid row: []
[2024-08-22T23:51:53.294+0200] {logging_mixin.py:188} INFO - Skipping invalid row: []
[2024-08-22T23:51:53.321+0200] {logging_mixin.py:188} INFO - Skipping invalid row: []
[2024-08-22T23:51:53.343+0200] {logging_mixin.py:188} INFO - Skipping invalid row: []
[2024-08-22T23:51:53.366+0200] {logging_mixin.py:188} INFO - Skipping invalid row: []
[2024-08-22T23:51:53.389+0200] {logging_mixin.py:188} INFO - Skipping invalid row: []
[2024-08-22T23:51:53.411+0200] {logging_mixin.py:188} INFO - Skipping invalid row: []
[2024-08-22T23:51:53.434+0200] {logging_mixin.py:188} INFO - Skipping invalid row: []
[2024-08-22T23:51:53.458+0200] {logging_mixin.py:188} INFO - Skipping invalid row: []
[2024-08-22T23:51:53.481+0200] {logging_mixin.py:188} INFO - Skipping invalid row: []
[2024-08-22T23:51:53.508+0200] {logging_mixin.py:188} INFO - Skipping invalid row: []
[2024-08-22T23:51:53.531+0200] {logging_mixin.py:188} INFO - Skipping invalid row: []
[2024-08-22T23:51:53.557+0200] {logging_mixin.py:188} INFO - Skipping invalid row: []
[2024-08-22T23:51:53.582+0200] {logging_mixin.py:188} INFO - Skipping invalid row: []
[2024-08-22T23:51:53.604+0200] {logging_mixin.py:188} INFO - Skipping invalid row: []
[2024-08-22T23:51:53.629+0200] {logging_mixin.py:188} INFO - Skipping invalid row: []
[2024-08-22T23:51:53.655+0200] {logging_mixin.py:188} INFO - Skipping invalid row: []
[2024-08-22T23:51:53.681+0200] {logging_mixin.py:188} INFO - Skipping invalid row: []
[2024-08-22T23:51:53.707+0200] {logging_mixin.py:188} INFO - Skipping invalid row: []
[2024-08-22T23:51:53.731+0200] {logging_mixin.py:188} INFO - Skipping invalid row: []
[2024-08-22T23:51:53.755+0200] {logging_mixin.py:188} INFO - Skipping invalid row: []
[2024-08-22T23:51:53.778+0200] {logging_mixin.py:188} INFO - Skipping invalid row: []
[2024-08-22T23:51:53.802+0200] {logging_mixin.py:188} INFO - Skipping invalid row: []
[2024-08-22T23:51:53.825+0200] {logging_mixin.py:188} INFO - Skipping invalid row: []
[2024-08-22T23:51:53.851+0200] {logging_mixin.py:188} INFO - Skipping invalid row: []
[2024-08-22T23:51:53.874+0200] {logging_mixin.py:188} INFO - Skipping invalid row: []
[2024-08-22T23:51:53.898+0200] {logging_mixin.py:188} INFO - Skipping invalid row: []
[2024-08-22T23:51:53.923+0200] {logging_mixin.py:188} INFO - Skipping invalid row: []
[2024-08-22T23:51:53.946+0200] {logging_mixin.py:188} INFO - Skipping invalid row: []
[2024-08-22T23:51:53.972+0200] {logging_mixin.py:188} INFO - Skipping invalid row: []
[2024-08-22T23:51:54.001+0200] {logging_mixin.py:188} INFO - Skipping invalid row: []
[2024-08-22T23:51:54.031+0200] {logging_mixin.py:188} INFO - Skipping invalid row: []
[2024-08-22T23:51:54.057+0200] {logging_mixin.py:188} INFO - Skipping invalid row: []
[2024-08-22T23:51:54.080+0200] {logging_mixin.py:188} INFO - Skipping invalid row: []
[2024-08-22T23:51:54.104+0200] {logging_mixin.py:188} INFO - Skipping invalid row: []
[2024-08-22T23:51:54.127+0200] {logging_mixin.py:188} INFO - Skipping invalid row: []
[2024-08-22T23:51:54.150+0200] {logging_mixin.py:188} INFO - Skipping invalid row: []
[2024-08-22T23:51:54.175+0200] {logging_mixin.py:188} INFO - Skipping invalid row: []
[2024-08-22T23:51:54.198+0200] {logging_mixin.py:188} INFO - Skipping invalid row: []
[2024-08-22T23:51:54.227+0200] {logging_mixin.py:188} INFO - Skipping invalid row: []
[2024-08-22T23:51:54.250+0200] {logging_mixin.py:188} INFO - Skipping invalid row: []
[2024-08-22T23:51:54.273+0200] {logging_mixin.py:188} INFO - Skipping invalid row: []
[2024-08-22T23:51:54.298+0200] {logging_mixin.py:188} INFO - Skipping invalid row: []
[2024-08-22T23:51:54.329+0200] {logging_mixin.py:188} INFO - Skipping invalid row: []
[2024-08-22T23:51:54.357+0200] {logging_mixin.py:188} INFO - Skipping invalid row: []
[2024-08-22T23:51:54.380+0200] {logging_mixin.py:188} INFO - Skipping invalid row: []
[2024-08-22T23:51:54.403+0200] {logging_mixin.py:188} INFO - Skipping invalid row: []
[2024-08-22T23:51:54.431+0200] {logging_mixin.py:188} INFO - Skipping invalid row: []
[2024-08-22T23:51:54.456+0200] {logging_mixin.py:188} INFO - Skipping invalid row: []
[2024-08-22T23:51:54.480+0200] {logging_mixin.py:188} INFO - Skipping invalid row: []
[2024-08-22T23:51:54.503+0200] {logging_mixin.py:188} INFO - Skipping invalid row: []
[2024-08-22T23:51:54.528+0200] {logging_mixin.py:188} INFO - Skipping invalid row: []
[2024-08-22T23:51:54.551+0200] {logging_mixin.py:188} INFO - Skipping invalid row: []
[2024-08-22T23:51:54.574+0200] {logging_mixin.py:188} INFO - Skipping invalid row: []
[2024-08-22T23:51:54.597+0200] {logging_mixin.py:188} INFO - Skipping invalid row: []
[2024-08-22T23:51:54.621+0200] {logging_mixin.py:188} INFO - Skipping invalid row: []
[2024-08-22T23:51:54.644+0200] {logging_mixin.py:188} INFO - Skipping invalid row: []
[2024-08-22T23:51:54.670+0200] {logging_mixin.py:188} INFO - Skipping invalid row: []
[2024-08-22T23:51:54.696+0200] {logging_mixin.py:188} INFO - Skipping invalid row: []
[2024-08-22T23:51:54.721+0200] {logging_mixin.py:188} INFO - Skipping invalid row: []
[2024-08-22T23:51:54.748+0200] {logging_mixin.py:188} INFO - Skipping invalid row: []
[2024-08-22T23:51:54.772+0200] {logging_mixin.py:188} INFO - Skipping invalid row: []
[2024-08-22T23:51:54.796+0200] {logging_mixin.py:188} INFO - Skipping invalid row: []
[2024-08-22T23:51:54.823+0200] {logging_mixin.py:188} INFO - Skipping invalid row: []
[2024-08-22T23:51:54.846+0200] {logging_mixin.py:188} INFO - Skipping invalid row: []
[2024-08-22T23:51:54.871+0200] {logging_mixin.py:188} INFO - Skipping invalid row: []
[2024-08-22T23:51:54.894+0200] {logging_mixin.py:188} INFO - Skipping invalid row: []
[2024-08-22T23:51:54.918+0200] {logging_mixin.py:188} INFO - Skipping invalid row: []
[2024-08-22T23:51:54.942+0200] {logging_mixin.py:188} INFO - Skipping invalid row: []
[2024-08-22T23:51:54.965+0200] {logging_mixin.py:188} INFO - Skipping invalid row: []
[2024-08-22T23:51:54.989+0200] {logging_mixin.py:188} INFO - Skipping invalid row: []
[2024-08-22T23:51:55.015+0200] {logging_mixin.py:188} INFO - Skipping invalid row: []
[2024-08-22T23:51:55.042+0200] {logging_mixin.py:188} INFO - Skipping invalid row: []
[2024-08-22T23:51:55.065+0200] {logging_mixin.py:188} INFO - Skipping invalid row: []
[2024-08-22T23:51:55.087+0200] {logging_mixin.py:188} INFO - Skipping invalid row: []
[2024-08-22T23:51:55.113+0200] {logging_mixin.py:188} INFO - Skipping invalid row: []
[2024-08-22T23:51:55.135+0200] {logging_mixin.py:188} INFO - Skipping invalid row: []
[2024-08-22T23:51:55.161+0200] {logging_mixin.py:188} INFO - Skipping invalid row: []
[2024-08-22T23:51:55.185+0200] {logging_mixin.py:188} INFO - Skipping invalid row: []
[2024-08-22T23:51:55.213+0200] {logging_mixin.py:188} INFO - Skipping invalid row: []
[2024-08-22T23:51:55.236+0200] {logging_mixin.py:188} INFO - Skipping invalid row: []
[2024-08-22T23:51:55.259+0200] {logging_mixin.py:188} INFO - Skipping invalid row: []
[2024-08-22T23:51:55.282+0200] {logging_mixin.py:188} INFO - Skipping invalid row: []
[2024-08-22T23:51:55.309+0200] {logging_mixin.py:188} INFO - Skipping invalid row: []
[2024-08-22T23:51:55.333+0200] {logging_mixin.py:188} INFO - Skipping invalid row: []
[2024-08-22T23:51:55.358+0200] {logging_mixin.py:188} INFO - Data uploaded successfully to PostgreSQL database.
[2024-08-22T23:51:55.359+0200] {python.py:201} INFO - Done. Returned value was: None
[2024-08-22T23:51:55.363+0200] {taskinstance.py:1138} INFO - Marking task as SUCCESS. dag_id=Ugoo-DAG, task_id=upload, execution_date=20240822T215144, start_date=20240822T215152, end_date=20240822T215155
[2024-08-22T23:51:55.400+0200] {local_task_job_runner.py:234} INFO - Task exited with return code 0
[2024-08-22T23:51:55.410+0200] {taskinstance.py:3281} INFO - 0 downstream tasks scheduled from follow-on schedule check
