[2024-08-22T23:42:07.520+0200] {taskinstance.py:1957} INFO - Dependencies all met for dep_context=non-requeueable deps ti=<TaskInstance: Ugoo-DAG.upload scheduled__2024-08-22T04:31:00+00:00 [queued]>
[2024-08-22T23:42:07.523+0200] {taskinstance.py:1957} INFO - Dependencies all met for dep_context=requeueable deps ti=<TaskInstance: Ugoo-DAG.upload scheduled__2024-08-22T04:31:00+00:00 [queued]>
[2024-08-22T23:42:07.523+0200] {taskinstance.py:2171} INFO - Starting attempt 2 of 2
[2024-08-22T23:42:07.536+0200] {taskinstance.py:2192} INFO - Executing <Task(PythonOperator): upload> on 2024-08-22 04:31:00+00:00
[2024-08-22T23:42:07.538+0200] {standard_task_runner.py:60} INFO - Started process 50757 to run task
[2024-08-22T23:42:07.540+0200] {standard_task_runner.py:87} INFO - Running: ['airflow', 'tasks', 'run', 'Ugoo-DAG', 'upload', 'scheduled__2024-08-22T04:31:00+00:00', '--job-id', '1016', '--raw', '--subdir', 'DAGS_FOLDER/datadownload.py', '--cfg-path', '/tmp/tmpbe0xbdyf']
[2024-08-22T23:42:07.542+0200] {standard_task_runner.py:88} INFO - Job 1016: Subtask upload
[2024-08-22T23:42:07.566+0200] {task_command.py:423} INFO - Running <TaskInstance: Ugoo-DAG.upload scheduled__2024-08-22T04:31:00+00:00 [running]> on host Ugoo.
[2024-08-22T23:42:07.605+0200] {taskinstance.py:2481} INFO - Exporting env vars: AIRFLOW_CTX_DAG_EMAIL='ugoo@ezekomas.com' AIRFLOW_CTX_DAG_OWNER='Ugoo Ezekoma' AIRFLOW_CTX_DAG_ID='Ugoo-DAG' AIRFLOW_CTX_TASK_ID='upload' AIRFLOW_CTX_EXECUTION_DATE='2024-08-22T04:31:00+00:00' AIRFLOW_CTX_TRY_NUMBER='2' AIRFLOW_CTX_DAG_RUN_ID='scheduled__2024-08-22T04:31:00+00:00'
[2024-08-22T23:42:07.867+0200] {logging_mixin.py:188} INFO - Skipping invalid row: []
[2024-08-22T23:42:07.898+0200] {logging_mixin.py:188} INFO - Skipping invalid row: []
[2024-08-22T23:42:07.923+0200] {logging_mixin.py:188} INFO - Skipping invalid row: []
[2024-08-22T23:42:07.947+0200] {logging_mixin.py:188} INFO - Skipping invalid row: []
[2024-08-22T23:42:07.971+0200] {logging_mixin.py:188} INFO - Skipping invalid row: []
[2024-08-22T23:42:07.996+0200] {logging_mixin.py:188} INFO - Skipping invalid row: []
[2024-08-22T23:42:08.025+0200] {logging_mixin.py:188} INFO - Skipping invalid row: []
[2024-08-22T23:42:08.051+0200] {logging_mixin.py:188} INFO - Skipping invalid row: []
[2024-08-22T23:42:08.076+0200] {logging_mixin.py:188} INFO - Skipping invalid row: []
[2024-08-22T23:42:08.102+0200] {logging_mixin.py:188} INFO - Skipping invalid row: []
[2024-08-22T23:42:08.130+0200] {logging_mixin.py:188} INFO - Skipping invalid row: []
[2024-08-22T23:42:08.156+0200] {logging_mixin.py:188} INFO - Skipping invalid row: []
[2024-08-22T23:42:08.182+0200] {logging_mixin.py:188} INFO - Skipping invalid row: []
[2024-08-22T23:42:08.207+0200] {logging_mixin.py:188} INFO - Skipping invalid row: []
[2024-08-22T23:42:08.240+0200] {logging_mixin.py:188} INFO - Skipping invalid row: []
[2024-08-22T23:42:08.266+0200] {logging_mixin.py:188} INFO - Skipping invalid row: []
[2024-08-22T23:42:08.293+0200] {logging_mixin.py:188} INFO - Skipping invalid row: []
[2024-08-22T23:42:08.317+0200] {logging_mixin.py:188} INFO - Skipping invalid row: []
[2024-08-22T23:42:08.343+0200] {logging_mixin.py:188} INFO - Skipping invalid row: []
[2024-08-22T23:42:08.368+0200] {logging_mixin.py:188} INFO - Skipping invalid row: []
[2024-08-22T23:42:08.395+0200] {logging_mixin.py:188} INFO - Skipping invalid row: []
[2024-08-22T23:42:08.421+0200] {logging_mixin.py:188} INFO - Skipping invalid row: []
[2024-08-22T23:42:08.446+0200] {logging_mixin.py:188} INFO - Skipping invalid row: []
[2024-08-22T23:42:08.470+0200] {logging_mixin.py:188} INFO - Skipping invalid row: []
[2024-08-22T23:42:08.495+0200] {logging_mixin.py:188} INFO - Skipping invalid row: []
[2024-08-22T23:42:08.522+0200] {logging_mixin.py:188} INFO - Skipping invalid row: []
[2024-08-22T23:42:08.546+0200] {logging_mixin.py:188} INFO - Skipping invalid row: []
[2024-08-22T23:42:08.572+0200] {logging_mixin.py:188} INFO - Skipping invalid row: []
[2024-08-22T23:42:08.599+0200] {logging_mixin.py:188} INFO - Skipping invalid row: []
[2024-08-22T23:42:08.631+0200] {logging_mixin.py:188} INFO - Skipping invalid row: []
[2024-08-22T23:42:08.659+0200] {logging_mixin.py:188} INFO - Skipping invalid row: []
[2024-08-22T23:42:08.690+0200] {logging_mixin.py:188} INFO - Skipping invalid row: []
[2024-08-22T23:42:08.719+0200] {logging_mixin.py:188} INFO - Skipping invalid row: []
[2024-08-22T23:42:08.742+0200] {logging_mixin.py:188} INFO - Skipping invalid row: []
[2024-08-22T23:42:08.769+0200] {logging_mixin.py:188} INFO - Skipping invalid row: []
[2024-08-22T23:42:08.794+0200] {logging_mixin.py:188} INFO - Skipping invalid row: []
[2024-08-22T23:42:08.819+0200] {logging_mixin.py:188} INFO - Skipping invalid row: []
[2024-08-22T23:42:08.844+0200] {logging_mixin.py:188} INFO - Skipping invalid row: []
[2024-08-22T23:42:08.871+0200] {logging_mixin.py:188} INFO - Skipping invalid row: []
[2024-08-22T23:42:08.897+0200] {logging_mixin.py:188} INFO - Skipping invalid row: []
[2024-08-22T23:42:08.922+0200] {logging_mixin.py:188} INFO - Skipping invalid row: []
[2024-08-22T23:42:08.947+0200] {logging_mixin.py:188} INFO - Skipping invalid row: []
[2024-08-22T23:42:08.973+0200] {logging_mixin.py:188} INFO - Skipping invalid row: []
[2024-08-22T23:42:08.996+0200] {logging_mixin.py:188} INFO - Skipping invalid row: []
[2024-08-22T23:42:09.021+0200] {logging_mixin.py:188} INFO - Skipping invalid row: []
[2024-08-22T23:42:09.045+0200] {logging_mixin.py:188} INFO - Skipping invalid row: []
[2024-08-22T23:42:09.071+0200] {logging_mixin.py:188} INFO - Skipping invalid row: []
[2024-08-22T23:42:09.095+0200] {logging_mixin.py:188} INFO - Skipping invalid row: []
[2024-08-22T23:42:09.121+0200] {logging_mixin.py:188} INFO - Skipping invalid row: []
[2024-08-22T23:42:09.145+0200] {logging_mixin.py:188} INFO - Skipping invalid row: []
[2024-08-22T23:42:09.172+0200] {logging_mixin.py:188} INFO - Skipping invalid row: []
[2024-08-22T23:42:09.196+0200] {logging_mixin.py:188} INFO - Skipping invalid row: []
[2024-08-22T23:42:09.221+0200] {logging_mixin.py:188} INFO - Skipping invalid row: []
[2024-08-22T23:42:09.251+0200] {logging_mixin.py:188} INFO - Skipping invalid row: []
[2024-08-22T23:42:09.276+0200] {logging_mixin.py:188} INFO - Skipping invalid row: []
[2024-08-22T23:42:09.302+0200] {logging_mixin.py:188} INFO - Skipping invalid row: []
[2024-08-22T23:42:09.331+0200] {logging_mixin.py:188} INFO - Skipping invalid row: []
[2024-08-22T23:42:09.355+0200] {logging_mixin.py:188} INFO - Skipping invalid row: []
[2024-08-22T23:42:09.384+0200] {logging_mixin.py:188} INFO - Skipping invalid row: []
[2024-08-22T23:42:09.410+0200] {logging_mixin.py:188} INFO - Skipping invalid row: []
[2024-08-22T23:42:09.436+0200] {logging_mixin.py:188} INFO - Skipping invalid row: []
[2024-08-22T23:42:09.460+0200] {logging_mixin.py:188} INFO - Skipping invalid row: []
[2024-08-22T23:42:09.485+0200] {logging_mixin.py:188} INFO - Skipping invalid row: []
[2024-08-22T23:42:09.510+0200] {logging_mixin.py:188} INFO - Skipping invalid row: []
[2024-08-22T23:42:09.536+0200] {logging_mixin.py:188} INFO - Skipping invalid row: []
[2024-08-22T23:42:09.560+0200] {logging_mixin.py:188} INFO - Skipping invalid row: []
[2024-08-22T23:42:09.585+0200] {logging_mixin.py:188} INFO - Skipping invalid row: []
[2024-08-22T23:42:09.610+0200] {logging_mixin.py:188} INFO - Skipping invalid row: []
[2024-08-22T23:42:09.634+0200] {logging_mixin.py:188} INFO - Skipping invalid row: []
[2024-08-22T23:42:09.659+0200] {logging_mixin.py:188} INFO - Skipping invalid row: []
[2024-08-22T23:42:09.687+0200] {logging_mixin.py:188} INFO - Skipping invalid row: []
[2024-08-22T23:42:09.713+0200] {logging_mixin.py:188} INFO - Skipping invalid row: []
[2024-08-22T23:42:09.738+0200] {logging_mixin.py:188} INFO - Skipping invalid row: []
[2024-08-22T23:42:09.765+0200] {logging_mixin.py:188} INFO - Skipping invalid row: []
[2024-08-22T23:42:09.790+0200] {logging_mixin.py:188} INFO - Skipping invalid row: []
[2024-08-22T23:42:09.815+0200] {logging_mixin.py:188} INFO - Skipping invalid row: []
[2024-08-22T23:42:09.840+0200] {logging_mixin.py:188} INFO - Skipping invalid row: []
[2024-08-22T23:42:09.864+0200] {logging_mixin.py:188} INFO - Skipping invalid row: []
[2024-08-22T23:42:09.891+0200] {logging_mixin.py:188} INFO - Skipping invalid row: []
[2024-08-22T23:42:09.915+0200] {logging_mixin.py:188} INFO - Skipping invalid row: []
[2024-08-22T23:42:09.941+0200] {logging_mixin.py:188} INFO - Skipping invalid row: []
[2024-08-22T23:42:09.965+0200] {logging_mixin.py:188} INFO - Skipping invalid row: []
[2024-08-22T23:42:09.989+0200] {logging_mixin.py:188} INFO - Skipping invalid row: []
[2024-08-22T23:42:10.017+0200] {logging_mixin.py:188} INFO - Skipping invalid row: []
[2024-08-22T23:42:10.043+0200] {logging_mixin.py:188} INFO - Skipping invalid row: []
[2024-08-22T23:42:10.072+0200] {logging_mixin.py:188} INFO - Skipping invalid row: []
[2024-08-22T23:42:10.105+0200] {logging_mixin.py:188} INFO - Skipping invalid row: []
[2024-08-22T23:42:10.132+0200] {logging_mixin.py:188} INFO - Skipping invalid row: []
[2024-08-22T23:42:10.157+0200] {logging_mixin.py:188} INFO - Skipping invalid row: []
[2024-08-22T23:42:10.185+0200] {logging_mixin.py:188} INFO - Skipping invalid row: []
[2024-08-22T23:42:10.220+0200] {logging_mixin.py:188} INFO - Skipping invalid row: []
[2024-08-22T23:42:10.254+0200] {logging_mixin.py:188} INFO - Skipping invalid row: []
[2024-08-22T23:42:10.280+0200] {logging_mixin.py:188} INFO - Skipping invalid row: []
[2024-08-22T23:42:10.309+0200] {logging_mixin.py:188} INFO - Skipping invalid row: []
[2024-08-22T23:42:10.335+0200] {logging_mixin.py:188} INFO - Skipping invalid row: []
[2024-08-22T23:42:10.367+0200] {logging_mixin.py:188} INFO - Skipping invalid row: []
[2024-08-22T23:42:10.393+0200] {logging_mixin.py:188} INFO - Skipping invalid row: []
[2024-08-22T23:42:10.425+0200] {logging_mixin.py:188} INFO - Skipping invalid row: []
[2024-08-22T23:42:10.450+0200] {logging_mixin.py:188} INFO - Skipping invalid row: []
[2024-08-22T23:42:10.476+0200] {logging_mixin.py:188} INFO - Skipping invalid row: []
[2024-08-22T23:42:10.501+0200] {logging_mixin.py:188} INFO - Skipping invalid row: []
[2024-08-22T23:42:10.528+0200] {logging_mixin.py:188} INFO - Data uploaded successfully to PostgreSQL database.
[2024-08-22T23:42:10.528+0200] {python.py:201} INFO - Done. Returned value was: None
[2024-08-22T23:42:10.534+0200] {taskinstance.py:1138} INFO - Marking task as SUCCESS. dag_id=Ugoo-DAG, task_id=upload, execution_date=20240822T043100, start_date=20240822T214207, end_date=20240822T214210
[2024-08-22T23:42:10.573+0200] {local_task_job_runner.py:234} INFO - Task exited with return code 0
[2024-08-22T23:42:10.581+0200] {taskinstance.py:3281} INFO - 0 downstream tasks scheduled from follow-on schedule check
