[2024-08-22T21:47:41.761+0200] {processor.py:161} INFO - Started process (PID=19957) to work on /home/ugoo/airflow_env/lib/python3.10/site-packages/airflow/example_dags/example_branch_day_of_week_operator.py
[2024-08-22T21:47:41.762+0200] {processor.py:830} INFO - Processing file /home/ugoo/airflow_env/lib/python3.10/site-packages/airflow/example_dags/example_branch_day_of_week_operator.py for tasks to queue
[2024-08-22T21:47:41.763+0200] {logging_mixin.py:188} INFO - [2024-08-22T21:47:41.763+0200] {dagbag.py:538} INFO - Filling up the DagBag from /home/ugoo/airflow_env/lib/python3.10/site-packages/airflow/example_dags/example_branch_day_of_week_operator.py
[2024-08-22T21:47:41.771+0200] {processor.py:840} INFO - DAG(s) 'example_weekday_branch_operator' retrieved from /home/ugoo/airflow_env/lib/python3.10/site-packages/airflow/example_dags/example_branch_day_of_week_operator.py
[2024-08-22T21:47:41.833+0200] {logging_mixin.py:188} INFO - [2024-08-22T21:47:41.833+0200] {dag.py:3033} INFO - Sync 1 DAGs
[2024-08-22T21:47:41.847+0200] {logging_mixin.py:188} INFO - [2024-08-22T21:47:41.847+0200] {dag.py:3820} INFO - Setting next_dagrun for example_weekday_branch_operator to 2024-08-21T00:00:00+00:00, run_after=2024-08-22T00:00:00+00:00
[2024-08-22T21:47:41.867+0200] {processor.py:183} INFO - Processing /home/ugoo/airflow_env/lib/python3.10/site-packages/airflow/example_dags/example_branch_day_of_week_operator.py took 0.109 seconds
[2024-08-22T21:48:37.051+0200] {processor.py:161} INFO - Started process (PID=20264) to work on /home/ugoo/airflow_env/lib/python3.10/site-packages/airflow/example_dags/example_branch_day_of_week_operator.py
[2024-08-22T21:48:37.053+0200] {processor.py:830} INFO - Processing file /home/ugoo/airflow_env/lib/python3.10/site-packages/airflow/example_dags/example_branch_day_of_week_operator.py for tasks to queue
[2024-08-22T21:48:37.054+0200] {logging_mixin.py:188} INFO - [2024-08-22T21:48:37.053+0200] {dagbag.py:538} INFO - Filling up the DagBag from /home/ugoo/airflow_env/lib/python3.10/site-packages/airflow/example_dags/example_branch_day_of_week_operator.py
[2024-08-22T21:48:37.065+0200] {processor.py:840} INFO - DAG(s) 'example_weekday_branch_operator' retrieved from /home/ugoo/airflow_env/lib/python3.10/site-packages/airflow/example_dags/example_branch_day_of_week_operator.py
[2024-08-22T21:48:37.082+0200] {logging_mixin.py:188} INFO - [2024-08-22T21:48:37.082+0200] {dag.py:3033} INFO - Sync 1 DAGs
[2024-08-22T21:48:37.106+0200] {logging_mixin.py:188} INFO - [2024-08-22T21:48:37.106+0200] {dag.py:3820} INFO - Setting next_dagrun for example_weekday_branch_operator to 2024-08-21T00:00:00+00:00, run_after=2024-08-22T00:00:00+00:00
[2024-08-22T21:48:37.131+0200] {processor.py:183} INFO - Processing /home/ugoo/airflow_env/lib/python3.10/site-packages/airflow/example_dags/example_branch_day_of_week_operator.py took 0.083 seconds
[2024-08-22T21:49:29.143+0200] {processor.py:161} INFO - Started process (PID=20533) to work on /home/ugoo/airflow_env/lib/python3.10/site-packages/airflow/example_dags/example_branch_day_of_week_operator.py
[2024-08-22T21:49:29.145+0200] {processor.py:830} INFO - Processing file /home/ugoo/airflow_env/lib/python3.10/site-packages/airflow/example_dags/example_branch_day_of_week_operator.py for tasks to queue
[2024-08-22T21:49:29.147+0200] {logging_mixin.py:188} INFO - [2024-08-22T21:49:29.146+0200] {dagbag.py:538} INFO - Filling up the DagBag from /home/ugoo/airflow_env/lib/python3.10/site-packages/airflow/example_dags/example_branch_day_of_week_operator.py
[2024-08-22T21:49:29.152+0200] {processor.py:840} INFO - DAG(s) 'example_weekday_branch_operator' retrieved from /home/ugoo/airflow_env/lib/python3.10/site-packages/airflow/example_dags/example_branch_day_of_week_operator.py
[2024-08-22T21:49:29.165+0200] {logging_mixin.py:188} INFO - [2024-08-22T21:49:29.165+0200] {dag.py:3033} INFO - Sync 1 DAGs
[2024-08-22T21:49:29.178+0200] {logging_mixin.py:188} INFO - [2024-08-22T21:49:29.178+0200] {dag.py:3820} INFO - Setting next_dagrun for example_weekday_branch_operator to 2024-08-21T00:00:00+00:00, run_after=2024-08-22T00:00:00+00:00
[2024-08-22T21:49:29.288+0200] {processor.py:183} INFO - Processing /home/ugoo/airflow_env/lib/python3.10/site-packages/airflow/example_dags/example_branch_day_of_week_operator.py took 0.146 seconds
[2024-08-22T21:50:42.072+0200] {processor.py:161} INFO - Started process (PID=20903) to work on /home/ugoo/airflow_env/lib/python3.10/site-packages/airflow/example_dags/example_branch_day_of_week_operator.py
[2024-08-22T21:50:42.075+0200] {processor.py:830} INFO - Processing file /home/ugoo/airflow_env/lib/python3.10/site-packages/airflow/example_dags/example_branch_day_of_week_operator.py for tasks to queue
[2024-08-22T21:50:42.076+0200] {logging_mixin.py:188} INFO - [2024-08-22T21:50:42.075+0200] {dagbag.py:538} INFO - Filling up the DagBag from /home/ugoo/airflow_env/lib/python3.10/site-packages/airflow/example_dags/example_branch_day_of_week_operator.py
[2024-08-22T21:50:42.082+0200] {processor.py:840} INFO - DAG(s) 'example_weekday_branch_operator' retrieved from /home/ugoo/airflow_env/lib/python3.10/site-packages/airflow/example_dags/example_branch_day_of_week_operator.py
[2024-08-22T21:50:42.152+0200] {logging_mixin.py:188} INFO - [2024-08-22T21:50:42.151+0200] {override.py:1769} INFO - Created Permission View: can edit on DAG:example_weekday_branch_operator
[2024-08-22T21:50:42.163+0200] {logging_mixin.py:188} INFO - [2024-08-22T21:50:42.162+0200] {override.py:1769} INFO - Created Permission View: can delete on DAG:example_weekday_branch_operator
[2024-08-22T21:50:42.174+0200] {logging_mixin.py:188} INFO - [2024-08-22T21:50:42.174+0200] {override.py:1769} INFO - Created Permission View: can read on DAG:example_weekday_branch_operator
[2024-08-22T21:50:42.174+0200] {logging_mixin.py:188} INFO - [2024-08-22T21:50:42.174+0200] {dag.py:3033} INFO - Sync 1 DAGs
[2024-08-22T21:50:42.182+0200] {logging_mixin.py:188} INFO - [2024-08-22T21:50:42.182+0200] {dag.py:3055} INFO - Creating ORM DAG for example_weekday_branch_operator
[2024-08-22T21:50:42.188+0200] {logging_mixin.py:188} INFO - [2024-08-22T21:50:42.187+0200] {dag.py:3820} INFO - Setting next_dagrun for example_weekday_branch_operator to 2024-08-21T00:00:00+00:00, run_after=2024-08-22T00:00:00+00:00
[2024-08-22T21:50:42.203+0200] {processor.py:183} INFO - Processing /home/ugoo/airflow_env/lib/python3.10/site-packages/airflow/example_dags/example_branch_day_of_week_operator.py took 0.135 seconds
