[2024-08-22T21:47:06.778+0200] {processor.py:161} INFO - Started process (PID=19767) to work on /home/ugoo/airflow_env/lib/python3.10/site-packages/airflow/example_dags/example_dynamic_task_mapping_with_no_taskflow_operators.py
[2024-08-22T21:47:06.779+0200] {processor.py:830} INFO - Processing file /home/ugoo/airflow_env/lib/python3.10/site-packages/airflow/example_dags/example_dynamic_task_mapping_with_no_taskflow_operators.py for tasks to queue
[2024-08-22T21:47:06.779+0200] {logging_mixin.py:188} INFO - [2024-08-22T21:47:06.779+0200] {dagbag.py:538} INFO - Filling up the DagBag from /home/ugoo/airflow_env/lib/python3.10/site-packages/airflow/example_dags/example_dynamic_task_mapping_with_no_taskflow_operators.py
[2024-08-22T21:47:06.786+0200] {processor.py:840} INFO - DAG(s) 'example_dynamic_task_mapping_with_no_taskflow_operators' retrieved from /home/ugoo/airflow_env/lib/python3.10/site-packages/airflow/example_dags/example_dynamic_task_mapping_with_no_taskflow_operators.py
[2024-08-22T21:47:06.861+0200] {logging_mixin.py:188} INFO - [2024-08-22T21:47:06.861+0200] {dag.py:3033} INFO - Sync 1 DAGs
[2024-08-22T21:47:06.873+0200] {logging_mixin.py:188} INFO - [2024-08-22T21:47:06.873+0200] {dag.py:3820} INFO - Setting next_dagrun for example_dynamic_task_mapping_with_no_taskflow_operators to 2024-08-21T00:00:00+00:00, run_after=2024-08-22T00:00:00+00:00
[2024-08-22T21:47:06.893+0200] {processor.py:183} INFO - Processing /home/ugoo/airflow_env/lib/python3.10/site-packages/airflow/example_dags/example_dynamic_task_mapping_with_no_taskflow_operators.py took 0.118 seconds
[2024-08-22T21:47:58.265+0200] {processor.py:161} INFO - Started process (PID=20058) to work on /home/ugoo/airflow_env/lib/python3.10/site-packages/airflow/example_dags/example_dynamic_task_mapping_with_no_taskflow_operators.py
[2024-08-22T21:47:58.268+0200] {processor.py:830} INFO - Processing file /home/ugoo/airflow_env/lib/python3.10/site-packages/airflow/example_dags/example_dynamic_task_mapping_with_no_taskflow_operators.py for tasks to queue
[2024-08-22T21:47:58.268+0200] {logging_mixin.py:188} INFO - [2024-08-22T21:47:58.268+0200] {dagbag.py:538} INFO - Filling up the DagBag from /home/ugoo/airflow_env/lib/python3.10/site-packages/airflow/example_dags/example_dynamic_task_mapping_with_no_taskflow_operators.py
[2024-08-22T21:47:58.277+0200] {processor.py:840} INFO - DAG(s) 'example_dynamic_task_mapping_with_no_taskflow_operators' retrieved from /home/ugoo/airflow_env/lib/python3.10/site-packages/airflow/example_dags/example_dynamic_task_mapping_with_no_taskflow_operators.py
[2024-08-22T21:47:58.287+0200] {logging_mixin.py:188} INFO - [2024-08-22T21:47:58.287+0200] {dag.py:3033} INFO - Sync 1 DAGs
[2024-08-22T21:47:58.299+0200] {logging_mixin.py:188} INFO - [2024-08-22T21:47:58.299+0200] {dag.py:3820} INFO - Setting next_dagrun for example_dynamic_task_mapping_with_no_taskflow_operators to 2024-08-21T00:00:00+00:00, run_after=2024-08-22T00:00:00+00:00
[2024-08-22T21:47:58.318+0200] {processor.py:183} INFO - Processing /home/ugoo/airflow_env/lib/python3.10/site-packages/airflow/example_dags/example_dynamic_task_mapping_with_no_taskflow_operators.py took 0.054 seconds
[2024-08-22T21:48:45.765+0200] {processor.py:161} INFO - Started process (PID=20313) to work on /home/ugoo/airflow_env/lib/python3.10/site-packages/airflow/example_dags/example_dynamic_task_mapping_with_no_taskflow_operators.py
[2024-08-22T21:48:45.768+0200] {processor.py:830} INFO - Processing file /home/ugoo/airflow_env/lib/python3.10/site-packages/airflow/example_dags/example_dynamic_task_mapping_with_no_taskflow_operators.py for tasks to queue
[2024-08-22T21:48:45.770+0200] {logging_mixin.py:188} INFO - [2024-08-22T21:48:45.770+0200] {dagbag.py:538} INFO - Filling up the DagBag from /home/ugoo/airflow_env/lib/python3.10/site-packages/airflow/example_dags/example_dynamic_task_mapping_with_no_taskflow_operators.py
[2024-08-22T21:48:45.776+0200] {processor.py:840} INFO - DAG(s) 'example_dynamic_task_mapping_with_no_taskflow_operators' retrieved from /home/ugoo/airflow_env/lib/python3.10/site-packages/airflow/example_dags/example_dynamic_task_mapping_with_no_taskflow_operators.py
[2024-08-22T21:48:45.790+0200] {logging_mixin.py:188} INFO - [2024-08-22T21:48:45.790+0200] {dag.py:3033} INFO - Sync 1 DAGs
[2024-08-22T21:48:45.810+0200] {logging_mixin.py:188} INFO - [2024-08-22T21:48:45.810+0200] {dag.py:3820} INFO - Setting next_dagrun for example_dynamic_task_mapping_with_no_taskflow_operators to 2024-08-21T00:00:00+00:00, run_after=2024-08-22T00:00:00+00:00
[2024-08-22T21:48:45.831+0200] {processor.py:183} INFO - Processing /home/ugoo/airflow_env/lib/python3.10/site-packages/airflow/example_dags/example_dynamic_task_mapping_with_no_taskflow_operators.py took 0.069 seconds
[2024-08-22T21:49:23.903+0200] {processor.py:161} INFO - Started process (PID=20506) to work on /home/ugoo/airflow_env/lib/python3.10/site-packages/airflow/example_dags/example_dynamic_task_mapping_with_no_taskflow_operators.py
[2024-08-22T21:49:23.905+0200] {processor.py:830} INFO - Processing file /home/ugoo/airflow_env/lib/python3.10/site-packages/airflow/example_dags/example_dynamic_task_mapping_with_no_taskflow_operators.py for tasks to queue
[2024-08-22T21:49:23.905+0200] {logging_mixin.py:188} INFO - [2024-08-22T21:49:23.905+0200] {dagbag.py:538} INFO - Filling up the DagBag from /home/ugoo/airflow_env/lib/python3.10/site-packages/airflow/example_dags/example_dynamic_task_mapping_with_no_taskflow_operators.py
[2024-08-22T21:49:23.910+0200] {processor.py:840} INFO - DAG(s) 'example_dynamic_task_mapping_with_no_taskflow_operators' retrieved from /home/ugoo/airflow_env/lib/python3.10/site-packages/airflow/example_dags/example_dynamic_task_mapping_with_no_taskflow_operators.py
[2024-08-22T21:49:23.922+0200] {logging_mixin.py:188} INFO - [2024-08-22T21:49:23.922+0200] {dag.py:3033} INFO - Sync 1 DAGs
[2024-08-22T21:49:23.943+0200] {logging_mixin.py:188} INFO - [2024-08-22T21:49:23.942+0200] {dag.py:3820} INFO - Setting next_dagrun for example_dynamic_task_mapping_with_no_taskflow_operators to 2024-08-21T00:00:00+00:00, run_after=2024-08-22T00:00:00+00:00
[2024-08-22T21:49:24.058+0200] {processor.py:183} INFO - Processing /home/ugoo/airflow_env/lib/python3.10/site-packages/airflow/example_dags/example_dynamic_task_mapping_with_no_taskflow_operators.py took 0.158 seconds
[2024-08-22T21:50:05.101+0200] {processor.py:161} INFO - Started process (PID=20711) to work on /home/ugoo/airflow_env/lib/python3.10/site-packages/airflow/example_dags/example_dynamic_task_mapping_with_no_taskflow_operators.py
[2024-08-22T21:50:05.103+0200] {processor.py:830} INFO - Processing file /home/ugoo/airflow_env/lib/python3.10/site-packages/airflow/example_dags/example_dynamic_task_mapping_with_no_taskflow_operators.py for tasks to queue
[2024-08-22T21:50:05.105+0200] {logging_mixin.py:188} INFO - [2024-08-22T21:50:05.104+0200] {dagbag.py:538} INFO - Filling up the DagBag from /home/ugoo/airflow_env/lib/python3.10/site-packages/airflow/example_dags/example_dynamic_task_mapping_with_no_taskflow_operators.py
[2024-08-22T21:50:05.200+0200] {processor.py:840} INFO - DAG(s) 'example_dynamic_task_mapping_with_no_taskflow_operators' retrieved from /home/ugoo/airflow_env/lib/python3.10/site-packages/airflow/example_dags/example_dynamic_task_mapping_with_no_taskflow_operators.py
[2024-08-22T21:50:05.257+0200] {logging_mixin.py:188} INFO - [2024-08-22T21:50:05.256+0200] {override.py:1769} INFO - Created Permission View: can edit on DAG:example_dynamic_task_mapping_with_no_taskflow_operators
[2024-08-22T21:50:05.269+0200] {logging_mixin.py:188} INFO - [2024-08-22T21:50:05.269+0200] {override.py:1769} INFO - Created Permission View: can delete on DAG:example_dynamic_task_mapping_with_no_taskflow_operators
[2024-08-22T21:50:05.278+0200] {logging_mixin.py:188} INFO - [2024-08-22T21:50:05.278+0200] {override.py:1769} INFO - Created Permission View: can read on DAG:example_dynamic_task_mapping_with_no_taskflow_operators
[2024-08-22T21:50:05.279+0200] {logging_mixin.py:188} INFO - [2024-08-22T21:50:05.278+0200] {dag.py:3033} INFO - Sync 1 DAGs
[2024-08-22T21:50:05.284+0200] {logging_mixin.py:188} INFO - [2024-08-22T21:50:05.284+0200] {dag.py:3055} INFO - Creating ORM DAG for example_dynamic_task_mapping_with_no_taskflow_operators
[2024-08-22T21:50:05.289+0200] {logging_mixin.py:188} INFO - [2024-08-22T21:50:05.289+0200] {dag.py:3820} INFO - Setting next_dagrun for example_dynamic_task_mapping_with_no_taskflow_operators to 2024-08-21T00:00:00+00:00, run_after=2024-08-22T00:00:00+00:00
[2024-08-22T21:50:05.303+0200] {processor.py:183} INFO - Processing /home/ugoo/airflow_env/lib/python3.10/site-packages/airflow/example_dags/example_dynamic_task_mapping_with_no_taskflow_operators.py took 0.207 seconds
[2024-08-22T21:50:54.443+0200] {processor.py:161} INFO - Started process (PID=20971) to work on /home/ugoo/airflow_env/lib/python3.10/site-packages/airflow/example_dags/example_dynamic_task_mapping_with_no_taskflow_operators.py
[2024-08-22T21:50:54.445+0200] {processor.py:830} INFO - Processing file /home/ugoo/airflow_env/lib/python3.10/site-packages/airflow/example_dags/example_dynamic_task_mapping_with_no_taskflow_operators.py for tasks to queue
[2024-08-22T21:50:54.446+0200] {logging_mixin.py:188} INFO - [2024-08-22T21:50:54.446+0200] {dagbag.py:538} INFO - Filling up the DagBag from /home/ugoo/airflow_env/lib/python3.10/site-packages/airflow/example_dags/example_dynamic_task_mapping_with_no_taskflow_operators.py
[2024-08-22T21:50:54.455+0200] {processor.py:840} INFO - DAG(s) 'example_dynamic_task_mapping_with_no_taskflow_operators' retrieved from /home/ugoo/airflow_env/lib/python3.10/site-packages/airflow/example_dags/example_dynamic_task_mapping_with_no_taskflow_operators.py
[2024-08-22T21:50:54.471+0200] {logging_mixin.py:188} INFO - [2024-08-22T21:50:54.471+0200] {dag.py:3033} INFO - Sync 1 DAGs
[2024-08-22T21:50:54.514+0200] {logging_mixin.py:188} INFO - [2024-08-22T21:50:54.513+0200] {dag.py:3820} INFO - Setting next_dagrun for example_dynamic_task_mapping_with_no_taskflow_operators to 2024-08-21T00:00:00+00:00, run_after=2024-08-22T00:00:00+00:00
[2024-08-22T21:50:54.587+0200] {processor.py:183} INFO - Processing /home/ugoo/airflow_env/lib/python3.10/site-packages/airflow/example_dags/example_dynamic_task_mapping_with_no_taskflow_operators.py took 0.148 seconds
