[2024-08-22T21:47:08.016+0200] {processor.py:161} INFO - Started process (PID=19773) to work on /home/ugoo/airflow_env/lib/python3.10/site-packages/airflow/example_dags/example_branch_operator_decorator.py
[2024-08-22T21:47:08.017+0200] {processor.py:830} INFO - Processing file /home/ugoo/airflow_env/lib/python3.10/site-packages/airflow/example_dags/example_branch_operator_decorator.py for tasks to queue
[2024-08-22T21:47:08.018+0200] {logging_mixin.py:188} INFO - [2024-08-22T21:47:08.018+0200] {dagbag.py:538} INFO - Filling up the DagBag from /home/ugoo/airflow_env/lib/python3.10/site-packages/airflow/example_dags/example_branch_operator_decorator.py
[2024-08-22T21:47:08.043+0200] {processor.py:840} INFO - DAG(s) 'example_branch_python_operator_decorator' retrieved from /home/ugoo/airflow_env/lib/python3.10/site-packages/airflow/example_dags/example_branch_operator_decorator.py
[2024-08-22T21:47:08.103+0200] {logging_mixin.py:188} INFO - [2024-08-22T21:47:08.103+0200] {dag.py:3033} INFO - Sync 1 DAGs
[2024-08-22T21:47:08.125+0200] {logging_mixin.py:188} INFO - [2024-08-22T21:47:08.124+0200] {dag.py:3820} INFO - Setting next_dagrun for example_branch_python_operator_decorator to 2024-08-21T00:00:00+00:00, run_after=2024-08-22T00:00:00+00:00
[2024-08-22T21:47:08.145+0200] {processor.py:183} INFO - Processing /home/ugoo/airflow_env/lib/python3.10/site-packages/airflow/example_dags/example_branch_operator_decorator.py took 0.134 seconds
[2024-08-22T21:47:59.414+0200] {processor.py:161} INFO - Started process (PID=20063) to work on /home/ugoo/airflow_env/lib/python3.10/site-packages/airflow/example_dags/example_branch_operator_decorator.py
[2024-08-22T21:47:59.417+0200] {processor.py:830} INFO - Processing file /home/ugoo/airflow_env/lib/python3.10/site-packages/airflow/example_dags/example_branch_operator_decorator.py for tasks to queue
[2024-08-22T21:47:59.417+0200] {logging_mixin.py:188} INFO - [2024-08-22T21:47:59.417+0200] {dagbag.py:538} INFO - Filling up the DagBag from /home/ugoo/airflow_env/lib/python3.10/site-packages/airflow/example_dags/example_branch_operator_decorator.py
[2024-08-22T21:47:59.433+0200] {processor.py:840} INFO - DAG(s) 'example_branch_python_operator_decorator' retrieved from /home/ugoo/airflow_env/lib/python3.10/site-packages/airflow/example_dags/example_branch_operator_decorator.py
[2024-08-22T21:47:59.450+0200] {logging_mixin.py:188} INFO - [2024-08-22T21:47:59.450+0200] {dag.py:3033} INFO - Sync 1 DAGs
[2024-08-22T21:47:59.466+0200] {logging_mixin.py:188} INFO - [2024-08-22T21:47:59.466+0200] {dag.py:3820} INFO - Setting next_dagrun for example_branch_python_operator_decorator to 2024-08-21T00:00:00+00:00, run_after=2024-08-22T00:00:00+00:00
[2024-08-22T21:47:59.485+0200] {processor.py:183} INFO - Processing /home/ugoo/airflow_env/lib/python3.10/site-packages/airflow/example_dags/example_branch_operator_decorator.py took 0.074 seconds
[2024-08-22T21:48:46.597+0200] {processor.py:161} INFO - Started process (PID=20318) to work on /home/ugoo/airflow_env/lib/python3.10/site-packages/airflow/example_dags/example_branch_operator_decorator.py
[2024-08-22T21:48:46.599+0200] {processor.py:830} INFO - Processing file /home/ugoo/airflow_env/lib/python3.10/site-packages/airflow/example_dags/example_branch_operator_decorator.py for tasks to queue
[2024-08-22T21:48:46.600+0200] {logging_mixin.py:188} INFO - [2024-08-22T21:48:46.600+0200] {dagbag.py:538} INFO - Filling up the DagBag from /home/ugoo/airflow_env/lib/python3.10/site-packages/airflow/example_dags/example_branch_operator_decorator.py
[2024-08-22T21:48:46.617+0200] {processor.py:840} INFO - DAG(s) 'example_branch_python_operator_decorator' retrieved from /home/ugoo/airflow_env/lib/python3.10/site-packages/airflow/example_dags/example_branch_operator_decorator.py
[2024-08-22T21:48:46.637+0200] {logging_mixin.py:188} INFO - [2024-08-22T21:48:46.637+0200] {dag.py:3033} INFO - Sync 1 DAGs
[2024-08-22T21:48:46.652+0200] {logging_mixin.py:188} INFO - [2024-08-22T21:48:46.652+0200] {dag.py:3820} INFO - Setting next_dagrun for example_branch_python_operator_decorator to 2024-08-21T00:00:00+00:00, run_after=2024-08-22T00:00:00+00:00
[2024-08-22T21:48:46.672+0200] {processor.py:183} INFO - Processing /home/ugoo/airflow_env/lib/python3.10/site-packages/airflow/example_dags/example_branch_operator_decorator.py took 0.078 seconds
[2024-08-22T21:49:24.506+0200] {processor.py:161} INFO - Started process (PID=20509) to work on /home/ugoo/airflow_env/lib/python3.10/site-packages/airflow/example_dags/example_branch_operator_decorator.py
[2024-08-22T21:49:24.509+0200] {processor.py:830} INFO - Processing file /home/ugoo/airflow_env/lib/python3.10/site-packages/airflow/example_dags/example_branch_operator_decorator.py for tasks to queue
[2024-08-22T21:49:24.510+0200] {logging_mixin.py:188} INFO - [2024-08-22T21:49:24.509+0200] {dagbag.py:538} INFO - Filling up the DagBag from /home/ugoo/airflow_env/lib/python3.10/site-packages/airflow/example_dags/example_branch_operator_decorator.py
[2024-08-22T21:49:24.523+0200] {processor.py:840} INFO - DAG(s) 'example_branch_python_operator_decorator' retrieved from /home/ugoo/airflow_env/lib/python3.10/site-packages/airflow/example_dags/example_branch_operator_decorator.py
[2024-08-22T21:49:24.539+0200] {logging_mixin.py:188} INFO - [2024-08-22T21:49:24.539+0200] {dag.py:3033} INFO - Sync 1 DAGs
[2024-08-22T21:49:24.644+0200] {logging_mixin.py:188} INFO - [2024-08-22T21:49:24.643+0200] {dag.py:3820} INFO - Setting next_dagrun for example_branch_python_operator_decorator to 2024-08-21T00:00:00+00:00, run_after=2024-08-22T00:00:00+00:00
[2024-08-22T21:49:24.665+0200] {processor.py:183} INFO - Processing /home/ugoo/airflow_env/lib/python3.10/site-packages/airflow/example_dags/example_branch_operator_decorator.py took 0.162 seconds
[2024-08-22T21:50:06.345+0200] {processor.py:161} INFO - Started process (PID=20717) to work on /home/ugoo/airflow_env/lib/python3.10/site-packages/airflow/example_dags/example_branch_operator_decorator.py
[2024-08-22T21:50:06.346+0200] {processor.py:830} INFO - Processing file /home/ugoo/airflow_env/lib/python3.10/site-packages/airflow/example_dags/example_branch_operator_decorator.py for tasks to queue
[2024-08-22T21:50:06.347+0200] {logging_mixin.py:188} INFO - [2024-08-22T21:50:06.347+0200] {dagbag.py:538} INFO - Filling up the DagBag from /home/ugoo/airflow_env/lib/python3.10/site-packages/airflow/example_dags/example_branch_operator_decorator.py
[2024-08-22T21:50:06.359+0200] {processor.py:840} INFO - DAG(s) 'example_branch_python_operator_decorator' retrieved from /home/ugoo/airflow_env/lib/python3.10/site-packages/airflow/example_dags/example_branch_operator_decorator.py
[2024-08-22T21:50:06.439+0200] {logging_mixin.py:188} INFO - [2024-08-22T21:50:06.439+0200] {override.py:1769} INFO - Created Permission View: can edit on DAG:example_branch_python_operator_decorator
[2024-08-22T21:50:06.451+0200] {logging_mixin.py:188} INFO - [2024-08-22T21:50:06.450+0200] {override.py:1769} INFO - Created Permission View: can delete on DAG:example_branch_python_operator_decorator
[2024-08-22T21:50:06.460+0200] {logging_mixin.py:188} INFO - [2024-08-22T21:50:06.460+0200] {override.py:1769} INFO - Created Permission View: can read on DAG:example_branch_python_operator_decorator
[2024-08-22T21:50:06.461+0200] {logging_mixin.py:188} INFO - [2024-08-22T21:50:06.461+0200] {dag.py:3033} INFO - Sync 1 DAGs
[2024-08-22T21:50:06.467+0200] {logging_mixin.py:188} INFO - [2024-08-22T21:50:06.467+0200] {dag.py:3055} INFO - Creating ORM DAG for example_branch_python_operator_decorator
[2024-08-22T21:50:06.473+0200] {logging_mixin.py:188} INFO - [2024-08-22T21:50:06.473+0200] {dag.py:3820} INFO - Setting next_dagrun for example_branch_python_operator_decorator to 2024-08-21T00:00:00+00:00, run_after=2024-08-22T00:00:00+00:00
[2024-08-22T21:50:06.491+0200] {processor.py:183} INFO - Processing /home/ugoo/airflow_env/lib/python3.10/site-packages/airflow/example_dags/example_branch_operator_decorator.py took 0.148 seconds
[2024-08-22T21:50:55.678+0200] {processor.py:161} INFO - Started process (PID=20976) to work on /home/ugoo/airflow_env/lib/python3.10/site-packages/airflow/example_dags/example_branch_operator_decorator.py
[2024-08-22T21:50:55.682+0200] {processor.py:830} INFO - Processing file /home/ugoo/airflow_env/lib/python3.10/site-packages/airflow/example_dags/example_branch_operator_decorator.py for tasks to queue
[2024-08-22T21:50:55.683+0200] {logging_mixin.py:188} INFO - [2024-08-22T21:50:55.683+0200] {dagbag.py:538} INFO - Filling up the DagBag from /home/ugoo/airflow_env/lib/python3.10/site-packages/airflow/example_dags/example_branch_operator_decorator.py
[2024-08-22T21:50:55.739+0200] {processor.py:840} INFO - DAG(s) 'example_branch_python_operator_decorator' retrieved from /home/ugoo/airflow_env/lib/python3.10/site-packages/airflow/example_dags/example_branch_operator_decorator.py
[2024-08-22T21:50:55.766+0200] {logging_mixin.py:188} INFO - [2024-08-22T21:50:55.766+0200] {dag.py:3033} INFO - Sync 1 DAGs
[2024-08-22T21:50:55.788+0200] {logging_mixin.py:188} INFO - [2024-08-22T21:50:55.788+0200] {dag.py:3820} INFO - Setting next_dagrun for example_branch_python_operator_decorator to 2024-08-21T00:00:00+00:00, run_after=2024-08-22T00:00:00+00:00
[2024-08-22T21:50:55.812+0200] {processor.py:183} INFO - Processing /home/ugoo/airflow_env/lib/python3.10/site-packages/airflow/example_dags/example_branch_operator_decorator.py took 0.137 seconds
