[2024-08-22T21:47:15.597+0200] {processor.py:161} INFO - Started process (PID=19813) to work on /home/ugoo/airflow_env/lib/python3.10/site-packages/airflow/example_dags/example_branch_python_dop_operator_3.py
[2024-08-22T21:47:15.598+0200] {processor.py:830} INFO - Processing file /home/ugoo/airflow_env/lib/python3.10/site-packages/airflow/example_dags/example_branch_python_dop_operator_3.py for tasks to queue
[2024-08-22T21:47:15.599+0200] {logging_mixin.py:188} INFO - [2024-08-22T21:47:15.599+0200] {dagbag.py:538} INFO - Filling up the DagBag from /home/ugoo/airflow_env/lib/python3.10/site-packages/airflow/example_dags/example_branch_python_dop_operator_3.py
[2024-08-22T21:47:15.606+0200] {processor.py:840} INFO - DAG(s) 'example_branch_dop_operator_v3' retrieved from /home/ugoo/airflow_env/lib/python3.10/site-packages/airflow/example_dags/example_branch_python_dop_operator_3.py
[2024-08-22T21:47:15.671+0200] {logging_mixin.py:188} INFO - [2024-08-22T21:47:15.671+0200] {dag.py:3033} INFO - Sync 1 DAGs
[2024-08-22T21:47:15.686+0200] {logging_mixin.py:188} INFO - [2024-08-22T21:47:15.685+0200] {dag.py:3820} INFO - Setting next_dagrun for example_branch_dop_operator_v3 to 2024-08-22T19:46:00+00:00, run_after=2024-08-22T19:47:00+00:00
[2024-08-22T21:47:15.702+0200] {processor.py:183} INFO - Processing /home/ugoo/airflow_env/lib/python3.10/site-packages/airflow/example_dags/example_branch_python_dop_operator_3.py took 0.107 seconds
[2024-08-22T21:48:05.128+0200] {processor.py:161} INFO - Started process (PID=20099) to work on /home/ugoo/airflow_env/lib/python3.10/site-packages/airflow/example_dags/example_branch_python_dop_operator_3.py
[2024-08-22T21:48:05.130+0200] {processor.py:830} INFO - Processing file /home/ugoo/airflow_env/lib/python3.10/site-packages/airflow/example_dags/example_branch_python_dop_operator_3.py for tasks to queue
[2024-08-22T21:48:05.131+0200] {logging_mixin.py:188} INFO - [2024-08-22T21:48:05.131+0200] {dagbag.py:538} INFO - Filling up the DagBag from /home/ugoo/airflow_env/lib/python3.10/site-packages/airflow/example_dags/example_branch_python_dop_operator_3.py
[2024-08-22T21:48:05.139+0200] {processor.py:840} INFO - DAG(s) 'example_branch_dop_operator_v3' retrieved from /home/ugoo/airflow_env/lib/python3.10/site-packages/airflow/example_dags/example_branch_python_dop_operator_3.py
[2024-08-22T21:48:05.153+0200] {logging_mixin.py:188} INFO - [2024-08-22T21:48:05.153+0200] {dag.py:3033} INFO - Sync 1 DAGs
[2024-08-22T21:48:05.175+0200] {logging_mixin.py:188} INFO - [2024-08-22T21:48:05.175+0200] {dag.py:3820} INFO - Setting next_dagrun for example_branch_dop_operator_v3 to 2024-08-22T19:47:00+00:00, run_after=2024-08-22T19:48:00+00:00
[2024-08-22T21:48:05.196+0200] {processor.py:183} INFO - Processing /home/ugoo/airflow_env/lib/python3.10/site-packages/airflow/example_dags/example_branch_python_dop_operator_3.py took 0.073 seconds
[2024-08-22T21:48:52.916+0200] {processor.py:161} INFO - Started process (PID=20348) to work on /home/ugoo/airflow_env/lib/python3.10/site-packages/airflow/example_dags/example_branch_python_dop_operator_3.py
[2024-08-22T21:48:52.919+0200] {processor.py:830} INFO - Processing file /home/ugoo/airflow_env/lib/python3.10/site-packages/airflow/example_dags/example_branch_python_dop_operator_3.py for tasks to queue
[2024-08-22T21:48:52.921+0200] {logging_mixin.py:188} INFO - [2024-08-22T21:48:52.920+0200] {dagbag.py:538} INFO - Filling up the DagBag from /home/ugoo/airflow_env/lib/python3.10/site-packages/airflow/example_dags/example_branch_python_dop_operator_3.py
[2024-08-22T21:48:52.930+0200] {processor.py:840} INFO - DAG(s) 'example_branch_dop_operator_v3' retrieved from /home/ugoo/airflow_env/lib/python3.10/site-packages/airflow/example_dags/example_branch_python_dop_operator_3.py
[2024-08-22T21:48:52.941+0200] {logging_mixin.py:188} INFO - [2024-08-22T21:48:52.941+0200] {dag.py:3033} INFO - Sync 1 DAGs
[2024-08-22T21:48:52.956+0200] {logging_mixin.py:188} INFO - [2024-08-22T21:48:52.956+0200] {dag.py:3820} INFO - Setting next_dagrun for example_branch_dop_operator_v3 to 2024-08-22T19:47:00+00:00, run_after=2024-08-22T19:48:00+00:00
[2024-08-22T21:48:52.973+0200] {processor.py:183} INFO - Processing /home/ugoo/airflow_env/lib/python3.10/site-packages/airflow/example_dags/example_branch_python_dop_operator_3.py took 0.062 seconds
[2024-08-22T21:49:45.680+0200] {processor.py:161} INFO - Started process (PID=20619) to work on /home/ugoo/airflow_env/lib/python3.10/site-packages/airflow/example_dags/example_branch_python_dop_operator_3.py
[2024-08-22T21:49:45.682+0200] {processor.py:830} INFO - Processing file /home/ugoo/airflow_env/lib/python3.10/site-packages/airflow/example_dags/example_branch_python_dop_operator_3.py for tasks to queue
[2024-08-22T21:49:45.684+0200] {logging_mixin.py:188} INFO - [2024-08-22T21:49:45.683+0200] {dagbag.py:538} INFO - Filling up the DagBag from /home/ugoo/airflow_env/lib/python3.10/site-packages/airflow/example_dags/example_branch_python_dop_operator_3.py
[2024-08-22T21:49:45.699+0200] {processor.py:840} INFO - DAG(s) 'example_branch_dop_operator_v3' retrieved from /home/ugoo/airflow_env/lib/python3.10/site-packages/airflow/example_dags/example_branch_python_dop_operator_3.py
[2024-08-22T21:49:45.723+0200] {logging_mixin.py:188} INFO - [2024-08-22T21:49:45.722+0200] {dag.py:3033} INFO - Sync 1 DAGs
[2024-08-22T21:49:45.841+0200] {logging_mixin.py:188} INFO - [2024-08-22T21:49:45.841+0200] {dag.py:3820} INFO - Setting next_dagrun for example_branch_dop_operator_v3 to 2024-08-22T19:48:00+00:00, run_after=2024-08-22T19:49:00+00:00
[2024-08-22T21:49:45.857+0200] {processor.py:183} INFO - Processing /home/ugoo/airflow_env/lib/python3.10/site-packages/airflow/example_dags/example_branch_python_dop_operator_3.py took 0.180 seconds
[2024-08-22T21:50:34.221+0200] {processor.py:161} INFO - Started process (PID=20865) to work on /home/ugoo/airflow_env/lib/python3.10/site-packages/airflow/example_dags/example_branch_python_dop_operator_3.py
[2024-08-22T21:50:34.223+0200] {processor.py:830} INFO - Processing file /home/ugoo/airflow_env/lib/python3.10/site-packages/airflow/example_dags/example_branch_python_dop_operator_3.py for tasks to queue
[2024-08-22T21:50:34.223+0200] {logging_mixin.py:188} INFO - [2024-08-22T21:50:34.223+0200] {dagbag.py:538} INFO - Filling up the DagBag from /home/ugoo/airflow_env/lib/python3.10/site-packages/airflow/example_dags/example_branch_python_dop_operator_3.py
[2024-08-22T21:50:34.233+0200] {processor.py:840} INFO - DAG(s) 'example_branch_dop_operator_v3' retrieved from /home/ugoo/airflow_env/lib/python3.10/site-packages/airflow/example_dags/example_branch_python_dop_operator_3.py
[2024-08-22T21:50:34.319+0200] {logging_mixin.py:188} INFO - [2024-08-22T21:50:34.319+0200] {override.py:1769} INFO - Created Permission View: can edit on DAG:example_branch_dop_operator_v3
[2024-08-22T21:50:34.333+0200] {logging_mixin.py:188} INFO - [2024-08-22T21:50:34.332+0200] {override.py:1769} INFO - Created Permission View: can delete on DAG:example_branch_dop_operator_v3
[2024-08-22T21:50:34.341+0200] {logging_mixin.py:188} INFO - [2024-08-22T21:50:34.341+0200] {override.py:1769} INFO - Created Permission View: can read on DAG:example_branch_dop_operator_v3
[2024-08-22T21:50:34.341+0200] {logging_mixin.py:188} INFO - [2024-08-22T21:50:34.341+0200] {dag.py:3033} INFO - Sync 1 DAGs
[2024-08-22T21:50:34.348+0200] {logging_mixin.py:188} INFO - [2024-08-22T21:50:34.348+0200] {dag.py:3055} INFO - Creating ORM DAG for example_branch_dop_operator_v3
[2024-08-22T21:50:34.359+0200] {logging_mixin.py:188} INFO - [2024-08-22T21:50:34.359+0200] {dag.py:3820} INFO - Setting next_dagrun for example_branch_dop_operator_v3 to 2024-08-22T19:49:00+00:00, run_after=2024-08-22T19:50:00+00:00
[2024-08-22T21:50:34.377+0200] {processor.py:183} INFO - Processing /home/ugoo/airflow_env/lib/python3.10/site-packages/airflow/example_dags/example_branch_python_dop_operator_3.py took 0.159 seconds
[2024-08-22T21:51:16.394+0200] {processor.py:161} INFO - Started process (PID=21186) to work on /home/ugoo/airflow_env/lib/python3.10/site-packages/airflow/example_dags/example_branch_python_dop_operator_3.py
[2024-08-22T21:51:16.397+0200] {processor.py:830} INFO - Processing file /home/ugoo/airflow_env/lib/python3.10/site-packages/airflow/example_dags/example_branch_python_dop_operator_3.py for tasks to queue
[2024-08-22T21:51:16.398+0200] {logging_mixin.py:188} INFO - [2024-08-22T21:51:16.398+0200] {dagbag.py:538} INFO - Filling up the DagBag from /home/ugoo/airflow_env/lib/python3.10/site-packages/airflow/example_dags/example_branch_python_dop_operator_3.py
[2024-08-22T21:51:16.407+0200] {processor.py:840} INFO - DAG(s) 'example_branch_dop_operator_v3' retrieved from /home/ugoo/airflow_env/lib/python3.10/site-packages/airflow/example_dags/example_branch_python_dop_operator_3.py
[2024-08-22T21:51:16.418+0200] {logging_mixin.py:188} INFO - [2024-08-22T21:51:16.418+0200] {dag.py:3033} INFO - Sync 1 DAGs
[2024-08-22T21:51:16.433+0200] {logging_mixin.py:188} INFO - [2024-08-22T21:51:16.433+0200] {dag.py:3820} INFO - Setting next_dagrun for example_branch_dop_operator_v3 to 2024-08-22T19:50:00+00:00, run_after=2024-08-22T19:51:00+00:00
[2024-08-22T21:51:16.451+0200] {processor.py:183} INFO - Processing /home/ugoo/airflow_env/lib/python3.10/site-packages/airflow/example_dags/example_branch_python_dop_operator_3.py took 0.062 seconds
