[2024-08-22T21:47:11.871+0200] {processor.py:161} INFO - Started process (PID=19795) to work on /home/ugoo/airflow_env/lib/python3.10/site-packages/airflow/example_dags/example_sensor_decorator.py
[2024-08-22T21:47:11.872+0200] {processor.py:830} INFO - Processing file /home/ugoo/airflow_env/lib/python3.10/site-packages/airflow/example_dags/example_sensor_decorator.py for tasks to queue
[2024-08-22T21:47:11.873+0200] {logging_mixin.py:188} INFO - [2024-08-22T21:47:11.873+0200] {dagbag.py:538} INFO - Filling up the DagBag from /home/ugoo/airflow_env/lib/python3.10/site-packages/airflow/example_dags/example_sensor_decorator.py
[2024-08-22T21:47:11.889+0200] {processor.py:840} INFO - DAG(s) 'example_sensor_decorator' retrieved from /home/ugoo/airflow_env/lib/python3.10/site-packages/airflow/example_dags/example_sensor_decorator.py
[2024-08-22T21:47:12.006+0200] {logging_mixin.py:188} INFO - [2024-08-22T21:47:12.006+0200] {dag.py:3033} INFO - Sync 1 DAGs
[2024-08-22T21:47:12.024+0200] {logging_mixin.py:188} INFO - [2024-08-22T21:47:12.023+0200] {dag.py:3820} INFO - Setting next_dagrun for example_sensor_decorator to None, run_after=None
[2024-08-22T21:47:12.060+0200] {processor.py:183} INFO - Processing /home/ugoo/airflow_env/lib/python3.10/site-packages/airflow/example_dags/example_sensor_decorator.py took 0.193 seconds
[2024-08-22T21:48:02.460+0200] {processor.py:161} INFO - Started process (PID=20078) to work on /home/ugoo/airflow_env/lib/python3.10/site-packages/airflow/example_dags/example_sensor_decorator.py
[2024-08-22T21:48:02.463+0200] {processor.py:830} INFO - Processing file /home/ugoo/airflow_env/lib/python3.10/site-packages/airflow/example_dags/example_sensor_decorator.py for tasks to queue
[2024-08-22T21:48:02.464+0200] {logging_mixin.py:188} INFO - [2024-08-22T21:48:02.463+0200] {dagbag.py:538} INFO - Filling up the DagBag from /home/ugoo/airflow_env/lib/python3.10/site-packages/airflow/example_dags/example_sensor_decorator.py
[2024-08-22T21:48:02.472+0200] {processor.py:840} INFO - DAG(s) 'example_sensor_decorator' retrieved from /home/ugoo/airflow_env/lib/python3.10/site-packages/airflow/example_dags/example_sensor_decorator.py
[2024-08-22T21:48:02.488+0200] {logging_mixin.py:188} INFO - [2024-08-22T21:48:02.488+0200] {dag.py:3033} INFO - Sync 1 DAGs
[2024-08-22T21:48:02.499+0200] {logging_mixin.py:188} INFO - [2024-08-22T21:48:02.498+0200] {dag.py:3820} INFO - Setting next_dagrun for example_sensor_decorator to None, run_after=None
[2024-08-22T21:48:02.528+0200] {processor.py:183} INFO - Processing /home/ugoo/airflow_env/lib/python3.10/site-packages/airflow/example_dags/example_sensor_decorator.py took 0.070 seconds
[2024-08-22T21:48:50.219+0200] {processor.py:161} INFO - Started process (PID=20335) to work on /home/ugoo/airflow_env/lib/python3.10/site-packages/airflow/example_dags/example_sensor_decorator.py
[2024-08-22T21:48:50.221+0200] {processor.py:830} INFO - Processing file /home/ugoo/airflow_env/lib/python3.10/site-packages/airflow/example_dags/example_sensor_decorator.py for tasks to queue
[2024-08-22T21:48:50.222+0200] {logging_mixin.py:188} INFO - [2024-08-22T21:48:50.222+0200] {dagbag.py:538} INFO - Filling up the DagBag from /home/ugoo/airflow_env/lib/python3.10/site-packages/airflow/example_dags/example_sensor_decorator.py
[2024-08-22T21:48:50.227+0200] {processor.py:840} INFO - DAG(s) 'example_sensor_decorator' retrieved from /home/ugoo/airflow_env/lib/python3.10/site-packages/airflow/example_dags/example_sensor_decorator.py
[2024-08-22T21:48:50.242+0200] {logging_mixin.py:188} INFO - [2024-08-22T21:48:50.242+0200] {dag.py:3033} INFO - Sync 1 DAGs
[2024-08-22T21:48:50.251+0200] {logging_mixin.py:188} INFO - [2024-08-22T21:48:50.251+0200] {dag.py:3820} INFO - Setting next_dagrun for example_sensor_decorator to None, run_after=None
[2024-08-22T21:48:50.269+0200] {processor.py:183} INFO - Processing /home/ugoo/airflow_env/lib/python3.10/site-packages/airflow/example_dags/example_sensor_decorator.py took 0.054 seconds
[2024-08-22T21:49:42.540+0200] {processor.py:161} INFO - Started process (PID=20604) to work on /home/ugoo/airflow_env/lib/python3.10/site-packages/airflow/example_dags/example_sensor_decorator.py
[2024-08-22T21:49:42.542+0200] {processor.py:830} INFO - Processing file /home/ugoo/airflow_env/lib/python3.10/site-packages/airflow/example_dags/example_sensor_decorator.py for tasks to queue
[2024-08-22T21:49:42.543+0200] {logging_mixin.py:188} INFO - [2024-08-22T21:49:42.543+0200] {dagbag.py:538} INFO - Filling up the DagBag from /home/ugoo/airflow_env/lib/python3.10/site-packages/airflow/example_dags/example_sensor_decorator.py
[2024-08-22T21:49:42.548+0200] {processor.py:840} INFO - DAG(s) 'example_sensor_decorator' retrieved from /home/ugoo/airflow_env/lib/python3.10/site-packages/airflow/example_dags/example_sensor_decorator.py
[2024-08-22T21:49:42.562+0200] {logging_mixin.py:188} INFO - [2024-08-22T21:49:42.562+0200] {dag.py:3033} INFO - Sync 1 DAGs
[2024-08-22T21:49:42.572+0200] {logging_mixin.py:188} INFO - [2024-08-22T21:49:42.572+0200] {dag.py:3820} INFO - Setting next_dagrun for example_sensor_decorator to None, run_after=None
[2024-08-22T21:49:42.676+0200] {processor.py:183} INFO - Processing /home/ugoo/airflow_env/lib/python3.10/site-packages/airflow/example_dags/example_sensor_decorator.py took 0.140 seconds
[2024-08-22T21:50:31.200+0200] {processor.py:161} INFO - Started process (PID=20847) to work on /home/ugoo/airflow_env/lib/python3.10/site-packages/airflow/example_dags/example_sensor_decorator.py
[2024-08-22T21:50:31.201+0200] {processor.py:830} INFO - Processing file /home/ugoo/airflow_env/lib/python3.10/site-packages/airflow/example_dags/example_sensor_decorator.py for tasks to queue
[2024-08-22T21:50:31.202+0200] {logging_mixin.py:188} INFO - [2024-08-22T21:50:31.202+0200] {dagbag.py:538} INFO - Filling up the DagBag from /home/ugoo/airflow_env/lib/python3.10/site-packages/airflow/example_dags/example_sensor_decorator.py
[2024-08-22T21:50:31.209+0200] {processor.py:840} INFO - DAG(s) 'example_sensor_decorator' retrieved from /home/ugoo/airflow_env/lib/python3.10/site-packages/airflow/example_dags/example_sensor_decorator.py
[2024-08-22T21:50:31.283+0200] {logging_mixin.py:188} INFO - [2024-08-22T21:50:31.283+0200] {override.py:1769} INFO - Created Permission View: can edit on DAG:example_sensor_decorator
[2024-08-22T21:50:31.295+0200] {logging_mixin.py:188} INFO - [2024-08-22T21:50:31.295+0200] {override.py:1769} INFO - Created Permission View: can delete on DAG:example_sensor_decorator
[2024-08-22T21:50:31.304+0200] {logging_mixin.py:188} INFO - [2024-08-22T21:50:31.303+0200] {override.py:1769} INFO - Created Permission View: can read on DAG:example_sensor_decorator
[2024-08-22T21:50:31.304+0200] {logging_mixin.py:188} INFO - [2024-08-22T21:50:31.304+0200] {dag.py:3033} INFO - Sync 1 DAGs
[2024-08-22T21:50:31.311+0200] {logging_mixin.py:188} INFO - [2024-08-22T21:50:31.311+0200] {dag.py:3055} INFO - Creating ORM DAG for example_sensor_decorator
[2024-08-22T21:50:31.311+0200] {logging_mixin.py:188} INFO - [2024-08-22T21:50:31.311+0200] {dag.py:3820} INFO - Setting next_dagrun for example_sensor_decorator to None, run_after=None
[2024-08-22T21:50:31.328+0200] {processor.py:183} INFO - Processing /home/ugoo/airflow_env/lib/python3.10/site-packages/airflow/example_dags/example_sensor_decorator.py took 0.131 seconds
[2024-08-22T21:51:12.955+0200] {processor.py:161} INFO - Started process (PID=21168) to work on /home/ugoo/airflow_env/lib/python3.10/site-packages/airflow/example_dags/example_sensor_decorator.py
[2024-08-22T21:51:12.957+0200] {processor.py:830} INFO - Processing file /home/ugoo/airflow_env/lib/python3.10/site-packages/airflow/example_dags/example_sensor_decorator.py for tasks to queue
[2024-08-22T21:51:12.957+0200] {logging_mixin.py:188} INFO - [2024-08-22T21:51:12.957+0200] {dagbag.py:538} INFO - Filling up the DagBag from /home/ugoo/airflow_env/lib/python3.10/site-packages/airflow/example_dags/example_sensor_decorator.py
[2024-08-22T21:51:12.963+0200] {processor.py:840} INFO - DAG(s) 'example_sensor_decorator' retrieved from /home/ugoo/airflow_env/lib/python3.10/site-packages/airflow/example_dags/example_sensor_decorator.py
[2024-08-22T21:51:12.974+0200] {logging_mixin.py:188} INFO - [2024-08-22T21:51:12.974+0200] {dag.py:3033} INFO - Sync 1 DAGs
[2024-08-22T21:51:12.981+0200] {logging_mixin.py:188} INFO - [2024-08-22T21:51:12.981+0200] {dag.py:3820} INFO - Setting next_dagrun for example_sensor_decorator to None, run_after=None
[2024-08-22T21:51:13.002+0200] {processor.py:183} INFO - Processing /home/ugoo/airflow_env/lib/python3.10/site-packages/airflow/example_dags/example_sensor_decorator.py took 0.051 seconds
