[2024-08-22T21:47:18.100+0200] {processor.py:161} INFO - Started process (PID=19824) to work on /home/ugoo/airflow_env/lib/python3.10/site-packages/airflow/example_dags/example_params_ui_tutorial.py
[2024-08-22T21:47:18.101+0200] {processor.py:830} INFO - Processing file /home/ugoo/airflow_env/lib/python3.10/site-packages/airflow/example_dags/example_params_ui_tutorial.py for tasks to queue
[2024-08-22T21:47:18.102+0200] {logging_mixin.py:188} INFO - [2024-08-22T21:47:18.101+0200] {dagbag.py:538} INFO - Filling up the DagBag from /home/ugoo/airflow_env/lib/python3.10/site-packages/airflow/example_dags/example_params_ui_tutorial.py
[2024-08-22T21:47:18.112+0200] {processor.py:840} INFO - DAG(s) 'example_params_ui_tutorial' retrieved from /home/ugoo/airflow_env/lib/python3.10/site-packages/airflow/example_dags/example_params_ui_tutorial.py
[2024-08-22T21:47:18.185+0200] {logging_mixin.py:188} INFO - [2024-08-22T21:47:18.185+0200] {dag.py:3033} INFO - Sync 1 DAGs
[2024-08-22T21:47:18.190+0200] {logging_mixin.py:188} INFO - [2024-08-22T21:47:18.190+0200] {dag.py:3820} INFO - Setting next_dagrun for example_params_ui_tutorial to None, run_after=None
[2024-08-22T21:47:18.208+0200] {processor.py:183} INFO - Processing /home/ugoo/airflow_env/lib/python3.10/site-packages/airflow/example_dags/example_params_ui_tutorial.py took 0.112 seconds
[2024-08-22T21:48:07.419+0200] {processor.py:161} INFO - Started process (PID=20110) to work on /home/ugoo/airflow_env/lib/python3.10/site-packages/airflow/example_dags/example_params_ui_tutorial.py
[2024-08-22T21:48:07.422+0200] {processor.py:830} INFO - Processing file /home/ugoo/airflow_env/lib/python3.10/site-packages/airflow/example_dags/example_params_ui_tutorial.py for tasks to queue
[2024-08-22T21:48:07.423+0200] {logging_mixin.py:188} INFO - [2024-08-22T21:48:07.423+0200] {dagbag.py:538} INFO - Filling up the DagBag from /home/ugoo/airflow_env/lib/python3.10/site-packages/airflow/example_dags/example_params_ui_tutorial.py
[2024-08-22T21:48:07.437+0200] {processor.py:840} INFO - DAG(s) 'example_params_ui_tutorial' retrieved from /home/ugoo/airflow_env/lib/python3.10/site-packages/airflow/example_dags/example_params_ui_tutorial.py
[2024-08-22T21:48:07.471+0200] {logging_mixin.py:188} INFO - [2024-08-22T21:48:07.471+0200] {dag.py:3033} INFO - Sync 1 DAGs
[2024-08-22T21:48:07.480+0200] {logging_mixin.py:188} INFO - [2024-08-22T21:48:07.480+0200] {dag.py:3820} INFO - Setting next_dagrun for example_params_ui_tutorial to None, run_after=None
[2024-08-22T21:48:07.502+0200] {processor.py:183} INFO - Processing /home/ugoo/airflow_env/lib/python3.10/site-packages/airflow/example_dags/example_params_ui_tutorial.py took 0.085 seconds
[2024-08-22T21:48:54.217+0200] {processor.py:161} INFO - Started process (PID=20356) to work on /home/ugoo/airflow_env/lib/python3.10/site-packages/airflow/example_dags/example_params_ui_tutorial.py
[2024-08-22T21:48:54.220+0200] {processor.py:830} INFO - Processing file /home/ugoo/airflow_env/lib/python3.10/site-packages/airflow/example_dags/example_params_ui_tutorial.py for tasks to queue
[2024-08-22T21:48:54.221+0200] {logging_mixin.py:188} INFO - [2024-08-22T21:48:54.220+0200] {dagbag.py:538} INFO - Filling up the DagBag from /home/ugoo/airflow_env/lib/python3.10/site-packages/airflow/example_dags/example_params_ui_tutorial.py
[2024-08-22T21:48:54.229+0200] {processor.py:840} INFO - DAG(s) 'example_params_ui_tutorial' retrieved from /home/ugoo/airflow_env/lib/python3.10/site-packages/airflow/example_dags/example_params_ui_tutorial.py
[2024-08-22T21:48:54.258+0200] {logging_mixin.py:188} INFO - [2024-08-22T21:48:54.257+0200] {dag.py:3033} INFO - Sync 1 DAGs
[2024-08-22T21:48:54.265+0200] {logging_mixin.py:188} INFO - [2024-08-22T21:48:54.265+0200] {dag.py:3820} INFO - Setting next_dagrun for example_params_ui_tutorial to None, run_after=None
[2024-08-22T21:48:54.283+0200] {processor.py:183} INFO - Processing /home/ugoo/airflow_env/lib/python3.10/site-packages/airflow/example_dags/example_params_ui_tutorial.py took 0.070 seconds
[2024-08-22T21:49:48.152+0200] {processor.py:161} INFO - Started process (PID=20631) to work on /home/ugoo/airflow_env/lib/python3.10/site-packages/airflow/example_dags/example_params_ui_tutorial.py
[2024-08-22T21:49:48.154+0200] {processor.py:830} INFO - Processing file /home/ugoo/airflow_env/lib/python3.10/site-packages/airflow/example_dags/example_params_ui_tutorial.py for tasks to queue
[2024-08-22T21:49:48.154+0200] {logging_mixin.py:188} INFO - [2024-08-22T21:49:48.154+0200] {dagbag.py:538} INFO - Filling up the DagBag from /home/ugoo/airflow_env/lib/python3.10/site-packages/airflow/example_dags/example_params_ui_tutorial.py
[2024-08-22T21:49:48.169+0200] {processor.py:840} INFO - DAG(s) 'example_params_ui_tutorial' retrieved from /home/ugoo/airflow_env/lib/python3.10/site-packages/airflow/example_dags/example_params_ui_tutorial.py
[2024-08-22T21:49:48.310+0200] {logging_mixin.py:188} INFO - [2024-08-22T21:49:48.310+0200] {dag.py:3033} INFO - Sync 1 DAGs
[2024-08-22T21:49:48.317+0200] {logging_mixin.py:188} INFO - [2024-08-22T21:49:48.317+0200] {dag.py:3820} INFO - Setting next_dagrun for example_params_ui_tutorial to None, run_after=None
[2024-08-22T21:49:48.339+0200] {processor.py:183} INFO - Processing /home/ugoo/airflow_env/lib/python3.10/site-packages/airflow/example_dags/example_params_ui_tutorial.py took 0.189 seconds
[2024-08-22T21:50:36.720+0200] {processor.py:161} INFO - Started process (PID=20877) to work on /home/ugoo/airflow_env/lib/python3.10/site-packages/airflow/example_dags/example_params_ui_tutorial.py
[2024-08-22T21:50:36.722+0200] {processor.py:830} INFO - Processing file /home/ugoo/airflow_env/lib/python3.10/site-packages/airflow/example_dags/example_params_ui_tutorial.py for tasks to queue
[2024-08-22T21:50:36.723+0200] {logging_mixin.py:188} INFO - [2024-08-22T21:50:36.722+0200] {dagbag.py:538} INFO - Filling up the DagBag from /home/ugoo/airflow_env/lib/python3.10/site-packages/airflow/example_dags/example_params_ui_tutorial.py
[2024-08-22T21:50:36.734+0200] {processor.py:840} INFO - DAG(s) 'example_params_ui_tutorial' retrieved from /home/ugoo/airflow_env/lib/python3.10/site-packages/airflow/example_dags/example_params_ui_tutorial.py
[2024-08-22T21:50:36.869+0200] {logging_mixin.py:188} INFO - [2024-08-22T21:50:36.868+0200] {override.py:1769} INFO - Created Permission View: can edit on DAG:example_params_ui_tutorial
[2024-08-22T21:50:36.885+0200] {logging_mixin.py:188} INFO - [2024-08-22T21:50:36.885+0200] {override.py:1769} INFO - Created Permission View: can delete on DAG:example_params_ui_tutorial
[2024-08-22T21:50:36.898+0200] {logging_mixin.py:188} INFO - [2024-08-22T21:50:36.897+0200] {override.py:1769} INFO - Created Permission View: can read on DAG:example_params_ui_tutorial
[2024-08-22T21:50:36.898+0200] {logging_mixin.py:188} INFO - [2024-08-22T21:50:36.898+0200] {dag.py:3033} INFO - Sync 1 DAGs
[2024-08-22T21:50:36.906+0200] {logging_mixin.py:188} INFO - [2024-08-22T21:50:36.905+0200] {dag.py:3055} INFO - Creating ORM DAG for example_params_ui_tutorial
[2024-08-22T21:50:36.906+0200] {logging_mixin.py:188} INFO - [2024-08-22T21:50:36.906+0200] {dag.py:3820} INFO - Setting next_dagrun for example_params_ui_tutorial to None, run_after=None
[2024-08-22T21:50:36.928+0200] {processor.py:183} INFO - Processing /home/ugoo/airflow_env/lib/python3.10/site-packages/airflow/example_dags/example_params_ui_tutorial.py took 0.212 seconds
[2024-08-22T21:51:17.954+0200] {processor.py:161} INFO - Started process (PID=21194) to work on /home/ugoo/airflow_env/lib/python3.10/site-packages/airflow/example_dags/example_params_ui_tutorial.py
[2024-08-22T21:51:17.956+0200] {processor.py:830} INFO - Processing file /home/ugoo/airflow_env/lib/python3.10/site-packages/airflow/example_dags/example_params_ui_tutorial.py for tasks to queue
[2024-08-22T21:51:17.957+0200] {logging_mixin.py:188} INFO - [2024-08-22T21:51:17.956+0200] {dagbag.py:538} INFO - Filling up the DagBag from /home/ugoo/airflow_env/lib/python3.10/site-packages/airflow/example_dags/example_params_ui_tutorial.py
[2024-08-22T21:51:17.973+0200] {processor.py:840} INFO - DAG(s) 'example_params_ui_tutorial' retrieved from /home/ugoo/airflow_env/lib/python3.10/site-packages/airflow/example_dags/example_params_ui_tutorial.py
[2024-08-22T21:51:18.014+0200] {logging_mixin.py:188} INFO - [2024-08-22T21:51:18.014+0200] {dag.py:3033} INFO - Sync 1 DAGs
[2024-08-22T21:51:18.023+0200] {logging_mixin.py:188} INFO - [2024-08-22T21:51:18.023+0200] {dag.py:3820} INFO - Setting next_dagrun for example_params_ui_tutorial to None, run_after=None
[2024-08-22T21:51:18.043+0200] {processor.py:183} INFO - Processing /home/ugoo/airflow_env/lib/python3.10/site-packages/airflow/example_dags/example_params_ui_tutorial.py took 0.094 seconds
