[2024-08-22T21:47:40.519+0200] {processor.py:161} INFO - Started process (PID=19952) to work on /home/ugoo/airflow_env/lib/python3.10/site-packages/airflow/example_dags/example_kubernetes_executor.py
[2024-08-22T21:47:40.520+0200] {processor.py:830} INFO - Processing file /home/ugoo/airflow_env/lib/python3.10/site-packages/airflow/example_dags/example_kubernetes_executor.py for tasks to queue
[2024-08-22T21:47:40.520+0200] {logging_mixin.py:188} INFO - [2024-08-22T21:47:40.520+0200] {dagbag.py:538} INFO - Filling up the DagBag from /home/ugoo/airflow_env/lib/python3.10/site-packages/airflow/example_dags/example_kubernetes_executor.py
[2024-08-22T21:47:40.533+0200] {processor.py:840} INFO - DAG(s) 'example_kubernetes_executor' retrieved from /home/ugoo/airflow_env/lib/python3.10/site-packages/airflow/example_dags/example_kubernetes_executor.py
[2024-08-22T21:47:40.613+0200] {logging_mixin.py:188} INFO - [2024-08-22T21:47:40.612+0200] {dag.py:3033} INFO - Sync 1 DAGs
[2024-08-22T21:47:40.621+0200] {logging_mixin.py:188} INFO - [2024-08-22T21:47:40.620+0200] {dag.py:3820} INFO - Setting next_dagrun for example_kubernetes_executor to None, run_after=None
[2024-08-22T21:47:40.641+0200] {processor.py:183} INFO - Processing /home/ugoo/airflow_env/lib/python3.10/site-packages/airflow/example_dags/example_kubernetes_executor.py took 0.126 seconds
[2024-08-22T21:48:35.894+0200] {processor.py:161} INFO - Started process (PID=20259) to work on /home/ugoo/airflow_env/lib/python3.10/site-packages/airflow/example_dags/example_kubernetes_executor.py
[2024-08-22T21:48:35.896+0200] {processor.py:830} INFO - Processing file /home/ugoo/airflow_env/lib/python3.10/site-packages/airflow/example_dags/example_kubernetes_executor.py for tasks to queue
[2024-08-22T21:48:35.897+0200] {logging_mixin.py:188} INFO - [2024-08-22T21:48:35.897+0200] {dagbag.py:538} INFO - Filling up the DagBag from /home/ugoo/airflow_env/lib/python3.10/site-packages/airflow/example_dags/example_kubernetes_executor.py
[2024-08-22T21:48:35.908+0200] {processor.py:840} INFO - DAG(s) 'example_kubernetes_executor' retrieved from /home/ugoo/airflow_env/lib/python3.10/site-packages/airflow/example_dags/example_kubernetes_executor.py
[2024-08-22T21:48:35.932+0200] {logging_mixin.py:188} INFO - [2024-08-22T21:48:35.932+0200] {dag.py:3033} INFO - Sync 1 DAGs
[2024-08-22T21:48:35.939+0200] {logging_mixin.py:188} INFO - [2024-08-22T21:48:35.939+0200] {dag.py:3820} INFO - Setting next_dagrun for example_kubernetes_executor to None, run_after=None
[2024-08-22T21:48:35.963+0200] {processor.py:183} INFO - Processing /home/ugoo/airflow_env/lib/python3.10/site-packages/airflow/example_dags/example_kubernetes_executor.py took 0.072 seconds
[2024-08-22T21:49:27.900+0200] {processor.py:161} INFO - Started process (PID=20527) to work on /home/ugoo/airflow_env/lib/python3.10/site-packages/airflow/example_dags/example_kubernetes_executor.py
[2024-08-22T21:49:27.902+0200] {processor.py:830} INFO - Processing file /home/ugoo/airflow_env/lib/python3.10/site-packages/airflow/example_dags/example_kubernetes_executor.py for tasks to queue
[2024-08-22T21:49:27.902+0200] {logging_mixin.py:188} INFO - [2024-08-22T21:49:27.902+0200] {dagbag.py:538} INFO - Filling up the DagBag from /home/ugoo/airflow_env/lib/python3.10/site-packages/airflow/example_dags/example_kubernetes_executor.py
[2024-08-22T21:49:27.912+0200] {processor.py:840} INFO - DAG(s) 'example_kubernetes_executor' retrieved from /home/ugoo/airflow_env/lib/python3.10/site-packages/airflow/example_dags/example_kubernetes_executor.py
[2024-08-22T21:49:27.933+0200] {logging_mixin.py:188} INFO - [2024-08-22T21:49:27.933+0200] {dag.py:3033} INFO - Sync 1 DAGs
[2024-08-22T21:49:28.035+0200] {logging_mixin.py:188} INFO - [2024-08-22T21:49:28.035+0200] {dag.py:3820} INFO - Setting next_dagrun for example_kubernetes_executor to None, run_after=None
[2024-08-22T21:49:28.054+0200] {processor.py:183} INFO - Processing /home/ugoo/airflow_env/lib/python3.10/site-packages/airflow/example_dags/example_kubernetes_executor.py took 0.156 seconds
[2024-08-22T21:50:41.112+0200] {processor.py:161} INFO - Started process (PID=20899) to work on /home/ugoo/airflow_env/lib/python3.10/site-packages/airflow/example_dags/example_kubernetes_executor.py
[2024-08-22T21:50:41.113+0200] {processor.py:830} INFO - Processing file /home/ugoo/airflow_env/lib/python3.10/site-packages/airflow/example_dags/example_kubernetes_executor.py for tasks to queue
[2024-08-22T21:50:41.114+0200] {logging_mixin.py:188} INFO - [2024-08-22T21:50:41.114+0200] {dagbag.py:538} INFO - Filling up the DagBag from /home/ugoo/airflow_env/lib/python3.10/site-packages/airflow/example_dags/example_kubernetes_executor.py
[2024-08-22T21:50:41.123+0200] {processor.py:840} INFO - DAG(s) 'example_kubernetes_executor' retrieved from /home/ugoo/airflow_env/lib/python3.10/site-packages/airflow/example_dags/example_kubernetes_executor.py
[2024-08-22T21:50:41.209+0200] {logging_mixin.py:188} INFO - [2024-08-22T21:50:41.209+0200] {override.py:1769} INFO - Created Permission View: can edit on DAG:example_kubernetes_executor
[2024-08-22T21:50:41.220+0200] {logging_mixin.py:188} INFO - [2024-08-22T21:50:41.220+0200] {override.py:1769} INFO - Created Permission View: can delete on DAG:example_kubernetes_executor
[2024-08-22T21:50:41.228+0200] {logging_mixin.py:188} INFO - [2024-08-22T21:50:41.228+0200] {override.py:1769} INFO - Created Permission View: can read on DAG:example_kubernetes_executor
[2024-08-22T21:50:41.229+0200] {logging_mixin.py:188} INFO - [2024-08-22T21:50:41.228+0200] {dag.py:3033} INFO - Sync 1 DAGs
[2024-08-22T21:50:41.238+0200] {logging_mixin.py:188} INFO - [2024-08-22T21:50:41.238+0200] {dag.py:3055} INFO - Creating ORM DAG for example_kubernetes_executor
[2024-08-22T21:50:41.238+0200] {logging_mixin.py:188} INFO - [2024-08-22T21:50:41.238+0200] {dag.py:3820} INFO - Setting next_dagrun for example_kubernetes_executor to None, run_after=None
[2024-08-22T21:50:41.253+0200] {processor.py:183} INFO - Processing /home/ugoo/airflow_env/lib/python3.10/site-packages/airflow/example_dags/example_kubernetes_executor.py took 0.145 seconds
