[2024-08-22T21:47:22.304+0200] {processor.py:161} INFO - Started process (PID=19861) to work on /home/ugoo/airflow_env/lib/python3.10/site-packages/airflow/example_dags/example_local_kubernetes_executor.py
[2024-08-22T21:47:22.305+0200] {processor.py:830} INFO - Processing file /home/ugoo/airflow_env/lib/python3.10/site-packages/airflow/example_dags/example_local_kubernetes_executor.py for tasks to queue
[2024-08-22T21:47:22.314+0200] {logging_mixin.py:188} INFO - [2024-08-22T21:47:22.305+0200] {dagbag.py:538} INFO - Filling up the DagBag from /home/ugoo/airflow_env/lib/python3.10/site-packages/airflow/example_dags/example_local_kubernetes_executor.py
[2024-08-22T21:47:22.332+0200] {processor.py:840} INFO - DAG(s) 'example_local_kubernetes_executor' retrieved from /home/ugoo/airflow_env/lib/python3.10/site-packages/airflow/example_dags/example_local_kubernetes_executor.py
[2024-08-22T21:47:22.621+0200] {logging_mixin.py:188} INFO - [2024-08-22T21:47:22.620+0200] {dag.py:3033} INFO - Sync 1 DAGs
[2024-08-22T21:47:22.656+0200] {logging_mixin.py:188} INFO - [2024-08-22T21:47:22.655+0200] {dag.py:3820} INFO - Setting next_dagrun for example_local_kubernetes_executor to None, run_after=None
[2024-08-22T21:47:22.741+0200] {processor.py:183} INFO - Processing /home/ugoo/airflow_env/lib/python3.10/site-packages/airflow/example_dags/example_local_kubernetes_executor.py took 0.441 seconds
[2024-08-22T21:48:10.277+0200] {processor.py:161} INFO - Started process (PID=20130) to work on /home/ugoo/airflow_env/lib/python3.10/site-packages/airflow/example_dags/example_local_kubernetes_executor.py
[2024-08-22T21:48:10.279+0200] {processor.py:830} INFO - Processing file /home/ugoo/airflow_env/lib/python3.10/site-packages/airflow/example_dags/example_local_kubernetes_executor.py for tasks to queue
[2024-08-22T21:48:10.279+0200] {logging_mixin.py:188} INFO - [2024-08-22T21:48:10.279+0200] {dagbag.py:538} INFO - Filling up the DagBag from /home/ugoo/airflow_env/lib/python3.10/site-packages/airflow/example_dags/example_local_kubernetes_executor.py
[2024-08-22T21:48:10.286+0200] {processor.py:840} INFO - DAG(s) 'example_local_kubernetes_executor' retrieved from /home/ugoo/airflow_env/lib/python3.10/site-packages/airflow/example_dags/example_local_kubernetes_executor.py
[2024-08-22T21:48:10.306+0200] {logging_mixin.py:188} INFO - [2024-08-22T21:48:10.305+0200] {dag.py:3033} INFO - Sync 1 DAGs
[2024-08-22T21:48:10.312+0200] {logging_mixin.py:188} INFO - [2024-08-22T21:48:10.312+0200] {dag.py:3820} INFO - Setting next_dagrun for example_local_kubernetes_executor to None, run_after=None
[2024-08-22T21:48:10.335+0200] {processor.py:183} INFO - Processing /home/ugoo/airflow_env/lib/python3.10/site-packages/airflow/example_dags/example_local_kubernetes_executor.py took 0.062 seconds
[2024-08-22T21:48:58.071+0200] {processor.py:161} INFO - Started process (PID=20375) to work on /home/ugoo/airflow_env/lib/python3.10/site-packages/airflow/example_dags/example_local_kubernetes_executor.py
[2024-08-22T21:48:58.074+0200] {processor.py:830} INFO - Processing file /home/ugoo/airflow_env/lib/python3.10/site-packages/airflow/example_dags/example_local_kubernetes_executor.py for tasks to queue
[2024-08-22T21:48:58.075+0200] {logging_mixin.py:188} INFO - [2024-08-22T21:48:58.075+0200] {dagbag.py:538} INFO - Filling up the DagBag from /home/ugoo/airflow_env/lib/python3.10/site-packages/airflow/example_dags/example_local_kubernetes_executor.py
[2024-08-22T21:48:58.083+0200] {processor.py:840} INFO - DAG(s) 'example_local_kubernetes_executor' retrieved from /home/ugoo/airflow_env/lib/python3.10/site-packages/airflow/example_dags/example_local_kubernetes_executor.py
[2024-08-22T21:48:58.102+0200] {logging_mixin.py:188} INFO - [2024-08-22T21:48:58.101+0200] {dag.py:3033} INFO - Sync 1 DAGs
[2024-08-22T21:48:58.110+0200] {logging_mixin.py:188} INFO - [2024-08-22T21:48:58.110+0200] {dag.py:3820} INFO - Setting next_dagrun for example_local_kubernetes_executor to None, run_after=None
[2024-08-22T21:48:58.130+0200] {processor.py:183} INFO - Processing /home/ugoo/airflow_env/lib/python3.10/site-packages/airflow/example_dags/example_local_kubernetes_executor.py took 0.061 seconds
[2024-08-22T21:49:54.302+0200] {processor.py:161} INFO - Started process (PID=20659) to work on /home/ugoo/airflow_env/lib/python3.10/site-packages/airflow/example_dags/example_local_kubernetes_executor.py
[2024-08-22T21:49:54.305+0200] {processor.py:830} INFO - Processing file /home/ugoo/airflow_env/lib/python3.10/site-packages/airflow/example_dags/example_local_kubernetes_executor.py for tasks to queue
[2024-08-22T21:49:54.306+0200] {logging_mixin.py:188} INFO - [2024-08-22T21:49:54.305+0200] {dagbag.py:538} INFO - Filling up the DagBag from /home/ugoo/airflow_env/lib/python3.10/site-packages/airflow/example_dags/example_local_kubernetes_executor.py
[2024-08-22T21:49:54.311+0200] {processor.py:840} INFO - DAG(s) 'example_local_kubernetes_executor' retrieved from /home/ugoo/airflow_env/lib/python3.10/site-packages/airflow/example_dags/example_local_kubernetes_executor.py
[2024-08-22T21:49:54.474+0200] {logging_mixin.py:188} INFO - [2024-08-22T21:49:54.474+0200] {override.py:1769} INFO - Created Permission View: can edit on DAG:example_local_kubernetes_executor
[2024-08-22T21:49:54.487+0200] {logging_mixin.py:188} INFO - [2024-08-22T21:49:54.487+0200] {override.py:1769} INFO - Created Permission View: can delete on DAG:example_local_kubernetes_executor
[2024-08-22T21:49:54.499+0200] {logging_mixin.py:188} INFO - [2024-08-22T21:49:54.498+0200] {override.py:1769} INFO - Created Permission View: can read on DAG:example_local_kubernetes_executor
[2024-08-22T21:49:54.499+0200] {logging_mixin.py:188} INFO - [2024-08-22T21:49:54.499+0200] {dag.py:3033} INFO - Sync 1 DAGs
[2024-08-22T21:49:54.509+0200] {logging_mixin.py:188} INFO - [2024-08-22T21:49:54.508+0200] {dag.py:3055} INFO - Creating ORM DAG for example_local_kubernetes_executor
[2024-08-22T21:49:54.509+0200] {logging_mixin.py:188} INFO - [2024-08-22T21:49:54.509+0200] {dag.py:3820} INFO - Setting next_dagrun for example_local_kubernetes_executor to None, run_after=None
[2024-08-22T21:49:54.526+0200] {processor.py:183} INFO - Processing /home/ugoo/airflow_env/lib/python3.10/site-packages/airflow/example_dags/example_local_kubernetes_executor.py took 0.228 seconds
[2024-08-22T21:50:57.496+0200] {processor.py:161} INFO - Started process (PID=20986) to work on /home/ugoo/airflow_env/lib/python3.10/site-packages/airflow/example_dags/example_local_kubernetes_executor.py
[2024-08-22T21:50:57.498+0200] {processor.py:830} INFO - Processing file /home/ugoo/airflow_env/lib/python3.10/site-packages/airflow/example_dags/example_local_kubernetes_executor.py for tasks to queue
[2024-08-22T21:50:57.499+0200] {logging_mixin.py:188} INFO - [2024-08-22T21:50:57.499+0200] {dagbag.py:538} INFO - Filling up the DagBag from /home/ugoo/airflow_env/lib/python3.10/site-packages/airflow/example_dags/example_local_kubernetes_executor.py
[2024-08-22T21:50:57.510+0200] {processor.py:840} INFO - DAG(s) 'example_local_kubernetes_executor' retrieved from /home/ugoo/airflow_env/lib/python3.10/site-packages/airflow/example_dags/example_local_kubernetes_executor.py
[2024-08-22T21:50:57.533+0200] {logging_mixin.py:188} INFO - [2024-08-22T21:50:57.533+0200] {dag.py:3033} INFO - Sync 1 DAGs
[2024-08-22T21:50:57.548+0200] {logging_mixin.py:188} INFO - [2024-08-22T21:50:57.547+0200] {dag.py:3820} INFO - Setting next_dagrun for example_local_kubernetes_executor to None, run_after=None
[2024-08-22T21:50:57.571+0200] {processor.py:183} INFO - Processing /home/ugoo/airflow_env/lib/python3.10/site-packages/airflow/example_dags/example_local_kubernetes_executor.py took 0.080 seconds
