[2024-08-22T21:46:59.190+0200] {processor.py:161} INFO - Started process (PID=19729) to work on /home/ugoo/airflow_env/lib/python3.10/site-packages/airflow/example_dags/example_branch_datetime_operator.py
[2024-08-22T21:46:59.191+0200] {processor.py:830} INFO - Processing file /home/ugoo/airflow_env/lib/python3.10/site-packages/airflow/example_dags/example_branch_datetime_operator.py for tasks to queue
[2024-08-22T21:46:59.191+0200] {logging_mixin.py:188} INFO - [2024-08-22T21:46:59.191+0200] {dagbag.py:538} INFO - Filling up the DagBag from /home/ugoo/airflow_env/lib/python3.10/site-packages/airflow/example_dags/example_branch_datetime_operator.py
[2024-08-22T21:46:59.204+0200] {processor.py:840} INFO - DAG(s) 'example_branch_datetime_operator_3', 'example_branch_datetime_operator_2', 'example_branch_datetime_operator' retrieved from /home/ugoo/airflow_env/lib/python3.10/site-packages/airflow/example_dags/example_branch_datetime_operator.py
[2024-08-22T21:46:59.308+0200] {logging_mixin.py:188} INFO - [2024-08-22T21:46:59.307+0200] {dag.py:3033} INFO - Sync 3 DAGs
[2024-08-22T21:46:59.327+0200] {logging_mixin.py:188} INFO - [2024-08-22T21:46:59.327+0200] {dag.py:3820} INFO - Setting next_dagrun for example_branch_datetime_operator to 2024-08-21T00:00:00+00:00, run_after=2024-08-22T00:00:00+00:00
[2024-08-22T21:46:59.329+0200] {logging_mixin.py:188} INFO - [2024-08-22T21:46:59.329+0200] {dag.py:3820} INFO - Setting next_dagrun for example_branch_datetime_operator_2 to 2024-08-21T00:00:00+00:00, run_after=2024-08-22T00:00:00+00:00
[2024-08-22T21:46:59.330+0200] {logging_mixin.py:188} INFO - [2024-08-22T21:46:59.330+0200] {dag.py:3820} INFO - Setting next_dagrun for example_branch_datetime_operator_3 to 2024-08-21T00:00:00+00:00, run_after=2024-08-22T00:00:00+00:00
[2024-08-22T21:46:59.349+0200] {processor.py:183} INFO - Processing /home/ugoo/airflow_env/lib/python3.10/site-packages/airflow/example_dags/example_branch_datetime_operator.py took 0.163 seconds
[2024-08-22T21:47:53.109+0200] {processor.py:161} INFO - Started process (PID=20029) to work on /home/ugoo/airflow_env/lib/python3.10/site-packages/airflow/example_dags/example_branch_datetime_operator.py
[2024-08-22T21:47:53.111+0200] {processor.py:830} INFO - Processing file /home/ugoo/airflow_env/lib/python3.10/site-packages/airflow/example_dags/example_branch_datetime_operator.py for tasks to queue
[2024-08-22T21:47:53.112+0200] {logging_mixin.py:188} INFO - [2024-08-22T21:47:53.111+0200] {dagbag.py:538} INFO - Filling up the DagBag from /home/ugoo/airflow_env/lib/python3.10/site-packages/airflow/example_dags/example_branch_datetime_operator.py
[2024-08-22T21:47:53.123+0200] {processor.py:840} INFO - DAG(s) 'example_branch_datetime_operator_2', 'example_branch_datetime_operator', 'example_branch_datetime_operator_3' retrieved from /home/ugoo/airflow_env/lib/python3.10/site-packages/airflow/example_dags/example_branch_datetime_operator.py
[2024-08-22T21:47:53.140+0200] {logging_mixin.py:188} INFO - [2024-08-22T21:47:53.140+0200] {dag.py:3033} INFO - Sync 3 DAGs
[2024-08-22T21:47:53.154+0200] {logging_mixin.py:188} INFO - [2024-08-22T21:47:53.154+0200] {dag.py:3820} INFO - Setting next_dagrun for example_branch_datetime_operator to 2024-08-21T00:00:00+00:00, run_after=2024-08-22T00:00:00+00:00
[2024-08-22T21:47:53.157+0200] {logging_mixin.py:188} INFO - [2024-08-22T21:47:53.156+0200] {dag.py:3820} INFO - Setting next_dagrun for example_branch_datetime_operator_2 to 2024-08-21T00:00:00+00:00, run_after=2024-08-22T00:00:00+00:00
[2024-08-22T21:47:53.158+0200] {logging_mixin.py:188} INFO - [2024-08-22T21:47:53.158+0200] {dag.py:3820} INFO - Setting next_dagrun for example_branch_datetime_operator_3 to 2024-08-21T00:00:00+00:00, run_after=2024-08-22T00:00:00+00:00
[2024-08-22T21:47:53.177+0200] {processor.py:183} INFO - Processing /home/ugoo/airflow_env/lib/python3.10/site-packages/airflow/example_dags/example_branch_datetime_operator.py took 0.071 seconds
[2024-08-22T21:48:30.651+0200] {processor.py:161} INFO - Started process (PID=20232) to work on /home/ugoo/airflow_env/lib/python3.10/site-packages/airflow/example_dags/example_branch_datetime_operator.py
[2024-08-22T21:48:30.653+0200] {processor.py:830} INFO - Processing file /home/ugoo/airflow_env/lib/python3.10/site-packages/airflow/example_dags/example_branch_datetime_operator.py for tasks to queue
[2024-08-22T21:48:30.654+0200] {logging_mixin.py:188} INFO - [2024-08-22T21:48:30.654+0200] {dagbag.py:538} INFO - Filling up the DagBag from /home/ugoo/airflow_env/lib/python3.10/site-packages/airflow/example_dags/example_branch_datetime_operator.py
[2024-08-22T21:48:30.668+0200] {processor.py:840} INFO - DAG(s) 'example_branch_datetime_operator_3', 'example_branch_datetime_operator_2', 'example_branch_datetime_operator' retrieved from /home/ugoo/airflow_env/lib/python3.10/site-packages/airflow/example_dags/example_branch_datetime_operator.py
[2024-08-22T21:48:30.704+0200] {logging_mixin.py:188} INFO - [2024-08-22T21:48:30.704+0200] {dag.py:3033} INFO - Sync 3 DAGs
[2024-08-22T21:48:30.724+0200] {logging_mixin.py:188} INFO - [2024-08-22T21:48:30.724+0200] {dag.py:3820} INFO - Setting next_dagrun for example_branch_datetime_operator to 2024-08-21T00:00:00+00:00, run_after=2024-08-22T00:00:00+00:00
[2024-08-22T21:48:30.727+0200] {logging_mixin.py:188} INFO - [2024-08-22T21:48:30.727+0200] {dag.py:3820} INFO - Setting next_dagrun for example_branch_datetime_operator_2 to 2024-08-21T00:00:00+00:00, run_after=2024-08-22T00:00:00+00:00
[2024-08-22T21:48:30.728+0200] {logging_mixin.py:188} INFO - [2024-08-22T21:48:30.728+0200] {dag.py:3820} INFO - Setting next_dagrun for example_branch_datetime_operator_3 to 2024-08-21T00:00:00+00:00, run_after=2024-08-22T00:00:00+00:00
[2024-08-22T21:48:30.750+0200] {processor.py:183} INFO - Processing /home/ugoo/airflow_env/lib/python3.10/site-packages/airflow/example_dags/example_branch_datetime_operator.py took 0.103 seconds
[2024-08-22T21:49:06.064+0200] {processor.py:161} INFO - Started process (PID=20414) to work on /home/ugoo/airflow_env/lib/python3.10/site-packages/airflow/example_dags/example_branch_datetime_operator.py
[2024-08-22T21:49:06.066+0200] {processor.py:830} INFO - Processing file /home/ugoo/airflow_env/lib/python3.10/site-packages/airflow/example_dags/example_branch_datetime_operator.py for tasks to queue
[2024-08-22T21:49:06.068+0200] {logging_mixin.py:188} INFO - [2024-08-22T21:49:06.067+0200] {dagbag.py:538} INFO - Filling up the DagBag from /home/ugoo/airflow_env/lib/python3.10/site-packages/airflow/example_dags/example_branch_datetime_operator.py
[2024-08-22T21:49:06.079+0200] {processor.py:840} INFO - DAG(s) 'example_branch_datetime_operator', 'example_branch_datetime_operator_2', 'example_branch_datetime_operator_3' retrieved from /home/ugoo/airflow_env/lib/python3.10/site-packages/airflow/example_dags/example_branch_datetime_operator.py
[2024-08-22T21:49:06.092+0200] {logging_mixin.py:188} INFO - [2024-08-22T21:49:06.092+0200] {dag.py:3033} INFO - Sync 3 DAGs
[2024-08-22T21:49:06.106+0200] {logging_mixin.py:188} INFO - [2024-08-22T21:49:06.106+0200] {dag.py:3820} INFO - Setting next_dagrun for example_branch_datetime_operator to 2024-08-21T00:00:00+00:00, run_after=2024-08-22T00:00:00+00:00
[2024-08-22T21:49:06.108+0200] {logging_mixin.py:188} INFO - [2024-08-22T21:49:06.108+0200] {dag.py:3820} INFO - Setting next_dagrun for example_branch_datetime_operator_2 to 2024-08-21T00:00:00+00:00, run_after=2024-08-22T00:00:00+00:00
[2024-08-22T21:49:06.110+0200] {logging_mixin.py:188} INFO - [2024-08-22T21:49:06.110+0200] {dag.py:3820} INFO - Setting next_dagrun for example_branch_datetime_operator_3 to 2024-08-21T00:00:00+00:00, run_after=2024-08-22T00:00:00+00:00
[2024-08-22T21:49:06.128+0200] {processor.py:183} INFO - Processing /home/ugoo/airflow_env/lib/python3.10/site-packages/airflow/example_dags/example_branch_datetime_operator.py took 0.068 seconds
[2024-08-22T21:49:57.266+0200] {processor.py:161} INFO - Started process (PID=20674) to work on /home/ugoo/airflow_env/lib/python3.10/site-packages/airflow/example_dags/example_branch_datetime_operator.py
[2024-08-22T21:49:57.269+0200] {processor.py:830} INFO - Processing file /home/ugoo/airflow_env/lib/python3.10/site-packages/airflow/example_dags/example_branch_datetime_operator.py for tasks to queue
[2024-08-22T21:49:57.270+0200] {logging_mixin.py:188} INFO - [2024-08-22T21:49:57.269+0200] {dagbag.py:538} INFO - Filling up the DagBag from /home/ugoo/airflow_env/lib/python3.10/site-packages/airflow/example_dags/example_branch_datetime_operator.py
[2024-08-22T21:49:57.279+0200] {processor.py:840} INFO - DAG(s) 'example_branch_datetime_operator', 'example_branch_datetime_operator_2', 'example_branch_datetime_operator_3' retrieved from /home/ugoo/airflow_env/lib/python3.10/site-packages/airflow/example_dags/example_branch_datetime_operator.py
[2024-08-22T21:49:57.431+0200] {logging_mixin.py:188} INFO - [2024-08-22T21:49:57.430+0200] {override.py:1769} INFO - Created Permission View: can edit on DAG:example_branch_datetime_operator
[2024-08-22T21:49:57.442+0200] {logging_mixin.py:188} INFO - [2024-08-22T21:49:57.441+0200] {override.py:1769} INFO - Created Permission View: can delete on DAG:example_branch_datetime_operator
[2024-08-22T21:49:57.451+0200] {logging_mixin.py:188} INFO - [2024-08-22T21:49:57.451+0200] {override.py:1769} INFO - Created Permission View: can read on DAG:example_branch_datetime_operator
[2024-08-22T21:49:57.470+0200] {logging_mixin.py:188} INFO - [2024-08-22T21:49:57.470+0200] {override.py:1769} INFO - Created Permission View: can edit on DAG:example_branch_datetime_operator_2
[2024-08-22T21:49:57.478+0200] {logging_mixin.py:188} INFO - [2024-08-22T21:49:57.478+0200] {override.py:1769} INFO - Created Permission View: can delete on DAG:example_branch_datetime_operator_2
[2024-08-22T21:49:57.486+0200] {logging_mixin.py:188} INFO - [2024-08-22T21:49:57.486+0200] {override.py:1769} INFO - Created Permission View: can read on DAG:example_branch_datetime_operator_2
[2024-08-22T21:49:57.504+0200] {logging_mixin.py:188} INFO - [2024-08-22T21:49:57.504+0200] {override.py:1769} INFO - Created Permission View: can edit on DAG:example_branch_datetime_operator_3
[2024-08-22T21:49:57.513+0200] {logging_mixin.py:188} INFO - [2024-08-22T21:49:57.512+0200] {override.py:1769} INFO - Created Permission View: can delete on DAG:example_branch_datetime_operator_3
[2024-08-22T21:49:57.521+0200] {logging_mixin.py:188} INFO - [2024-08-22T21:49:57.521+0200] {override.py:1769} INFO - Created Permission View: can read on DAG:example_branch_datetime_operator_3
[2024-08-22T21:49:57.522+0200] {logging_mixin.py:188} INFO - [2024-08-22T21:49:57.522+0200] {dag.py:3033} INFO - Sync 3 DAGs
[2024-08-22T21:49:57.528+0200] {logging_mixin.py:188} INFO - [2024-08-22T21:49:57.528+0200] {dag.py:3055} INFO - Creating ORM DAG for example_branch_datetime_operator
[2024-08-22T21:49:57.529+0200] {logging_mixin.py:188} INFO - [2024-08-22T21:49:57.529+0200] {dag.py:3055} INFO - Creating ORM DAG for example_branch_datetime_operator_3
[2024-08-22T21:49:57.529+0200] {logging_mixin.py:188} INFO - [2024-08-22T21:49:57.529+0200] {dag.py:3055} INFO - Creating ORM DAG for example_branch_datetime_operator_2
[2024-08-22T21:49:57.537+0200] {logging_mixin.py:188} INFO - [2024-08-22T21:49:57.537+0200] {dag.py:3820} INFO - Setting next_dagrun for example_branch_datetime_operator to 2024-08-21T00:00:00+00:00, run_after=2024-08-22T00:00:00+00:00
[2024-08-22T21:49:57.538+0200] {logging_mixin.py:188} INFO - [2024-08-22T21:49:57.538+0200] {dag.py:3820} INFO - Setting next_dagrun for example_branch_datetime_operator_2 to 2024-08-21T00:00:00+00:00, run_after=2024-08-22T00:00:00+00:00
[2024-08-22T21:49:57.539+0200] {logging_mixin.py:188} INFO - [2024-08-22T21:49:57.539+0200] {dag.py:3820} INFO - Setting next_dagrun for example_branch_datetime_operator_3 to 2024-08-21T00:00:00+00:00, run_after=2024-08-22T00:00:00+00:00
[2024-08-22T21:49:57.553+0200] {processor.py:183} INFO - Processing /home/ugoo/airflow_env/lib/python3.10/site-packages/airflow/example_dags/example_branch_datetime_operator.py took 0.291 seconds
[2024-08-22T21:50:47.578+0200] {processor.py:161} INFO - Started process (PID=20938) to work on /home/ugoo/airflow_env/lib/python3.10/site-packages/airflow/example_dags/example_branch_datetime_operator.py
[2024-08-22T21:50:47.580+0200] {processor.py:830} INFO - Processing file /home/ugoo/airflow_env/lib/python3.10/site-packages/airflow/example_dags/example_branch_datetime_operator.py for tasks to queue
[2024-08-22T21:50:47.581+0200] {logging_mixin.py:188} INFO - [2024-08-22T21:50:47.581+0200] {dagbag.py:538} INFO - Filling up the DagBag from /home/ugoo/airflow_env/lib/python3.10/site-packages/airflow/example_dags/example_branch_datetime_operator.py
[2024-08-22T21:50:47.587+0200] {processor.py:840} INFO - DAG(s) 'example_branch_datetime_operator', 'example_branch_datetime_operator_3', 'example_branch_datetime_operator_2' retrieved from /home/ugoo/airflow_env/lib/python3.10/site-packages/airflow/example_dags/example_branch_datetime_operator.py
[2024-08-22T21:50:47.602+0200] {logging_mixin.py:188} INFO - [2024-08-22T21:50:47.602+0200] {dag.py:3033} INFO - Sync 3 DAGs
[2024-08-22T21:50:47.619+0200] {logging_mixin.py:188} INFO - [2024-08-22T21:50:47.618+0200] {dag.py:3820} INFO - Setting next_dagrun for example_branch_datetime_operator to 2024-08-21T00:00:00+00:00, run_after=2024-08-22T00:00:00+00:00
[2024-08-22T21:50:47.622+0200] {logging_mixin.py:188} INFO - [2024-08-22T21:50:47.622+0200] {dag.py:3820} INFO - Setting next_dagrun for example_branch_datetime_operator_2 to 2024-08-21T00:00:00+00:00, run_after=2024-08-22T00:00:00+00:00
[2024-08-22T21:50:47.623+0200] {logging_mixin.py:188} INFO - [2024-08-22T21:50:47.623+0200] {dag.py:3820} INFO - Setting next_dagrun for example_branch_datetime_operator_3 to 2024-08-21T00:00:00+00:00, run_after=2024-08-22T00:00:00+00:00
[2024-08-22T21:50:47.640+0200] {processor.py:183} INFO - Processing /home/ugoo/airflow_env/lib/python3.10/site-packages/airflow/example_dags/example_branch_datetime_operator.py took 0.065 seconds
