[2024-08-22T21:47:18.367+0200] {processor.py:161} INFO - Started process (PID=19826) to work on /home/ugoo/airflow_env/lib/python3.10/site-packages/airflow/example_dags/example_subdag_operator.py
[2024-08-22T21:47:18.368+0200] {processor.py:830} INFO - Processing file /home/ugoo/airflow_env/lib/python3.10/site-packages/airflow/example_dags/example_subdag_operator.py for tasks to queue
[2024-08-22T21:47:18.369+0200] {logging_mixin.py:188} INFO - [2024-08-22T21:47:18.369+0200] {dagbag.py:538} INFO - Filling up the DagBag from /home/ugoo/airflow_env/lib/python3.10/site-packages/airflow/example_dags/example_subdag_operator.py
[2024-08-22T21:47:18.383+0200] {processor.py:840} INFO - DAG(s) 'example_subdag_operator.section-1', 'example_subdag_operator.section-2', 'example_subdag_operator' retrieved from /home/ugoo/airflow_env/lib/python3.10/site-packages/airflow/example_dags/example_subdag_operator.py
[2024-08-22T21:47:18.440+0200] {logging_mixin.py:188} INFO - [2024-08-22T21:47:18.440+0200] {dag.py:3033} INFO - Sync 3 DAGs
[2024-08-22T21:47:18.451+0200] {logging_mixin.py:188} INFO - [2024-08-22T21:47:18.451+0200] {dag.py:3820} INFO - Setting next_dagrun for example_subdag_operator to 2022-01-01T00:00:00+00:00, run_after=2022-01-01T00:00:00+00:00
[2024-08-22T21:47:18.452+0200] {logging_mixin.py:188} INFO - [2024-08-22T21:47:18.452+0200] {dag.py:3820} INFO - Setting next_dagrun for example_subdag_operator.section-1 to None, run_after=None
[2024-08-22T21:47:18.453+0200] {logging_mixin.py:188} INFO - [2024-08-22T21:47:18.453+0200] {dag.py:3820} INFO - Setting next_dagrun for example_subdag_operator.section-2 to None, run_after=None
[2024-08-22T21:47:18.457+0200] {logging_mixin.py:188} INFO - [2024-08-22T21:47:18.456+0200] {dag.py:3033} INFO - Sync 2 DAGs
[2024-08-22T21:47:18.459+0200] {logging_mixin.py:188} INFO - [2024-08-22T21:47:18.459+0200] {dag.py:3820} INFO - Setting next_dagrun for example_subdag_operator.section-1 to None, run_after=None
[2024-08-22T21:47:18.459+0200] {logging_mixin.py:188} INFO - [2024-08-22T21:47:18.459+0200] {dag.py:3820} INFO - Setting next_dagrun for example_subdag_operator.section-2 to None, run_after=None
[2024-08-22T21:47:18.473+0200] {processor.py:183} INFO - Processing /home/ugoo/airflow_env/lib/python3.10/site-packages/airflow/example_dags/example_subdag_operator.py took 0.109 seconds
[2024-08-22T21:48:08.560+0200] {processor.py:161} INFO - Started process (PID=20121) to work on /home/ugoo/airflow_env/lib/python3.10/site-packages/airflow/example_dags/example_subdag_operator.py
[2024-08-22T21:48:08.562+0200] {processor.py:830} INFO - Processing file /home/ugoo/airflow_env/lib/python3.10/site-packages/airflow/example_dags/example_subdag_operator.py for tasks to queue
[2024-08-22T21:48:08.564+0200] {logging_mixin.py:188} INFO - [2024-08-22T21:48:08.563+0200] {dagbag.py:538} INFO - Filling up the DagBag from /home/ugoo/airflow_env/lib/python3.10/site-packages/airflow/example_dags/example_subdag_operator.py
[2024-08-22T21:48:08.582+0200] {processor.py:840} INFO - DAG(s) 'example_subdag_operator.section-1', 'example_subdag_operator.section-2', 'example_subdag_operator' retrieved from /home/ugoo/airflow_env/lib/python3.10/site-packages/airflow/example_dags/example_subdag_operator.py
[2024-08-22T21:48:08.594+0200] {logging_mixin.py:188} INFO - [2024-08-22T21:48:08.594+0200] {dag.py:3033} INFO - Sync 3 DAGs
[2024-08-22T21:48:08.610+0200] {logging_mixin.py:188} INFO - [2024-08-22T21:48:08.610+0200] {dag.py:3820} INFO - Setting next_dagrun for example_subdag_operator to 2022-01-01T00:00:00+00:00, run_after=2022-01-01T00:00:00+00:00
[2024-08-22T21:48:08.613+0200] {logging_mixin.py:188} INFO - [2024-08-22T21:48:08.612+0200] {dag.py:3820} INFO - Setting next_dagrun for example_subdag_operator.section-1 to None, run_after=None
[2024-08-22T21:48:08.615+0200] {logging_mixin.py:188} INFO - [2024-08-22T21:48:08.614+0200] {dag.py:3820} INFO - Setting next_dagrun for example_subdag_operator.section-2 to None, run_after=None
[2024-08-22T21:48:08.620+0200] {logging_mixin.py:188} INFO - [2024-08-22T21:48:08.620+0200] {dag.py:3033} INFO - Sync 2 DAGs
[2024-08-22T21:48:08.624+0200] {logging_mixin.py:188} INFO - [2024-08-22T21:48:08.624+0200] {dag.py:3820} INFO - Setting next_dagrun for example_subdag_operator.section-1 to None, run_after=None
[2024-08-22T21:48:08.624+0200] {logging_mixin.py:188} INFO - [2024-08-22T21:48:08.624+0200] {dag.py:3820} INFO - Setting next_dagrun for example_subdag_operator.section-2 to None, run_after=None
[2024-08-22T21:48:08.641+0200] {processor.py:183} INFO - Processing /home/ugoo/airflow_env/lib/python3.10/site-packages/airflow/example_dags/example_subdag_operator.py took 0.084 seconds
[2024-08-22T21:48:54.766+0200] {processor.py:161} INFO - Started process (PID=20359) to work on /home/ugoo/airflow_env/lib/python3.10/site-packages/airflow/example_dags/example_subdag_operator.py
[2024-08-22T21:48:54.769+0200] {processor.py:830} INFO - Processing file /home/ugoo/airflow_env/lib/python3.10/site-packages/airflow/example_dags/example_subdag_operator.py for tasks to queue
[2024-08-22T21:48:54.770+0200] {logging_mixin.py:188} INFO - [2024-08-22T21:48:54.769+0200] {dagbag.py:538} INFO - Filling up the DagBag from /home/ugoo/airflow_env/lib/python3.10/site-packages/airflow/example_dags/example_subdag_operator.py
[2024-08-22T21:48:54.783+0200] {processor.py:840} INFO - DAG(s) 'example_subdag_operator.section-1', 'example_subdag_operator.section-2', 'example_subdag_operator' retrieved from /home/ugoo/airflow_env/lib/python3.10/site-packages/airflow/example_dags/example_subdag_operator.py
[2024-08-22T21:48:54.796+0200] {logging_mixin.py:188} INFO - [2024-08-22T21:48:54.796+0200] {dag.py:3033} INFO - Sync 3 DAGs
[2024-08-22T21:48:54.809+0200] {logging_mixin.py:188} INFO - [2024-08-22T21:48:54.809+0200] {dag.py:3820} INFO - Setting next_dagrun for example_subdag_operator to 2022-01-01T00:00:00+00:00, run_after=2022-01-01T00:00:00+00:00
[2024-08-22T21:48:54.811+0200] {logging_mixin.py:188} INFO - [2024-08-22T21:48:54.811+0200] {dag.py:3820} INFO - Setting next_dagrun for example_subdag_operator.section-1 to None, run_after=None
[2024-08-22T21:48:54.812+0200] {logging_mixin.py:188} INFO - [2024-08-22T21:48:54.812+0200] {dag.py:3820} INFO - Setting next_dagrun for example_subdag_operator.section-2 to None, run_after=None
[2024-08-22T21:48:54.815+0200] {logging_mixin.py:188} INFO - [2024-08-22T21:48:54.815+0200] {dag.py:3033} INFO - Sync 2 DAGs
[2024-08-22T21:48:54.818+0200] {logging_mixin.py:188} INFO - [2024-08-22T21:48:54.817+0200] {dag.py:3820} INFO - Setting next_dagrun for example_subdag_operator.section-1 to None, run_after=None
[2024-08-22T21:48:54.818+0200] {logging_mixin.py:188} INFO - [2024-08-22T21:48:54.818+0200] {dag.py:3820} INFO - Setting next_dagrun for example_subdag_operator.section-2 to None, run_after=None
[2024-08-22T21:48:54.832+0200] {processor.py:183} INFO - Processing /home/ugoo/airflow_env/lib/python3.10/site-packages/airflow/example_dags/example_subdag_operator.py took 0.068 seconds
[2024-08-22T21:49:49.039+0200] {processor.py:161} INFO - Started process (PID=20636) to work on /home/ugoo/airflow_env/lib/python3.10/site-packages/airflow/example_dags/example_subdag_operator.py
[2024-08-22T21:49:49.042+0200] {processor.py:830} INFO - Processing file /home/ugoo/airflow_env/lib/python3.10/site-packages/airflow/example_dags/example_subdag_operator.py for tasks to queue
[2024-08-22T21:49:49.043+0200] {logging_mixin.py:188} INFO - [2024-08-22T21:49:49.042+0200] {dagbag.py:538} INFO - Filling up the DagBag from /home/ugoo/airflow_env/lib/python3.10/site-packages/airflow/example_dags/example_subdag_operator.py
[2024-08-22T21:49:49.058+0200] {processor.py:840} INFO - DAG(s) 'example_subdag_operator.section-1', 'example_subdag_operator.section-2', 'example_subdag_operator' retrieved from /home/ugoo/airflow_env/lib/python3.10/site-packages/airflow/example_dags/example_subdag_operator.py
[2024-08-22T21:49:49.069+0200] {logging_mixin.py:188} INFO - [2024-08-22T21:49:49.069+0200] {dag.py:3033} INFO - Sync 3 DAGs
[2024-08-22T21:49:49.162+0200] {logging_mixin.py:188} INFO - [2024-08-22T21:49:49.162+0200] {dag.py:3820} INFO - Setting next_dagrun for example_subdag_operator to 2022-01-01T00:00:00+00:00, run_after=2022-01-01T00:00:00+00:00
[2024-08-22T21:49:49.164+0200] {logging_mixin.py:188} INFO - [2024-08-22T21:49:49.164+0200] {dag.py:3820} INFO - Setting next_dagrun for example_subdag_operator.section-1 to None, run_after=None
[2024-08-22T21:49:49.164+0200] {logging_mixin.py:188} INFO - [2024-08-22T21:49:49.164+0200] {dag.py:3820} INFO - Setting next_dagrun for example_subdag_operator.section-2 to None, run_after=None
[2024-08-22T21:49:49.167+0200] {logging_mixin.py:188} INFO - [2024-08-22T21:49:49.167+0200] {dag.py:3033} INFO - Sync 2 DAGs
[2024-08-22T21:49:49.169+0200] {logging_mixin.py:188} INFO - [2024-08-22T21:49:49.169+0200] {dag.py:3820} INFO - Setting next_dagrun for example_subdag_operator.section-1 to None, run_after=None
[2024-08-22T21:49:49.169+0200] {logging_mixin.py:188} INFO - [2024-08-22T21:49:49.169+0200] {dag.py:3820} INFO - Setting next_dagrun for example_subdag_operator.section-2 to None, run_after=None
[2024-08-22T21:49:49.185+0200] {processor.py:183} INFO - Processing /home/ugoo/airflow_env/lib/python3.10/site-packages/airflow/example_dags/example_subdag_operator.py took 0.150 seconds
[2024-08-22T21:50:37.340+0200] {processor.py:161} INFO - Started process (PID=20880) to work on /home/ugoo/airflow_env/lib/python3.10/site-packages/airflow/example_dags/example_subdag_operator.py
[2024-08-22T21:50:37.342+0200] {processor.py:830} INFO - Processing file /home/ugoo/airflow_env/lib/python3.10/site-packages/airflow/example_dags/example_subdag_operator.py for tasks to queue
[2024-08-22T21:50:37.343+0200] {logging_mixin.py:188} INFO - [2024-08-22T21:50:37.342+0200] {dagbag.py:538} INFO - Filling up the DagBag from /home/ugoo/airflow_env/lib/python3.10/site-packages/airflow/example_dags/example_subdag_operator.py
[2024-08-22T21:50:37.358+0200] {processor.py:840} INFO - DAG(s) 'example_subdag_operator.section-1', 'example_subdag_operator.section-2', 'example_subdag_operator' retrieved from /home/ugoo/airflow_env/lib/python3.10/site-packages/airflow/example_dags/example_subdag_operator.py
[2024-08-22T21:50:37.431+0200] {logging_mixin.py:188} INFO - [2024-08-22T21:50:37.431+0200] {override.py:1769} INFO - Created Permission View: can edit on DAG:example_subdag_operator
[2024-08-22T21:50:37.442+0200] {logging_mixin.py:188} INFO - [2024-08-22T21:50:37.441+0200] {override.py:1769} INFO - Created Permission View: can delete on DAG:example_subdag_operator
[2024-08-22T21:50:37.451+0200] {logging_mixin.py:188} INFO - [2024-08-22T21:50:37.451+0200] {override.py:1769} INFO - Created Permission View: can read on DAG:example_subdag_operator
[2024-08-22T21:50:37.452+0200] {logging_mixin.py:188} INFO - [2024-08-22T21:50:37.451+0200] {dag.py:3033} INFO - Sync 3 DAGs
[2024-08-22T21:50:37.459+0200] {logging_mixin.py:188} INFO - [2024-08-22T21:50:37.459+0200] {dag.py:3055} INFO - Creating ORM DAG for example_subdag_operator.section-1
[2024-08-22T21:50:37.460+0200] {logging_mixin.py:188} INFO - [2024-08-22T21:50:37.460+0200] {dag.py:3055} INFO - Creating ORM DAG for example_subdag_operator
[2024-08-22T21:50:37.460+0200] {logging_mixin.py:188} INFO - [2024-08-22T21:50:37.460+0200] {dag.py:3055} INFO - Creating ORM DAG for example_subdag_operator.section-2
[2024-08-22T21:50:37.465+0200] {logging_mixin.py:188} INFO - [2024-08-22T21:50:37.465+0200] {dag.py:3820} INFO - Setting next_dagrun for example_subdag_operator to 2022-01-01T00:00:00+00:00, run_after=2022-01-01T00:00:00+00:00
[2024-08-22T21:50:37.466+0200] {logging_mixin.py:188} INFO - [2024-08-22T21:50:37.466+0200] {dag.py:3820} INFO - Setting next_dagrun for example_subdag_operator.section-1 to None, run_after=None
[2024-08-22T21:50:37.466+0200] {logging_mixin.py:188} INFO - [2024-08-22T21:50:37.466+0200] {dag.py:3820} INFO - Setting next_dagrun for example_subdag_operator.section-2 to None, run_after=None
[2024-08-22T21:50:37.471+0200] {logging_mixin.py:188} INFO - [2024-08-22T21:50:37.470+0200] {dag.py:3033} INFO - Sync 2 DAGs
[2024-08-22T21:50:37.473+0200] {logging_mixin.py:188} INFO - [2024-08-22T21:50:37.473+0200] {dag.py:3820} INFO - Setting next_dagrun for example_subdag_operator.section-1 to None, run_after=None
[2024-08-22T21:50:37.475+0200] {logging_mixin.py:188} INFO - [2024-08-22T21:50:37.475+0200] {dag.py:3820} INFO - Setting next_dagrun for example_subdag_operator.section-2 to None, run_after=None
[2024-08-22T21:50:37.489+0200] {processor.py:183} INFO - Processing /home/ugoo/airflow_env/lib/python3.10/site-packages/airflow/example_dags/example_subdag_operator.py took 0.153 seconds
[2024-08-22T21:51:18.112+0200] {processor.py:161} INFO - Started process (PID=21196) to work on /home/ugoo/airflow_env/lib/python3.10/site-packages/airflow/example_dags/example_subdag_operator.py
[2024-08-22T21:51:18.114+0200] {processor.py:830} INFO - Processing file /home/ugoo/airflow_env/lib/python3.10/site-packages/airflow/example_dags/example_subdag_operator.py for tasks to queue
[2024-08-22T21:51:18.116+0200] {logging_mixin.py:188} INFO - [2024-08-22T21:51:18.115+0200] {dagbag.py:538} INFO - Filling up the DagBag from /home/ugoo/airflow_env/lib/python3.10/site-packages/airflow/example_dags/example_subdag_operator.py
[2024-08-22T21:51:18.150+0200] {processor.py:840} INFO - DAG(s) 'example_subdag_operator.section-1', 'example_subdag_operator.section-2', 'example_subdag_operator' retrieved from /home/ugoo/airflow_env/lib/python3.10/site-packages/airflow/example_dags/example_subdag_operator.py
[2024-08-22T21:51:18.181+0200] {logging_mixin.py:188} INFO - [2024-08-22T21:51:18.180+0200] {dag.py:3033} INFO - Sync 3 DAGs
[2024-08-22T21:51:18.213+0200] {logging_mixin.py:188} INFO - [2024-08-22T21:51:18.213+0200] {dag.py:3820} INFO - Setting next_dagrun for example_subdag_operator to 2022-01-01T00:00:00+00:00, run_after=2022-01-01T00:00:00+00:00
[2024-08-22T21:51:18.217+0200] {logging_mixin.py:188} INFO - [2024-08-22T21:51:18.216+0200] {dag.py:3820} INFO - Setting next_dagrun for example_subdag_operator.section-1 to None, run_after=None
[2024-08-22T21:51:18.218+0200] {logging_mixin.py:188} INFO - [2024-08-22T21:51:18.218+0200] {dag.py:3820} INFO - Setting next_dagrun for example_subdag_operator.section-2 to None, run_after=None
[2024-08-22T21:51:18.224+0200] {logging_mixin.py:188} INFO - [2024-08-22T21:51:18.224+0200] {dag.py:3033} INFO - Sync 2 DAGs
[2024-08-22T21:51:18.227+0200] {logging_mixin.py:188} INFO - [2024-08-22T21:51:18.227+0200] {dag.py:3820} INFO - Setting next_dagrun for example_subdag_operator.section-1 to None, run_after=None
[2024-08-22T21:51:18.228+0200] {logging_mixin.py:188} INFO - [2024-08-22T21:51:18.228+0200] {dag.py:3820} INFO - Setting next_dagrun for example_subdag_operator.section-2 to None, run_after=None
[2024-08-22T21:51:18.247+0200] {processor.py:183} INFO - Processing /home/ugoo/airflow_env/lib/python3.10/site-packages/airflow/example_dags/example_subdag_operator.py took 0.139 seconds
