[2024-08-22T21:46:53.154+0200] {processor.py:161} INFO - Started process (PID=19700) to work on /home/ugoo/airflow_env/lib/python3.10/site-packages/airflow/example_dags/example_external_task_marker_dag.py
[2024-08-22T21:46:53.155+0200] {processor.py:830} INFO - Processing file /home/ugoo/airflow_env/lib/python3.10/site-packages/airflow/example_dags/example_external_task_marker_dag.py for tasks to queue
[2024-08-22T21:46:53.155+0200] {logging_mixin.py:188} INFO - [2024-08-22T21:46:53.155+0200] {dagbag.py:538} INFO - Filling up the DagBag from /home/ugoo/airflow_env/lib/python3.10/site-packages/airflow/example_dags/example_external_task_marker_dag.py
[2024-08-22T21:46:53.164+0200] {processor.py:840} INFO - DAG(s) 'example_external_task_marker_parent', 'example_external_task_marker_child' retrieved from /home/ugoo/airflow_env/lib/python3.10/site-packages/airflow/example_dags/example_external_task_marker_dag.py
[2024-08-22T21:46:53.221+0200] {logging_mixin.py:188} INFO - [2024-08-22T21:46:53.221+0200] {dag.py:3033} INFO - Sync 2 DAGs
[2024-08-22T21:46:53.228+0200] {logging_mixin.py:188} INFO - [2024-08-22T21:46:53.227+0200] {dag.py:3820} INFO - Setting next_dagrun for example_external_task_marker_child to None, run_after=None
[2024-08-22T21:46:53.230+0200] {logging_mixin.py:188} INFO - [2024-08-22T21:46:53.229+0200] {dag.py:3820} INFO - Setting next_dagrun for example_external_task_marker_parent to None, run_after=None
[2024-08-22T21:46:53.246+0200] {processor.py:183} INFO - Processing /home/ugoo/airflow_env/lib/python3.10/site-packages/airflow/example_dags/example_external_task_marker_dag.py took 0.094 seconds
[2024-08-22T21:47:48.347+0200] {processor.py:161} INFO - Started process (PID=20005) to work on /home/ugoo/airflow_env/lib/python3.10/site-packages/airflow/example_dags/example_external_task_marker_dag.py
[2024-08-22T21:47:48.350+0200] {processor.py:830} INFO - Processing file /home/ugoo/airflow_env/lib/python3.10/site-packages/airflow/example_dags/example_external_task_marker_dag.py for tasks to queue
[2024-08-22T21:47:48.351+0200] {logging_mixin.py:188} INFO - [2024-08-22T21:47:48.350+0200] {dagbag.py:538} INFO - Filling up the DagBag from /home/ugoo/airflow_env/lib/python3.10/site-packages/airflow/example_dags/example_external_task_marker_dag.py
[2024-08-22T21:47:48.356+0200] {processor.py:840} INFO - DAG(s) 'example_external_task_marker_parent', 'example_external_task_marker_child' retrieved from /home/ugoo/airflow_env/lib/python3.10/site-packages/airflow/example_dags/example_external_task_marker_dag.py
[2024-08-22T21:47:48.373+0200] {logging_mixin.py:188} INFO - [2024-08-22T21:47:48.373+0200] {dag.py:3033} INFO - Sync 2 DAGs
[2024-08-22T21:47:48.382+0200] {logging_mixin.py:188} INFO - [2024-08-22T21:47:48.381+0200] {dag.py:3820} INFO - Setting next_dagrun for example_external_task_marker_child to None, run_after=None
[2024-08-22T21:47:48.386+0200] {logging_mixin.py:188} INFO - [2024-08-22T21:47:48.386+0200] {dag.py:3820} INFO - Setting next_dagrun for example_external_task_marker_parent to None, run_after=None
[2024-08-22T21:47:48.405+0200] {processor.py:183} INFO - Processing /home/ugoo/airflow_env/lib/python3.10/site-packages/airflow/example_dags/example_external_task_marker_dag.py took 0.061 seconds
[2024-08-22T21:48:25.500+0200] {processor.py:161} INFO - Started process (PID=20207) to work on /home/ugoo/airflow_env/lib/python3.10/site-packages/airflow/example_dags/example_external_task_marker_dag.py
[2024-08-22T21:48:25.503+0200] {processor.py:830} INFO - Processing file /home/ugoo/airflow_env/lib/python3.10/site-packages/airflow/example_dags/example_external_task_marker_dag.py for tasks to queue
[2024-08-22T21:48:25.504+0200] {logging_mixin.py:188} INFO - [2024-08-22T21:48:25.503+0200] {dagbag.py:538} INFO - Filling up the DagBag from /home/ugoo/airflow_env/lib/python3.10/site-packages/airflow/example_dags/example_external_task_marker_dag.py
[2024-08-22T21:48:25.509+0200] {processor.py:840} INFO - DAG(s) 'example_external_task_marker_parent', 'example_external_task_marker_child' retrieved from /home/ugoo/airflow_env/lib/python3.10/site-packages/airflow/example_dags/example_external_task_marker_dag.py
[2024-08-22T21:48:25.523+0200] {logging_mixin.py:188} INFO - [2024-08-22T21:48:25.523+0200] {dag.py:3033} INFO - Sync 2 DAGs
[2024-08-22T21:48:25.532+0200] {logging_mixin.py:188} INFO - [2024-08-22T21:48:25.532+0200] {dag.py:3820} INFO - Setting next_dagrun for example_external_task_marker_child to None, run_after=None
[2024-08-22T21:48:25.536+0200] {logging_mixin.py:188} INFO - [2024-08-22T21:48:25.536+0200] {dag.py:3820} INFO - Setting next_dagrun for example_external_task_marker_parent to None, run_after=None
[2024-08-22T21:48:25.553+0200] {processor.py:183} INFO - Processing /home/ugoo/airflow_env/lib/python3.10/site-packages/airflow/example_dags/example_external_task_marker_dag.py took 0.057 seconds
[2024-08-22T21:49:01.504+0200] {processor.py:161} INFO - Started process (PID=20391) to work on /home/ugoo/airflow_env/lib/python3.10/site-packages/airflow/example_dags/example_external_task_marker_dag.py
[2024-08-22T21:49:01.505+0200] {processor.py:830} INFO - Processing file /home/ugoo/airflow_env/lib/python3.10/site-packages/airflow/example_dags/example_external_task_marker_dag.py for tasks to queue
[2024-08-22T21:49:01.506+0200] {logging_mixin.py:188} INFO - [2024-08-22T21:49:01.506+0200] {dagbag.py:538} INFO - Filling up the DagBag from /home/ugoo/airflow_env/lib/python3.10/site-packages/airflow/example_dags/example_external_task_marker_dag.py
[2024-08-22T21:49:01.511+0200] {processor.py:840} INFO - DAG(s) 'example_external_task_marker_parent', 'example_external_task_marker_child' retrieved from /home/ugoo/airflow_env/lib/python3.10/site-packages/airflow/example_dags/example_external_task_marker_dag.py
[2024-08-22T21:49:01.524+0200] {logging_mixin.py:188} INFO - [2024-08-22T21:49:01.524+0200] {dag.py:3033} INFO - Sync 2 DAGs
[2024-08-22T21:49:01.531+0200] {logging_mixin.py:188} INFO - [2024-08-22T21:49:01.531+0200] {dag.py:3820} INFO - Setting next_dagrun for example_external_task_marker_child to None, run_after=None
[2024-08-22T21:49:01.534+0200] {logging_mixin.py:188} INFO - [2024-08-22T21:49:01.534+0200] {dag.py:3820} INFO - Setting next_dagrun for example_external_task_marker_parent to None, run_after=None
[2024-08-22T21:49:01.555+0200] {processor.py:183} INFO - Processing /home/ugoo/airflow_env/lib/python3.10/site-packages/airflow/example_dags/example_external_task_marker_dag.py took 0.054 seconds
[2024-08-22T21:49:35.437+0200] {processor.py:161} INFO - Started process (PID=20570) to work on /home/ugoo/airflow_env/lib/python3.10/site-packages/airflow/example_dags/example_external_task_marker_dag.py
[2024-08-22T21:49:35.439+0200] {processor.py:830} INFO - Processing file /home/ugoo/airflow_env/lib/python3.10/site-packages/airflow/example_dags/example_external_task_marker_dag.py for tasks to queue
[2024-08-22T21:49:35.440+0200] {logging_mixin.py:188} INFO - [2024-08-22T21:49:35.439+0200] {dagbag.py:538} INFO - Filling up the DagBag from /home/ugoo/airflow_env/lib/python3.10/site-packages/airflow/example_dags/example_external_task_marker_dag.py
[2024-08-22T21:49:35.447+0200] {processor.py:840} INFO - DAG(s) 'example_external_task_marker_parent', 'example_external_task_marker_child' retrieved from /home/ugoo/airflow_env/lib/python3.10/site-packages/airflow/example_dags/example_external_task_marker_dag.py
[2024-08-22T21:49:35.459+0200] {logging_mixin.py:188} INFO - [2024-08-22T21:49:35.459+0200] {dag.py:3033} INFO - Sync 2 DAGs
[2024-08-22T21:49:35.468+0200] {logging_mixin.py:188} INFO - [2024-08-22T21:49:35.468+0200] {dag.py:3820} INFO - Setting next_dagrun for example_external_task_marker_child to None, run_after=None
[2024-08-22T21:49:35.555+0200] {logging_mixin.py:188} INFO - [2024-08-22T21:49:35.555+0200] {dag.py:3820} INFO - Setting next_dagrun for example_external_task_marker_parent to None, run_after=None
[2024-08-22T21:49:35.570+0200] {processor.py:183} INFO - Processing /home/ugoo/airflow_env/lib/python3.10/site-packages/airflow/example_dags/example_external_task_marker_dag.py took 0.137 seconds
[2024-08-22T21:50:23.720+0200] {processor.py:161} INFO - Started process (PID=20804) to work on /home/ugoo/airflow_env/lib/python3.10/site-packages/airflow/example_dags/example_external_task_marker_dag.py
[2024-08-22T21:50:23.722+0200] {processor.py:830} INFO - Processing file /home/ugoo/airflow_env/lib/python3.10/site-packages/airflow/example_dags/example_external_task_marker_dag.py for tasks to queue
[2024-08-22T21:50:23.723+0200] {logging_mixin.py:188} INFO - [2024-08-22T21:50:23.722+0200] {dagbag.py:538} INFO - Filling up the DagBag from /home/ugoo/airflow_env/lib/python3.10/site-packages/airflow/example_dags/example_external_task_marker_dag.py
[2024-08-22T21:50:23.729+0200] {processor.py:840} INFO - DAG(s) 'example_external_task_marker_parent', 'example_external_task_marker_child' retrieved from /home/ugoo/airflow_env/lib/python3.10/site-packages/airflow/example_dags/example_external_task_marker_dag.py
[2024-08-22T21:50:23.905+0200] {logging_mixin.py:188} INFO - [2024-08-22T21:50:23.903+0200] {override.py:1769} INFO - Created Permission View: can edit on DAG:example_external_task_marker_parent
[2024-08-22T21:50:23.967+0200] {logging_mixin.py:188} INFO - [2024-08-22T21:50:23.967+0200] {override.py:1769} INFO - Created Permission View: can delete on DAG:example_external_task_marker_parent
[2024-08-22T21:50:23.986+0200] {logging_mixin.py:188} INFO - [2024-08-22T21:50:23.986+0200] {override.py:1769} INFO - Created Permission View: can read on DAG:example_external_task_marker_parent
[2024-08-22T21:50:24.014+0200] {logging_mixin.py:188} INFO - [2024-08-22T21:50:24.014+0200] {override.py:1769} INFO - Created Permission View: can edit on DAG:example_external_task_marker_child
[2024-08-22T21:50:24.025+0200] {logging_mixin.py:188} INFO - [2024-08-22T21:50:24.025+0200] {override.py:1769} INFO - Created Permission View: can delete on DAG:example_external_task_marker_child
[2024-08-22T21:50:24.046+0200] {logging_mixin.py:188} INFO - [2024-08-22T21:50:24.046+0200] {override.py:1769} INFO - Created Permission View: can read on DAG:example_external_task_marker_child
[2024-08-22T21:50:24.046+0200] {logging_mixin.py:188} INFO - [2024-08-22T21:50:24.046+0200] {dag.py:3033} INFO - Sync 2 DAGs
[2024-08-22T21:50:24.075+0200] {logging_mixin.py:188} INFO - [2024-08-22T21:50:24.074+0200] {dag.py:3055} INFO - Creating ORM DAG for example_external_task_marker_child
[2024-08-22T21:50:24.076+0200] {logging_mixin.py:188} INFO - [2024-08-22T21:50:24.075+0200] {dag.py:3055} INFO - Creating ORM DAG for example_external_task_marker_parent
[2024-08-22T21:50:24.076+0200] {logging_mixin.py:188} INFO - [2024-08-22T21:50:24.076+0200] {dag.py:3820} INFO - Setting next_dagrun for example_external_task_marker_child to None, run_after=None
[2024-08-22T21:50:24.076+0200] {logging_mixin.py:188} INFO - [2024-08-22T21:50:24.076+0200] {dag.py:3820} INFO - Setting next_dagrun for example_external_task_marker_parent to None, run_after=None
[2024-08-22T21:50:24.124+0200] {processor.py:183} INFO - Processing /home/ugoo/airflow_env/lib/python3.10/site-packages/airflow/example_dags/example_external_task_marker_dag.py took 0.407 seconds
[2024-08-22T21:51:07.795+0200] {processor.py:161} INFO - Started process (PID=21142) to work on /home/ugoo/airflow_env/lib/python3.10/site-packages/airflow/example_dags/example_external_task_marker_dag.py
[2024-08-22T21:51:07.797+0200] {processor.py:830} INFO - Processing file /home/ugoo/airflow_env/lib/python3.10/site-packages/airflow/example_dags/example_external_task_marker_dag.py for tasks to queue
[2024-08-22T21:51:07.798+0200] {logging_mixin.py:188} INFO - [2024-08-22T21:51:07.797+0200] {dagbag.py:538} INFO - Filling up the DagBag from /home/ugoo/airflow_env/lib/python3.10/site-packages/airflow/example_dags/example_external_task_marker_dag.py
[2024-08-22T21:51:07.802+0200] {processor.py:840} INFO - DAG(s) 'example_external_task_marker_parent', 'example_external_task_marker_child' retrieved from /home/ugoo/airflow_env/lib/python3.10/site-packages/airflow/example_dags/example_external_task_marker_dag.py
[2024-08-22T21:51:07.815+0200] {logging_mixin.py:188} INFO - [2024-08-22T21:51:07.814+0200] {dag.py:3033} INFO - Sync 2 DAGs
[2024-08-22T21:51:07.823+0200] {logging_mixin.py:188} INFO - [2024-08-22T21:51:07.823+0200] {dag.py:3820} INFO - Setting next_dagrun for example_external_task_marker_child to None, run_after=None
[2024-08-22T21:51:07.826+0200] {logging_mixin.py:188} INFO - [2024-08-22T21:51:07.826+0200] {dag.py:3820} INFO - Setting next_dagrun for example_external_task_marker_parent to None, run_after=None
[2024-08-22T21:51:07.844+0200] {processor.py:183} INFO - Processing /home/ugoo/airflow_env/lib/python3.10/site-packages/airflow/example_dags/example_external_task_marker_dag.py took 0.051 seconds
