[2024-08-22T21:47:19.615+0200] {processor.py:161} INFO - Started process (PID=19834) to work on /home/ugoo/airflow_env/lib/python3.10/site-packages/airflow/example_dags/example_python_decorator.py
[2024-08-22T21:47:19.617+0200] {processor.py:830} INFO - Processing file /home/ugoo/airflow_env/lib/python3.10/site-packages/airflow/example_dags/example_python_decorator.py for tasks to queue
[2024-08-22T21:47:19.618+0200] {logging_mixin.py:188} INFO - [2024-08-22T21:47:19.617+0200] {dagbag.py:538} INFO - Filling up the DagBag from /home/ugoo/airflow_env/lib/python3.10/site-packages/airflow/example_dags/example_python_decorator.py
[2024-08-22T21:47:19.632+0200] {processor.py:840} INFO - DAG(s) 'example_python_decorator' retrieved from /home/ugoo/airflow_env/lib/python3.10/site-packages/airflow/example_dags/example_python_decorator.py
[2024-08-22T21:47:19.724+0200] {logging_mixin.py:188} INFO - [2024-08-22T21:47:19.724+0200] {dag.py:3033} INFO - Sync 1 DAGs
[2024-08-22T21:47:19.731+0200] {logging_mixin.py:188} INFO - [2024-08-22T21:47:19.730+0200] {dag.py:3820} INFO - Setting next_dagrun for example_python_decorator to None, run_after=None
[2024-08-22T21:47:19.756+0200] {processor.py:183} INFO - Processing /home/ugoo/airflow_env/lib/python3.10/site-packages/airflow/example_dags/example_python_decorator.py took 0.143 seconds
[2024-08-22T21:48:08.921+0200] {processor.py:161} INFO - Started process (PID=20123) to work on /home/ugoo/airflow_env/lib/python3.10/site-packages/airflow/example_dags/example_python_decorator.py
[2024-08-22T21:48:08.923+0200] {processor.py:830} INFO - Processing file /home/ugoo/airflow_env/lib/python3.10/site-packages/airflow/example_dags/example_python_decorator.py for tasks to queue
[2024-08-22T21:48:08.924+0200] {logging_mixin.py:188} INFO - [2024-08-22T21:48:08.924+0200] {dagbag.py:538} INFO - Filling up the DagBag from /home/ugoo/airflow_env/lib/python3.10/site-packages/airflow/example_dags/example_python_decorator.py
[2024-08-22T21:48:08.933+0200] {processor.py:840} INFO - DAG(s) 'example_python_decorator' retrieved from /home/ugoo/airflow_env/lib/python3.10/site-packages/airflow/example_dags/example_python_decorator.py
[2024-08-22T21:48:08.951+0200] {logging_mixin.py:188} INFO - [2024-08-22T21:48:08.950+0200] {dag.py:3033} INFO - Sync 1 DAGs
[2024-08-22T21:48:08.959+0200] {logging_mixin.py:188} INFO - [2024-08-22T21:48:08.958+0200] {dag.py:3820} INFO - Setting next_dagrun for example_python_decorator to None, run_after=None
[2024-08-22T21:48:08.985+0200] {processor.py:183} INFO - Processing /home/ugoo/airflow_env/lib/python3.10/site-packages/airflow/example_dags/example_python_decorator.py took 0.068 seconds
[2024-08-22T21:48:55.906+0200] {processor.py:161} INFO - Started process (PID=20364) to work on /home/ugoo/airflow_env/lib/python3.10/site-packages/airflow/example_dags/example_python_decorator.py
[2024-08-22T21:48:55.909+0200] {processor.py:830} INFO - Processing file /home/ugoo/airflow_env/lib/python3.10/site-packages/airflow/example_dags/example_python_decorator.py for tasks to queue
[2024-08-22T21:48:55.910+0200] {logging_mixin.py:188} INFO - [2024-08-22T21:48:55.909+0200] {dagbag.py:538} INFO - Filling up the DagBag from /home/ugoo/airflow_env/lib/python3.10/site-packages/airflow/example_dags/example_python_decorator.py
[2024-08-22T21:48:55.918+0200] {processor.py:840} INFO - DAG(s) 'example_python_decorator' retrieved from /home/ugoo/airflow_env/lib/python3.10/site-packages/airflow/example_dags/example_python_decorator.py
[2024-08-22T21:48:55.932+0200] {logging_mixin.py:188} INFO - [2024-08-22T21:48:55.932+0200] {dag.py:3033} INFO - Sync 1 DAGs
[2024-08-22T21:48:55.940+0200] {logging_mixin.py:188} INFO - [2024-08-22T21:48:55.940+0200] {dag.py:3820} INFO - Setting next_dagrun for example_python_decorator to None, run_after=None
[2024-08-22T21:48:55.964+0200] {processor.py:183} INFO - Processing /home/ugoo/airflow_env/lib/python3.10/site-packages/airflow/example_dags/example_python_decorator.py took 0.061 seconds
[2024-08-22T21:49:50.290+0200] {processor.py:161} INFO - Started process (PID=20642) to work on /home/ugoo/airflow_env/lib/python3.10/site-packages/airflow/example_dags/example_python_decorator.py
[2024-08-22T21:49:50.293+0200] {processor.py:830} INFO - Processing file /home/ugoo/airflow_env/lib/python3.10/site-packages/airflow/example_dags/example_python_decorator.py for tasks to queue
[2024-08-22T21:49:50.294+0200] {logging_mixin.py:188} INFO - [2024-08-22T21:49:50.293+0200] {dagbag.py:538} INFO - Filling up the DagBag from /home/ugoo/airflow_env/lib/python3.10/site-packages/airflow/example_dags/example_python_decorator.py
[2024-08-22T21:49:50.303+0200] {processor.py:840} INFO - DAG(s) 'example_python_decorator' retrieved from /home/ugoo/airflow_env/lib/python3.10/site-packages/airflow/example_dags/example_python_decorator.py
[2024-08-22T21:49:50.318+0200] {logging_mixin.py:188} INFO - [2024-08-22T21:49:50.317+0200] {dag.py:3033} INFO - Sync 1 DAGs
[2024-08-22T21:49:51.301+0200] {logging_mixin.py:188} INFO - [2024-08-22T21:49:51.301+0200] {override.py:1769} INFO - Created Permission View: can edit on DAG:example_python_decorator
[2024-08-22T21:49:51.319+0200] {logging_mixin.py:188} INFO - [2024-08-22T21:49:51.319+0200] {override.py:1769} INFO - Created Permission View: can delete on DAG:example_python_decorator
[2024-08-22T21:49:51.337+0200] {logging_mixin.py:188} INFO - [2024-08-22T21:49:51.337+0200] {override.py:1769} INFO - Created Permission View: can read on DAG:example_python_decorator
[2024-08-22T21:49:51.337+0200] {logging_mixin.py:188} INFO - [2024-08-22T21:49:51.337+0200] {dag.py:3033} INFO - Sync 1 DAGs
[2024-08-22T21:49:51.349+0200] {logging_mixin.py:188} INFO - [2024-08-22T21:49:51.349+0200] {dag.py:3055} INFO - Creating ORM DAG for example_python_decorator
[2024-08-22T21:49:51.350+0200] {logging_mixin.py:188} INFO - [2024-08-22T21:49:51.350+0200] {dag.py:3820} INFO - Setting next_dagrun for example_python_decorator to None, run_after=None
[2024-08-22T21:49:51.596+0200] {processor.py:183} INFO - Processing /home/ugoo/airflow_env/lib/python3.10/site-packages/airflow/example_dags/example_python_decorator.py took 1.308 seconds
[2024-08-22T21:50:38.585+0200] {processor.py:161} INFO - Started process (PID=20886) to work on /home/ugoo/airflow_env/lib/python3.10/site-packages/airflow/example_dags/example_python_decorator.py
[2024-08-22T21:50:38.588+0200] {processor.py:830} INFO - Processing file /home/ugoo/airflow_env/lib/python3.10/site-packages/airflow/example_dags/example_python_decorator.py for tasks to queue
[2024-08-22T21:50:38.589+0200] {logging_mixin.py:188} INFO - [2024-08-22T21:50:38.589+0200] {dagbag.py:538} INFO - Filling up the DagBag from /home/ugoo/airflow_env/lib/python3.10/site-packages/airflow/example_dags/example_python_decorator.py
[2024-08-22T21:50:38.599+0200] {processor.py:840} INFO - DAG(s) 'example_python_decorator' retrieved from /home/ugoo/airflow_env/lib/python3.10/site-packages/airflow/example_dags/example_python_decorator.py
[2024-08-22T21:50:38.611+0200] {logging_mixin.py:188} INFO - [2024-08-22T21:50:38.611+0200] {dag.py:3033} INFO - Sync 1 DAGs
[2024-08-22T21:50:38.618+0200] {logging_mixin.py:188} INFO - [2024-08-22T21:50:38.618+0200] {dag.py:3820} INFO - Setting next_dagrun for example_python_decorator to None, run_after=None
[2024-08-22T21:50:38.644+0200] {processor.py:183} INFO - Processing /home/ugoo/airflow_env/lib/python3.10/site-packages/airflow/example_dags/example_python_decorator.py took 0.062 seconds
