[2024-08-22T21:46:57.932+0200] {processor.py:161} INFO - Started process (PID=19723) to work on /home/ugoo/airflow_env/lib/python3.10/site-packages/airflow/example_dags/tutorial_taskflow_api.py
[2024-08-22T21:46:57.933+0200] {processor.py:830} INFO - Processing file /home/ugoo/airflow_env/lib/python3.10/site-packages/airflow/example_dags/tutorial_taskflow_api.py for tasks to queue
[2024-08-22T21:46:57.933+0200] {logging_mixin.py:188} INFO - [2024-08-22T21:46:57.933+0200] {dagbag.py:538} INFO - Filling up the DagBag from /home/ugoo/airflow_env/lib/python3.10/site-packages/airflow/example_dags/tutorial_taskflow_api.py
[2024-08-22T21:46:57.941+0200] {processor.py:840} INFO - DAG(s) 'tutorial_taskflow_api' retrieved from /home/ugoo/airflow_env/lib/python3.10/site-packages/airflow/example_dags/tutorial_taskflow_api.py
[2024-08-22T21:46:58.005+0200] {logging_mixin.py:188} INFO - [2024-08-22T21:46:58.004+0200] {dag.py:3033} INFO - Sync 1 DAGs
[2024-08-22T21:46:58.013+0200] {logging_mixin.py:188} INFO - [2024-08-22T21:46:58.013+0200] {dag.py:3820} INFO - Setting next_dagrun for tutorial_taskflow_api to None, run_after=None
[2024-08-22T21:46:58.030+0200] {processor.py:183} INFO - Processing /home/ugoo/airflow_env/lib/python3.10/site-packages/airflow/example_dags/tutorial_taskflow_api.py took 0.101 seconds
[2024-08-22T21:47:51.974+0200] {processor.py:161} INFO - Started process (PID=20023) to work on /home/ugoo/airflow_env/lib/python3.10/site-packages/airflow/example_dags/tutorial_taskflow_api.py
[2024-08-22T21:47:51.976+0200] {processor.py:830} INFO - Processing file /home/ugoo/airflow_env/lib/python3.10/site-packages/airflow/example_dags/tutorial_taskflow_api.py for tasks to queue
[2024-08-22T21:47:51.977+0200] {logging_mixin.py:188} INFO - [2024-08-22T21:47:51.977+0200] {dagbag.py:538} INFO - Filling up the DagBag from /home/ugoo/airflow_env/lib/python3.10/site-packages/airflow/example_dags/tutorial_taskflow_api.py
[2024-08-22T21:47:51.981+0200] {processor.py:840} INFO - DAG(s) 'tutorial_taskflow_api' retrieved from /home/ugoo/airflow_env/lib/python3.10/site-packages/airflow/example_dags/tutorial_taskflow_api.py
[2024-08-22T21:47:51.994+0200] {logging_mixin.py:188} INFO - [2024-08-22T21:47:51.994+0200] {dag.py:3033} INFO - Sync 1 DAGs
[2024-08-22T21:47:52.003+0200] {logging_mixin.py:188} INFO - [2024-08-22T21:47:52.003+0200] {dag.py:3820} INFO - Setting next_dagrun for tutorial_taskflow_api to None, run_after=None
[2024-08-22T21:47:52.023+0200] {processor.py:183} INFO - Processing /home/ugoo/airflow_env/lib/python3.10/site-packages/airflow/example_dags/tutorial_taskflow_api.py took 0.051 seconds
[2024-08-22T21:48:30.073+0200] {processor.py:161} INFO - Started process (PID=20229) to work on /home/ugoo/airflow_env/lib/python3.10/site-packages/airflow/example_dags/tutorial_taskflow_api.py
[2024-08-22T21:48:30.076+0200] {processor.py:830} INFO - Processing file /home/ugoo/airflow_env/lib/python3.10/site-packages/airflow/example_dags/tutorial_taskflow_api.py for tasks to queue
[2024-08-22T21:48:30.081+0200] {logging_mixin.py:188} INFO - [2024-08-22T21:48:30.081+0200] {dagbag.py:538} INFO - Filling up the DagBag from /home/ugoo/airflow_env/lib/python3.10/site-packages/airflow/example_dags/tutorial_taskflow_api.py
[2024-08-22T21:48:30.089+0200] {processor.py:840} INFO - DAG(s) 'tutorial_taskflow_api' retrieved from /home/ugoo/airflow_env/lib/python3.10/site-packages/airflow/example_dags/tutorial_taskflow_api.py
[2024-08-22T21:48:30.106+0200] {logging_mixin.py:188} INFO - [2024-08-22T21:48:30.105+0200] {dag.py:3033} INFO - Sync 1 DAGs
[2024-08-22T21:48:30.117+0200] {logging_mixin.py:188} INFO - [2024-08-22T21:48:30.116+0200] {dag.py:3820} INFO - Setting next_dagrun for tutorial_taskflow_api to None, run_after=None
[2024-08-22T21:48:30.142+0200] {processor.py:183} INFO - Processing /home/ugoo/airflow_env/lib/python3.10/site-packages/airflow/example_dags/tutorial_taskflow_api.py took 0.073 seconds
[2024-08-22T21:49:04.903+0200] {processor.py:161} INFO - Started process (PID=20408) to work on /home/ugoo/airflow_env/lib/python3.10/site-packages/airflow/example_dags/tutorial_taskflow_api.py
[2024-08-22T21:49:04.904+0200] {processor.py:830} INFO - Processing file /home/ugoo/airflow_env/lib/python3.10/site-packages/airflow/example_dags/tutorial_taskflow_api.py for tasks to queue
[2024-08-22T21:49:04.905+0200] {logging_mixin.py:188} INFO - [2024-08-22T21:49:04.905+0200] {dagbag.py:538} INFO - Filling up the DagBag from /home/ugoo/airflow_env/lib/python3.10/site-packages/airflow/example_dags/tutorial_taskflow_api.py
[2024-08-22T21:49:04.910+0200] {processor.py:840} INFO - DAG(s) 'tutorial_taskflow_api' retrieved from /home/ugoo/airflow_env/lib/python3.10/site-packages/airflow/example_dags/tutorial_taskflow_api.py
[2024-08-22T21:49:04.920+0200] {logging_mixin.py:188} INFO - [2024-08-22T21:49:04.920+0200] {dag.py:3033} INFO - Sync 1 DAGs
[2024-08-22T21:49:04.928+0200] {logging_mixin.py:188} INFO - [2024-08-22T21:49:04.928+0200] {dag.py:3820} INFO - Setting next_dagrun for tutorial_taskflow_api to None, run_after=None
[2024-08-22T21:49:04.947+0200] {processor.py:183} INFO - Processing /home/ugoo/airflow_env/lib/python3.10/site-packages/airflow/example_dags/tutorial_taskflow_api.py took 0.046 seconds
[2024-08-22T21:49:39.746+0200] {processor.py:161} INFO - Started process (PID=20591) to work on /home/ugoo/airflow_env/lib/python3.10/site-packages/airflow/example_dags/tutorial_taskflow_api.py
[2024-08-22T21:49:39.748+0200] {processor.py:830} INFO - Processing file /home/ugoo/airflow_env/lib/python3.10/site-packages/airflow/example_dags/tutorial_taskflow_api.py for tasks to queue
[2024-08-22T21:49:39.749+0200] {logging_mixin.py:188} INFO - [2024-08-22T21:49:39.748+0200] {dagbag.py:538} INFO - Filling up the DagBag from /home/ugoo/airflow_env/lib/python3.10/site-packages/airflow/example_dags/tutorial_taskflow_api.py
[2024-08-22T21:49:39.758+0200] {processor.py:840} INFO - DAG(s) 'tutorial_taskflow_api' retrieved from /home/ugoo/airflow_env/lib/python3.10/site-packages/airflow/example_dags/tutorial_taskflow_api.py
[2024-08-22T21:49:39.776+0200] {logging_mixin.py:188} INFO - [2024-08-22T21:49:39.775+0200] {dag.py:3033} INFO - Sync 1 DAGs
[2024-08-22T21:49:39.785+0200] {logging_mixin.py:188} INFO - [2024-08-22T21:49:39.784+0200] {dag.py:3820} INFO - Setting next_dagrun for tutorial_taskflow_api to None, run_after=None
[2024-08-22T21:49:39.998+0200] {processor.py:183} INFO - Processing /home/ugoo/airflow_env/lib/python3.10/site-packages/airflow/example_dags/tutorial_taskflow_api.py took 0.254 seconds
[2024-08-22T21:50:28.343+0200] {processor.py:161} INFO - Started process (PID=20826) to work on /home/ugoo/airflow_env/lib/python3.10/site-packages/airflow/example_dags/tutorial_taskflow_api.py
[2024-08-22T21:50:28.344+0200] {processor.py:830} INFO - Processing file /home/ugoo/airflow_env/lib/python3.10/site-packages/airflow/example_dags/tutorial_taskflow_api.py for tasks to queue
[2024-08-22T21:50:28.345+0200] {logging_mixin.py:188} INFO - [2024-08-22T21:50:28.345+0200] {dagbag.py:538} INFO - Filling up the DagBag from /home/ugoo/airflow_env/lib/python3.10/site-packages/airflow/example_dags/tutorial_taskflow_api.py
[2024-08-22T21:50:28.354+0200] {processor.py:840} INFO - DAG(s) 'tutorial_taskflow_api' retrieved from /home/ugoo/airflow_env/lib/python3.10/site-packages/airflow/example_dags/tutorial_taskflow_api.py
[2024-08-22T21:50:28.509+0200] {logging_mixin.py:188} INFO - [2024-08-22T21:50:28.508+0200] {override.py:1769} INFO - Created Permission View: can edit on DAG:tutorial_taskflow_api
[2024-08-22T21:50:28.575+0200] {logging_mixin.py:188} INFO - [2024-08-22T21:50:28.574+0200] {override.py:1769} INFO - Created Permission View: can delete on DAG:tutorial_taskflow_api
[2024-08-22T21:50:28.596+0200] {logging_mixin.py:188} INFO - [2024-08-22T21:50:28.595+0200] {override.py:1769} INFO - Created Permission View: can read on DAG:tutorial_taskflow_api
[2024-08-22T21:50:28.596+0200] {logging_mixin.py:188} INFO - [2024-08-22T21:50:28.596+0200] {dag.py:3033} INFO - Sync 1 DAGs
[2024-08-22T21:50:28.606+0200] {logging_mixin.py:188} INFO - [2024-08-22T21:50:28.605+0200] {dag.py:3055} INFO - Creating ORM DAG for tutorial_taskflow_api
[2024-08-22T21:50:28.606+0200] {logging_mixin.py:188} INFO - [2024-08-22T21:50:28.606+0200] {dag.py:3820} INFO - Setting next_dagrun for tutorial_taskflow_api to None, run_after=None
[2024-08-22T21:50:28.673+0200] {processor.py:183} INFO - Processing /home/ugoo/airflow_env/lib/python3.10/site-packages/airflow/example_dags/tutorial_taskflow_api.py took 0.332 seconds
[2024-08-22T21:51:11.500+0200] {processor.py:161} INFO - Started process (PID=21160) to work on /home/ugoo/airflow_env/lib/python3.10/site-packages/airflow/example_dags/tutorial_taskflow_api.py
[2024-08-22T21:51:11.503+0200] {processor.py:830} INFO - Processing file /home/ugoo/airflow_env/lib/python3.10/site-packages/airflow/example_dags/tutorial_taskflow_api.py for tasks to queue
[2024-08-22T21:51:11.504+0200] {logging_mixin.py:188} INFO - [2024-08-22T21:51:11.503+0200] {dagbag.py:538} INFO - Filling up the DagBag from /home/ugoo/airflow_env/lib/python3.10/site-packages/airflow/example_dags/tutorial_taskflow_api.py
[2024-08-22T21:51:11.509+0200] {processor.py:840} INFO - DAG(s) 'tutorial_taskflow_api' retrieved from /home/ugoo/airflow_env/lib/python3.10/site-packages/airflow/example_dags/tutorial_taskflow_api.py
[2024-08-22T21:51:11.520+0200] {logging_mixin.py:188} INFO - [2024-08-22T21:51:11.520+0200] {dag.py:3033} INFO - Sync 1 DAGs
[2024-08-22T21:51:11.527+0200] {logging_mixin.py:188} INFO - [2024-08-22T21:51:11.527+0200] {dag.py:3820} INFO - Setting next_dagrun for tutorial_taskflow_api to None, run_after=None
[2024-08-22T21:51:11.545+0200] {processor.py:183} INFO - Processing /home/ugoo/airflow_env/lib/python3.10/site-packages/airflow/example_dags/tutorial_taskflow_api.py took 0.049 seconds
