[2024-08-22T23:44:48.409+0200] {taskinstance.py:1957} INFO - Dependencies all met for dep_context=non-requeueable deps ti=<TaskInstance: Ugoo-DAG.upload scheduled__2024-08-22T04:34:00+00:00 [queued]>
[2024-08-22T23:44:48.412+0200] {taskinstance.py:1957} INFO - Dependencies all met for dep_context=requeueable deps ti=<TaskInstance: Ugoo-DAG.upload scheduled__2024-08-22T04:34:00+00:00 [queued]>
[2024-08-22T23:44:48.412+0200] {taskinstance.py:2171} INFO - Starting attempt 2 of 2
[2024-08-22T23:44:48.424+0200] {taskinstance.py:2192} INFO - Executing <Task(PythonOperator): upload> on 2024-08-22 04:34:00+00:00
[2024-08-22T23:44:48.426+0200] {standard_task_runner.py:60} INFO - Started process 51515 to run task
[2024-08-22T23:44:48.428+0200] {standard_task_runner.py:87} INFO - Running: ['airflow', 'tasks', 'run', 'Ugoo-DAG', 'upload', 'scheduled__2024-08-22T04:34:00+00:00', '--job-id', '1051', '--raw', '--subdir', 'DAGS_FOLDER/datadownload.py', '--cfg-path', '/tmp/tmp5ko7kzzx']
[2024-08-22T23:44:48.430+0200] {standard_task_runner.py:88} INFO - Job 1051: Subtask upload
[2024-08-22T23:44:48.456+0200] {task_command.py:423} INFO - Running <TaskInstance: Ugoo-DAG.upload scheduled__2024-08-22T04:34:00+00:00 [running]> on host Ugoo.
[2024-08-22T23:44:48.492+0200] {taskinstance.py:2481} INFO - Exporting env vars: AIRFLOW_CTX_DAG_EMAIL='ugoo@ezekomas.com' AIRFLOW_CTX_DAG_OWNER='Ugoo Ezekoma' AIRFLOW_CTX_DAG_ID='Ugoo-DAG' AIRFLOW_CTX_TASK_ID='upload' AIRFLOW_CTX_EXECUTION_DATE='2024-08-22T04:34:00+00:00' AIRFLOW_CTX_TRY_NUMBER='2' AIRFLOW_CTX_DAG_RUN_ID='scheduled__2024-08-22T04:34:00+00:00'
[2024-08-22T23:44:48.752+0200] {logging_mixin.py:188} INFO - Skipping invalid row: []
[2024-08-22T23:44:48.783+0200] {logging_mixin.py:188} INFO - Skipping invalid row: []
[2024-08-22T23:44:48.809+0200] {logging_mixin.py:188} INFO - Skipping invalid row: []
[2024-08-22T23:44:48.836+0200] {logging_mixin.py:188} INFO - Skipping invalid row: []
[2024-08-22T23:44:48.862+0200] {logging_mixin.py:188} INFO - Skipping invalid row: []
[2024-08-22T23:44:48.888+0200] {logging_mixin.py:188} INFO - Skipping invalid row: []
[2024-08-22T23:44:48.913+0200] {logging_mixin.py:188} INFO - Skipping invalid row: []
[2024-08-22T23:44:48.939+0200] {logging_mixin.py:188} INFO - Skipping invalid row: []
[2024-08-22T23:44:48.964+0200] {logging_mixin.py:188} INFO - Skipping invalid row: []
[2024-08-22T23:44:48.990+0200] {logging_mixin.py:188} INFO - Skipping invalid row: []
[2024-08-22T23:44:49.015+0200] {logging_mixin.py:188} INFO - Skipping invalid row: []
[2024-08-22T23:44:49.041+0200] {logging_mixin.py:188} INFO - Skipping invalid row: []
[2024-08-22T23:44:49.065+0200] {logging_mixin.py:188} INFO - Skipping invalid row: []
[2024-08-22T23:44:49.090+0200] {logging_mixin.py:188} INFO - Skipping invalid row: []
[2024-08-22T23:44:49.116+0200] {logging_mixin.py:188} INFO - Skipping invalid row: []
[2024-08-22T23:44:49.149+0200] {logging_mixin.py:188} INFO - Skipping invalid row: []
[2024-08-22T23:44:49.186+0200] {logging_mixin.py:188} INFO - Skipping invalid row: []
[2024-08-22T23:44:49.211+0200] {logging_mixin.py:188} INFO - Skipping invalid row: []
[2024-08-22T23:44:49.256+0200] {logging_mixin.py:188} INFO - Skipping invalid row: []
[2024-08-22T23:44:49.280+0200] {logging_mixin.py:188} INFO - Skipping invalid row: []
[2024-08-22T23:44:49.305+0200] {logging_mixin.py:188} INFO - Skipping invalid row: []
[2024-08-22T23:44:49.339+0200] {logging_mixin.py:188} INFO - Skipping invalid row: []
[2024-08-22T23:44:49.364+0200] {logging_mixin.py:188} INFO - Skipping invalid row: []
[2024-08-22T23:44:49.390+0200] {logging_mixin.py:188} INFO - Skipping invalid row: []
[2024-08-22T23:44:49.419+0200] {logging_mixin.py:188} INFO - Skipping invalid row: []
[2024-08-22T23:44:49.445+0200] {logging_mixin.py:188} INFO - Skipping invalid row: []
[2024-08-22T23:44:49.471+0200] {logging_mixin.py:188} INFO - Skipping invalid row: []
[2024-08-22T23:44:49.498+0200] {logging_mixin.py:188} INFO - Skipping invalid row: []
[2024-08-22T23:44:49.523+0200] {logging_mixin.py:188} INFO - Skipping invalid row: []
[2024-08-22T23:44:49.547+0200] {logging_mixin.py:188} INFO - Skipping invalid row: []
[2024-08-22T23:44:49.575+0200] {logging_mixin.py:188} INFO - Skipping invalid row: []
[2024-08-22T23:44:49.600+0200] {logging_mixin.py:188} INFO - Skipping invalid row: []
[2024-08-22T23:44:49.624+0200] {logging_mixin.py:188} INFO - Skipping invalid row: []
[2024-08-22T23:44:49.650+0200] {logging_mixin.py:188} INFO - Skipping invalid row: []
[2024-08-22T23:44:49.676+0200] {logging_mixin.py:188} INFO - Skipping invalid row: []
[2024-08-22T23:44:49.702+0200] {logging_mixin.py:188} INFO - Skipping invalid row: []
[2024-08-22T23:44:49.728+0200] {logging_mixin.py:188} INFO - Skipping invalid row: []
[2024-08-22T23:44:49.754+0200] {logging_mixin.py:188} INFO - Skipping invalid row: []
[2024-08-22T23:44:49.784+0200] {logging_mixin.py:188} INFO - Skipping invalid row: []
[2024-08-22T23:44:49.809+0200] {logging_mixin.py:188} INFO - Skipping invalid row: []
[2024-08-22T23:44:49.837+0200] {logging_mixin.py:188} INFO - Skipping invalid row: []
[2024-08-22T23:44:49.862+0200] {logging_mixin.py:188} INFO - Skipping invalid row: []
[2024-08-22T23:44:49.889+0200] {logging_mixin.py:188} INFO - Skipping invalid row: []
[2024-08-22T23:44:49.915+0200] {logging_mixin.py:188} INFO - Skipping invalid row: []
[2024-08-22T23:44:49.942+0200] {logging_mixin.py:188} INFO - Skipping invalid row: []
[2024-08-22T23:44:49.967+0200] {logging_mixin.py:188} INFO - Skipping invalid row: []
[2024-08-22T23:44:49.994+0200] {logging_mixin.py:188} INFO - Skipping invalid row: []
[2024-08-22T23:44:50.021+0200] {logging_mixin.py:188} INFO - Skipping invalid row: []
[2024-08-22T23:44:50.046+0200] {logging_mixin.py:188} INFO - Skipping invalid row: []
[2024-08-22T23:44:50.074+0200] {logging_mixin.py:188} INFO - Skipping invalid row: []
[2024-08-22T23:44:50.100+0200] {logging_mixin.py:188} INFO - Skipping invalid row: []
[2024-08-22T23:44:50.126+0200] {logging_mixin.py:188} INFO - Skipping invalid row: []
[2024-08-22T23:44:50.152+0200] {logging_mixin.py:188} INFO - Skipping invalid row: []
[2024-08-22T23:44:50.177+0200] {logging_mixin.py:188} INFO - Skipping invalid row: []
[2024-08-22T23:44:50.203+0200] {logging_mixin.py:188} INFO - Skipping invalid row: []
[2024-08-22T23:44:50.228+0200] {logging_mixin.py:188} INFO - Skipping invalid row: []
[2024-08-22T23:44:50.254+0200] {logging_mixin.py:188} INFO - Skipping invalid row: []
[2024-08-22T23:44:50.282+0200] {logging_mixin.py:188} INFO - Skipping invalid row: []
[2024-08-22T23:44:50.310+0200] {logging_mixin.py:188} INFO - Skipping invalid row: []
[2024-08-22T23:44:50.336+0200] {logging_mixin.py:188} INFO - Skipping invalid row: []
[2024-08-22T23:44:50.362+0200] {logging_mixin.py:188} INFO - Skipping invalid row: []
[2024-08-22T23:44:50.389+0200] {logging_mixin.py:188} INFO - Skipping invalid row: []
[2024-08-22T23:44:50.416+0200] {logging_mixin.py:188} INFO - Skipping invalid row: []
[2024-08-22T23:44:50.446+0200] {logging_mixin.py:188} INFO - Skipping invalid row: []
[2024-08-22T23:44:50.472+0200] {logging_mixin.py:188} INFO - Skipping invalid row: []
[2024-08-22T23:44:50.498+0200] {logging_mixin.py:188} INFO - Skipping invalid row: []
[2024-08-22T23:44:50.525+0200] {logging_mixin.py:188} INFO - Skipping invalid row: []
[2024-08-22T23:44:50.554+0200] {logging_mixin.py:188} INFO - Skipping invalid row: []
[2024-08-22T23:44:50.579+0200] {logging_mixin.py:188} INFO - Skipping invalid row: []
[2024-08-22T23:44:50.603+0200] {logging_mixin.py:188} INFO - Skipping invalid row: []
[2024-08-22T23:44:50.631+0200] {logging_mixin.py:188} INFO - Skipping invalid row: []
[2024-08-22T23:44:50.655+0200] {logging_mixin.py:188} INFO - Skipping invalid row: []
[2024-08-22T23:44:50.679+0200] {logging_mixin.py:188} INFO - Skipping invalid row: []
[2024-08-22T23:44:50.705+0200] {logging_mixin.py:188} INFO - Skipping invalid row: []
[2024-08-22T23:44:50.732+0200] {logging_mixin.py:188} INFO - Skipping invalid row: []
[2024-08-22T23:44:50.759+0200] {logging_mixin.py:188} INFO - Skipping invalid row: []
[2024-08-22T23:44:50.785+0200] {logging_mixin.py:188} INFO - Skipping invalid row: []
[2024-08-22T23:44:50.813+0200] {logging_mixin.py:188} INFO - Skipping invalid row: []
[2024-08-22T23:44:50.839+0200] {logging_mixin.py:188} INFO - Skipping invalid row: []
[2024-08-22T23:44:50.867+0200] {logging_mixin.py:188} INFO - Skipping invalid row: []
[2024-08-22T23:44:50.895+0200] {logging_mixin.py:188} INFO - Skipping invalid row: []
[2024-08-22T23:44:50.922+0200] {logging_mixin.py:188} INFO - Skipping invalid row: []
[2024-08-22T23:44:50.947+0200] {logging_mixin.py:188} INFO - Skipping invalid row: []
[2024-08-22T23:44:50.973+0200] {logging_mixin.py:188} INFO - Skipping invalid row: []
[2024-08-22T23:44:50.999+0200] {logging_mixin.py:188} INFO - Skipping invalid row: []
[2024-08-22T23:44:51.024+0200] {logging_mixin.py:188} INFO - Skipping invalid row: []
[2024-08-22T23:44:51.051+0200] {logging_mixin.py:188} INFO - Skipping invalid row: []
[2024-08-22T23:44:51.077+0200] {logging_mixin.py:188} INFO - Skipping invalid row: []
[2024-08-22T23:44:51.104+0200] {logging_mixin.py:188} INFO - Skipping invalid row: []
[2024-08-22T23:44:51.133+0200] {logging_mixin.py:188} INFO - Skipping invalid row: []
[2024-08-22T23:44:51.160+0200] {logging_mixin.py:188} INFO - Skipping invalid row: []
[2024-08-22T23:44:51.185+0200] {logging_mixin.py:188} INFO - Skipping invalid row: []
[2024-08-22T23:44:51.211+0200] {logging_mixin.py:188} INFO - Skipping invalid row: []
[2024-08-22T23:44:51.237+0200] {logging_mixin.py:188} INFO - Skipping invalid row: []
[2024-08-22T23:44:51.262+0200] {logging_mixin.py:188} INFO - Skipping invalid row: []
[2024-08-22T23:44:51.287+0200] {logging_mixin.py:188} INFO - Skipping invalid row: []
[2024-08-22T23:44:51.312+0200] {logging_mixin.py:188} INFO - Skipping invalid row: []
[2024-08-22T23:44:51.338+0200] {logging_mixin.py:188} INFO - Skipping invalid row: []
[2024-08-22T23:44:51.363+0200] {logging_mixin.py:188} INFO - Skipping invalid row: []
[2024-08-22T23:44:51.388+0200] {logging_mixin.py:188} INFO - Skipping invalid row: []
[2024-08-22T23:44:51.413+0200] {logging_mixin.py:188} INFO - Skipping invalid row: []
[2024-08-22T23:44:51.440+0200] {logging_mixin.py:188} INFO - Data uploaded successfully to PostgreSQL database.
[2024-08-22T23:44:51.441+0200] {python.py:201} INFO - Done. Returned value was: None
[2024-08-22T23:44:51.447+0200] {taskinstance.py:1138} INFO - Marking task as SUCCESS. dag_id=Ugoo-DAG, task_id=upload, execution_date=20240822T043400, start_date=20240822T214448, end_date=20240822T214451
[2024-08-22T23:44:51.466+0200] {local_task_job_runner.py:234} INFO - Task exited with return code 0
[2024-08-22T23:44:51.474+0200] {taskinstance.py:3281} INFO - 0 downstream tasks scheduled from follow-on schedule check
