[2024-08-23T13:46:39.167+0200] {taskinstance.py:1957} INFO - Dependencies all met for dep_context=non-requeueable deps ti=<TaskInstance: Ugoo-DAG.upload scheduled__2024-08-23T10:00:00+00:00 [queued]>
[2024-08-23T13:46:39.173+0200] {taskinstance.py:1957} INFO - Dependencies all met for dep_context=requeueable deps ti=<TaskInstance: Ugoo-DAG.upload scheduled__2024-08-23T10:00:00+00:00 [queued]>
[2024-08-23T13:46:39.173+0200] {taskinstance.py:2171} INFO - Starting attempt 1 of 2
[2024-08-23T13:46:39.185+0200] {taskinstance.py:2192} INFO - Executing <Task(PythonOperator): upload> on 2024-08-23 10:00:00+00:00
[2024-08-23T13:46:39.188+0200] {standard_task_runner.py:60} INFO - Started process 118519 to run task
[2024-08-23T13:46:39.191+0200] {standard_task_runner.py:87} INFO - Running: ['airflow', 'tasks', 'run', 'Ugoo-DAG', 'upload', 'scheduled__2024-08-23T10:00:00+00:00', '--job-id', '1261', '--raw', '--subdir', 'DAGS_FOLDER/datadownload.py', '--cfg-path', '/tmp/tmphde0dfja']
[2024-08-23T13:46:39.193+0200] {standard_task_runner.py:88} INFO - Job 1261: Subtask upload
[2024-08-23T13:46:39.217+0200] {task_command.py:423} INFO - Running <TaskInstance: Ugoo-DAG.upload scheduled__2024-08-23T10:00:00+00:00 [running]> on host Ugoo.
[2024-08-23T13:46:39.269+0200] {taskinstance.py:2481} INFO - Exporting env vars: AIRFLOW_CTX_DAG_EMAIL='ugoo@ezekomas.com' AIRFLOW_CTX_DAG_OWNER='Ugoo Ezekoma' AIRFLOW_CTX_DAG_ID='Ugoo-DAG' AIRFLOW_CTX_TASK_ID='upload' AIRFLOW_CTX_EXECUTION_DATE='2024-08-23T10:00:00+00:00' AIRFLOW_CTX_TRY_NUMBER='1' AIRFLOW_CTX_DAG_RUN_ID='scheduled__2024-08-23T10:00:00+00:00'
[2024-08-23T13:46:39.599+0200] {logging_mixin.py:188} INFO - Skipping invalid row: []
[2024-08-23T13:46:39.601+0200] {logging_mixin.py:188} INFO - Skipping already processed row: ['2021-02-07 13:55:01', 'Edb35d96-3b72-7765-bd21-e955a87675b2']
[2024-08-23T13:46:39.601+0200] {logging_mixin.py:188} INFO - Skipping invalid row: []
[2024-08-23T13:46:39.601+0200] {logging_mixin.py:188} INFO - Skipping already processed row: ['2020-07-16 15:36:41', '7aebc97c-7bd4-ba94-837a-8cdb3e880226']
[2024-08-23T13:46:39.601+0200] {logging_mixin.py:188} INFO - Skipping invalid row: []
[2024-08-23T13:46:39.629+0200] {logging_mixin.py:188} INFO - Skipping invalid row: []
[2024-08-23T13:46:39.629+0200] {logging_mixin.py:188} INFO - Skipping already processed row: ['2020-07-13 16:23:35', '06a1b090-9696-2173-2a3b-d2c45aa069d6']
[2024-08-23T13:46:39.629+0200] {logging_mixin.py:188} INFO - Skipping invalid row: []
[2024-08-23T13:46:39.655+0200] {logging_mixin.py:188} INFO - Skipping invalid row: []
[2024-08-23T13:46:39.655+0200] {logging_mixin.py:188} INFO - Skipping already processed row: ['2021-03-07 19:38:33', '2e8af9fb-711b-dabc-0b54-a583ea6ca5fc']
[2024-08-23T13:46:39.656+0200] {logging_mixin.py:188} INFO - Skipping invalid row: []
[2024-08-23T13:46:39.656+0200] {logging_mixin.py:188} INFO - Skipping already processed row: ['2020-08-25 01:58:29', 'F8fc0124-be9e-2e57-645f-b015e16dd116']
[2024-08-23T13:46:39.656+0200] {logging_mixin.py:188} INFO - Skipping invalid row: []
[2024-08-23T13:46:39.682+0200] {logging_mixin.py:188} INFO - Skipping invalid row: []
[2024-08-23T13:46:39.707+0200] {logging_mixin.py:188} INFO - Skipping invalid row: []
[2024-08-23T13:46:39.707+0200] {logging_mixin.py:188} INFO - Skipping already processed row: ['2020-11-13 17:27:03', '89195f94-911d-3230-6298-bd9744f92059']
[2024-08-23T13:46:39.707+0200] {logging_mixin.py:188} INFO - Skipping invalid row: []
[2024-08-23T13:46:39.732+0200] {logging_mixin.py:188} INFO - Skipping invalid row: []
[2024-08-23T13:46:39.755+0200] {logging_mixin.py:188} INFO - Skipping invalid row: []
[2024-08-23T13:46:39.779+0200] {logging_mixin.py:188} INFO - Skipping invalid row: []
[2024-08-23T13:46:39.780+0200] {logging_mixin.py:188} INFO - Skipping already processed row: ['2021-06-21 06:59:16', '070415f9-2aad-b246-29ea-470fef936d3e']
[2024-08-23T13:46:39.780+0200] {logging_mixin.py:188} INFO - Skipping invalid row: []
[2024-08-23T13:46:39.780+0200] {logging_mixin.py:188} INFO - Skipping already processed row: ['2021-05-16 13:53:54', '02744352-ee79-a24c-a92e-c569d226af51']
[2024-08-23T13:46:39.780+0200] {logging_mixin.py:188} INFO - Skipping invalid row: []
[2024-08-23T13:46:39.806+0200] {logging_mixin.py:188} INFO - Skipping invalid row: []
[2024-08-23T13:46:39.831+0200] {logging_mixin.py:188} INFO - Skipping invalid row: []
[2024-08-23T13:46:39.832+0200] {logging_mixin.py:188} INFO - Skipping already processed row: ['2021-04-15 00:18:50', '8a6b46c7-277b-befc-2cb3-603f4add30ec']
[2024-08-23T13:46:39.832+0200] {logging_mixin.py:188} INFO - Skipping invalid row: []
[2024-08-23T13:46:39.857+0200] {logging_mixin.py:188} INFO - Skipping invalid row: []
[2024-08-23T13:46:39.857+0200] {logging_mixin.py:188} INFO - Skipping already processed row: ['2020-09-30 11:06:48', '764f8fea-dfb7-4a6a-65b6-80164e6329d6']
[2024-08-23T13:46:39.858+0200] {logging_mixin.py:188} INFO - Skipping invalid row: []
[2024-08-23T13:46:39.881+0200] {logging_mixin.py:188} INFO - Skipping invalid row: []
[2024-08-23T13:46:39.904+0200] {logging_mixin.py:188} INFO - Skipping invalid row: []
[2024-08-23T13:46:39.927+0200] {logging_mixin.py:188} INFO - Skipping invalid row: []
[2024-08-23T13:46:39.950+0200] {logging_mixin.py:188} INFO - Skipping invalid row: []
[2024-08-23T13:46:39.950+0200] {logging_mixin.py:188} INFO - Skipping already processed row: ['2021-03-21 02:14:52', 'A722aa34-ec37-3168-c7f1-569cad44973b']
[2024-08-23T13:46:39.951+0200] {logging_mixin.py:188} INFO - Skipping invalid row: []
[2024-08-23T13:46:39.951+0200] {logging_mixin.py:188} INFO - Skipping already processed row: ['2020-08-10 17:29:16', 'Ae0f1894-b8c2-7953-4d0b-1237ccc8d4c2']
[2024-08-23T13:46:39.951+0200] {logging_mixin.py:188} INFO - Skipping invalid row: []
[2024-08-23T13:46:39.951+0200] {logging_mixin.py:188} INFO - Skipping already processed row: ['2021-04-01 13:10:11', 'Efd8051b-3e42-e09c-928f-206182b9c305']
[2024-08-23T13:46:39.951+0200] {logging_mixin.py:188} INFO - Skipping invalid row: []
[2024-08-23T13:46:39.974+0200] {logging_mixin.py:188} INFO - Skipping invalid row: []
[2024-08-23T13:46:39.974+0200] {logging_mixin.py:188} INFO - Skipping already processed row: ['2021-04-19 20:31:02', '8a7206ef-8368-3bb2-54d3-cd44552e45c4']
[2024-08-23T13:46:39.975+0200] {logging_mixin.py:188} INFO - Skipping invalid row: []
[2024-08-23T13:46:39.975+0200] {logging_mixin.py:188} INFO - Skipping already processed row: ['2021-05-13 20:24:11', '08f85212-d775-2328-7e48-774c52cbbb97']
[2024-08-23T13:46:39.975+0200] {logging_mixin.py:188} INFO - Skipping invalid row: []
[2024-08-23T13:46:39.998+0200] {logging_mixin.py:188} INFO - Skipping invalid row: []
[2024-08-23T13:46:40.023+0200] {logging_mixin.py:188} INFO - Skipping invalid row: []
[2024-08-23T13:46:40.023+0200] {logging_mixin.py:188} INFO - Skipping already processed row: ['2020-12-25 12:24:02', 'Efee0a1d-c153-8382-ca93-c657f154e85c']
[2024-08-23T13:46:40.023+0200] {logging_mixin.py:188} INFO - Skipping invalid row: []
[2024-08-23T13:46:40.023+0200] {logging_mixin.py:188} INFO - Skipping already processed row: ['2020-08-20 08:21:41', '77de6458-1951-0e79-9019-f09977181433']
[2024-08-23T13:46:40.023+0200] {logging_mixin.py:188} INFO - Skipping invalid row: []
[2024-08-23T13:46:40.023+0200] {logging_mixin.py:188} INFO - Skipping already processed row: ['2020-07-24 05:12:54', '707a2d9d-9275-f686-992f-2b0de82a378c']
[2024-08-23T13:46:40.023+0200] {logging_mixin.py:188} INFO - Skipping invalid row: []
[2024-08-23T13:46:40.024+0200] {logging_mixin.py:188} INFO - Skipping already processed row: ['2020-12-17 00:28:42', 'D81a6df8-45d4-a40a-8204-bbd662c4188d']
[2024-08-23T13:46:40.024+0200] {logging_mixin.py:188} INFO - Skipping invalid row: []
[2024-08-23T13:46:40.049+0200] {logging_mixin.py:188} INFO - Skipping invalid row: []
[2024-08-23T13:46:40.075+0200] {logging_mixin.py:188} INFO - Skipping invalid row: []
[2024-08-23T13:46:40.100+0200] {logging_mixin.py:188} INFO - Skipping invalid row: []
[2024-08-23T13:46:40.100+0200] {logging_mixin.py:188} INFO - Skipping already processed row: ['2020-10-15 09:33:34', 'Eff8a635-5929-fb66-aab6-9ec4b50e5269']
[2024-08-23T13:46:40.100+0200] {logging_mixin.py:188} INFO - Skipping invalid row: []
[2024-08-23T13:46:40.126+0200] {logging_mixin.py:188} INFO - Skipping invalid row: []
[2024-08-23T13:46:40.152+0200] {logging_mixin.py:188} INFO - Skipping invalid row: []
[2024-08-23T13:46:40.152+0200] {logging_mixin.py:188} INFO - Skipping already processed row: ['2020-08-13 02:50:10', 'Cd7974d5-c906-d1ce-ca16-9e8f3d3dfb1a']
[2024-08-23T13:46:40.152+0200] {logging_mixin.py:188} INFO - Skipping invalid row: []
[2024-08-23T13:46:40.152+0200] {logging_mixin.py:188} INFO - Skipping already processed row: ['2020-07-28 16:31:05', 'A0287b58-b42a-84e5-db34-fc7b3969f106']
[2024-08-23T13:46:40.152+0200] {logging_mixin.py:188} INFO - Skipping invalid row: []
[2024-08-23T13:46:40.152+0200] {logging_mixin.py:188} INFO - Skipping already processed row: ['2021-01-30 03:41:47', '6b4488a9-33aa-717a-54a2-674d4060cc8b']
[2024-08-23T13:46:40.152+0200] {logging_mixin.py:188} INFO - Skipping invalid row: []
[2024-08-23T13:46:40.153+0200] {logging_mixin.py:188} INFO - Skipping already processed row: ['2021-04-28 18:11:25', '5c9414b4-79ce-4049-bac2-98248b3a35d6']
[2024-08-23T13:46:40.153+0200] {logging_mixin.py:188} INFO - Skipping invalid row: []
[2024-08-23T13:46:40.153+0200] {logging_mixin.py:188} INFO - Skipping already processed row: ['2020-07-24 05:53:20', 'Bd9aca31-a075-5e38-3b39-99fa4fc2ff54']
[2024-08-23T13:46:40.153+0200] {logging_mixin.py:188} INFO - Skipping invalid row: []
[2024-08-23T13:46:40.153+0200] {logging_mixin.py:188} INFO - Skipping already processed row: ['2020-11-10 14:19:58', 'D9730ec4-d004-ffd7-1404-f8bd543ed6e4']
[2024-08-23T13:46:40.153+0200] {logging_mixin.py:188} INFO - Skipping invalid row: []
[2024-08-23T13:46:40.177+0200] {logging_mixin.py:188} INFO - Skipping invalid row: []
[2024-08-23T13:46:40.178+0200] {logging_mixin.py:188} INFO - Skipping already processed row: ['2021-05-21 22:05:14', '5d3c06f9-a6c9-1680-2955-6bf66458109c']
[2024-08-23T13:46:40.178+0200] {logging_mixin.py:188} INFO - Skipping invalid row: []
[2024-08-23T13:46:40.202+0200] {logging_mixin.py:188} INFO - Skipping invalid row: []
[2024-08-23T13:46:40.202+0200] {logging_mixin.py:188} INFO - Skipping already processed row: ['2020-08-26 04:01:45', '225a81b8-8c9f-97ff-1cf8-c7445dc78c3f']
[2024-08-23T13:46:40.203+0200] {logging_mixin.py:188} INFO - Skipping invalid row: []
[2024-08-23T13:46:40.203+0200] {logging_mixin.py:188} INFO - Skipping already processed row: ['2020-09-19 04:19:43', 'Cf8b8fc5-0440-5159-f474-c79bbaca7ba5']
[2024-08-23T13:46:40.203+0200] {logging_mixin.py:188} INFO - Skipping invalid row: []
[2024-08-23T13:46:40.226+0200] {logging_mixin.py:188} INFO - Skipping invalid row: []
[2024-08-23T13:46:40.250+0200] {logging_mixin.py:188} INFO - Skipping invalid row: []
[2024-08-23T13:46:40.277+0200] {logging_mixin.py:188} INFO - Skipping invalid row: []
[2024-08-23T13:46:40.277+0200] {logging_mixin.py:188} INFO - Skipping already processed row: ['2020-12-29 15:42:07', '2d89812d-4cb3-4f06-2e75-d6492cb1c8b4']
[2024-08-23T13:46:40.277+0200] {logging_mixin.py:188} INFO - Skipping invalid row: []
[2024-08-23T13:46:40.277+0200] {logging_mixin.py:188} INFO - Skipping already processed row: ['2020-06-23 16:34:17', '43962cf5-fe5a-8981-74cb-e623019ccae0']
[2024-08-23T13:46:40.277+0200] {logging_mixin.py:188} INFO - Skipping invalid row: []
[2024-08-23T13:46:40.302+0200] {logging_mixin.py:188} INFO - Skipping invalid row: []
[2024-08-23T13:46:40.302+0200] {logging_mixin.py:188} INFO - Skipping already processed row: ['2021-01-17 11:54:47', 'A262f346-cf6f-05e8-65ea-15afde0f9e24']
[2024-08-23T13:46:40.302+0200] {logging_mixin.py:188} INFO - Skipping invalid row: []
[2024-08-23T13:46:40.328+0200] {logging_mixin.py:188} INFO - Skipping invalid row: []
[2024-08-23T13:46:40.328+0200] {logging_mixin.py:188} INFO - Skipping already processed row: ['2020-08-10 19:34:23', '36eae71c-2356-66ce-2e9a-f2a603e97336']
[2024-08-23T13:46:40.328+0200] {logging_mixin.py:188} INFO - Skipping invalid row: []
[2024-08-23T13:46:40.329+0200] {logging_mixin.py:188} INFO - Skipping already processed row: ['2020-09-23 20:52:14', 'A6b67142-6086-1b52-1b9b-8d9020b9557b']
[2024-08-23T13:46:40.329+0200] {logging_mixin.py:188} INFO - Skipping invalid row: []
[2024-08-23T13:46:40.358+0200] {logging_mixin.py:188} INFO - Skipping invalid row: []
[2024-08-23T13:46:40.383+0200] {logging_mixin.py:188} INFO - Skipping invalid row: []
[2024-08-23T13:46:40.413+0200] {logging_mixin.py:188} INFO - Skipping invalid row: []
[2024-08-23T13:46:40.439+0200] {logging_mixin.py:188} INFO - Skipping invalid row: []
[2024-08-23T13:46:40.465+0200] {logging_mixin.py:188} INFO - Skipping invalid row: []
[2024-08-23T13:46:40.491+0200] {logging_mixin.py:188} INFO - Skipping invalid row: []
[2024-08-23T13:46:40.491+0200] {logging_mixin.py:188} INFO - Skipping already processed row: ['2020-09-12 08:10:40', 'F1e34d7b-cab6-2231-31f0-08358c009cfc']
[2024-08-23T13:46:40.491+0200] {logging_mixin.py:188} INFO - Skipping invalid row: []
[2024-08-23T13:46:40.491+0200] {logging_mixin.py:188} INFO - Skipping already processed row: ['2021-04-08 00:12:59', '82255f65-79dd-77bb-7584-da308501da62']
[2024-08-23T13:46:40.491+0200] {logging_mixin.py:188} INFO - Skipping invalid row: []
[2024-08-23T13:46:40.491+0200] {logging_mixin.py:188} INFO - Skipping already processed row: ['2020-12-30 19:48:16', 'D792af85-0de3-26ce-fe48-c188d291b6bc']
[2024-08-23T13:46:40.491+0200] {logging_mixin.py:188} INFO - Skipping invalid row: []
[2024-08-23T13:46:40.492+0200] {logging_mixin.py:188} INFO - Skipping already processed row: ['2021-06-19 02:55:16', '71df9958-ede1-1fe0-67e0-9d87e81325e9']
[2024-08-23T13:46:40.492+0200] {logging_mixin.py:188} INFO - Skipping invalid row: []
[2024-08-23T13:46:40.492+0200] {logging_mixin.py:188} INFO - Skipping already processed row: ['2021-01-26 21:15:04', '8db8fe5b-e809-f089-7730-e58e3ff58db4']
[2024-08-23T13:46:40.492+0200] {logging_mixin.py:188} INFO - Skipping invalid row: []
[2024-08-23T13:46:40.517+0200] {logging_mixin.py:188} INFO - Skipping invalid row: []
[2024-08-23T13:46:40.517+0200] {logging_mixin.py:188} INFO - Skipping already processed row: ['2021-04-23 08:03:47', '932b506e-4e95-178d-bc91-cb9bfd461b4c']
[2024-08-23T13:46:40.517+0200] {logging_mixin.py:188} INFO - Skipping invalid row: []
[2024-08-23T13:46:40.517+0200] {logging_mixin.py:188} INFO - Skipping already processed row: ['2020-11-02 00:25:17', 'Fe2c1c59-7ee3-db72-68f0-1187ab2885b6']
[2024-08-23T13:46:40.517+0200] {logging_mixin.py:188} INFO - Skipping invalid row: []
[2024-08-23T13:46:40.542+0200] {logging_mixin.py:188} INFO - Skipping invalid row: []
[2024-08-23T13:46:40.566+0200] {logging_mixin.py:188} INFO - Skipping invalid row: []
[2024-08-23T13:46:40.567+0200] {logging_mixin.py:188} INFO - Skipping already processed row: ['2020-08-20 13:12:29', '4c83591a-8709-e120-6317-5054804028a6']
[2024-08-23T13:46:40.567+0200] {logging_mixin.py:188} INFO - Skipping invalid row: []
[2024-08-23T13:46:40.594+0200] {logging_mixin.py:188} INFO - Skipping invalid row: []
[2024-08-23T13:46:40.617+0200] {logging_mixin.py:188} INFO - Skipping invalid row: []
[2024-08-23T13:46:40.618+0200] {logging_mixin.py:188} INFO - Skipping already processed row: ['2021-01-27 17:15:51', '9a2ef930-adb0-65bb-a008-3065e9e7fe73']
[2024-08-23T13:46:40.618+0200] {logging_mixin.py:188} INFO - Skipping invalid row: []
[2024-08-23T13:46:40.642+0200] {logging_mixin.py:188} INFO - Skipping invalid row: []
[2024-08-23T13:46:40.664+0200] {logging_mixin.py:188} INFO - Skipping invalid row: []
[2024-08-23T13:46:40.665+0200] {logging_mixin.py:188} INFO - Skipping already processed row: ['2021-04-14 18:48:02', '5b567f1b-2ed6-2234-5750-c0f1388c6a66']
[2024-08-23T13:46:40.665+0200] {logging_mixin.py:188} INFO - Skipping invalid row: []
[2024-08-23T13:46:40.665+0200] {logging_mixin.py:188} INFO - Skipping already processed row: ['2020-08-16 01:58:03', '72e77a69-3b9f-97a1-1d98-7e42683ff592']
[2024-08-23T13:46:40.665+0200] {logging_mixin.py:188} INFO - Skipping invalid row: []
[2024-08-23T13:46:40.665+0200] {logging_mixin.py:188} INFO - Skipping already processed row: ['2021-06-27 07:48:03', '48680f59-7834-184a-d837-066718b2a653']
[2024-08-23T13:46:40.665+0200] {logging_mixin.py:188} INFO - Skipping invalid row: []
[2024-08-23T13:46:40.691+0200] {logging_mixin.py:188} INFO - Skipping invalid row: []
[2024-08-23T13:46:40.691+0200] {logging_mixin.py:188} INFO - Skipping already processed row: ['2021-03-02 04:26:17', 'Bff21fbe-64ae-a1ac-d6a6-76745287ef10']
[2024-08-23T13:46:40.691+0200] {logging_mixin.py:188} INFO - Skipping invalid row: []
[2024-08-23T13:46:40.691+0200] {logging_mixin.py:188} INFO - Skipping already processed row: ['2020-11-26 12:53:22', '1aebc887-6cf3-7be6-e0d5-174c704f084c']
[2024-08-23T13:46:40.691+0200] {logging_mixin.py:188} INFO - Skipping invalid row: []
[2024-08-23T13:46:40.716+0200] {logging_mixin.py:188} INFO - Skipping invalid row: []
[2024-08-23T13:46:40.742+0200] {logging_mixin.py:188} INFO - Skipping invalid row: []
[2024-08-23T13:46:40.768+0200] {logging_mixin.py:188} INFO - Skipping invalid row: []
[2024-08-23T13:46:40.769+0200] {logging_mixin.py:188} INFO - Skipping already processed row: ['2020-10-31 10:30:53', 'F58b5268-b383-3ce9-484f-89b108d8a779']
[2024-08-23T13:46:40.769+0200] {logging_mixin.py:188} INFO - Skipping invalid row: []
[2024-08-23T13:46:40.769+0200] {logging_mixin.py:188} INFO - Skipping already processed row: ['2020-06-30 23:03:53', '800485ff-cccd-1284-8ac6-d3669599d303']
[2024-08-23T13:46:40.769+0200] {logging_mixin.py:188} INFO - Skipping invalid row: []
[2024-08-23T13:46:40.769+0200] {logging_mixin.py:188} INFO - Skipping already processed row: ['2020-07-08 08:04:20', '34aa9081-1ecc-7ed2-47b8-7d5083bcdb1b']
[2024-08-23T13:46:40.769+0200] {logging_mixin.py:188} INFO - Skipping invalid row: []
[2024-08-23T13:46:40.769+0200] {logging_mixin.py:188} INFO - Skipping already processed row: ['2021-02-21 21:25:49', '95d996bf-89b2-50b5-5537-7cf812364930']
[2024-08-23T13:46:40.769+0200] {logging_mixin.py:188} INFO - Skipping invalid row: []
[2024-08-23T13:46:40.769+0200] {logging_mixin.py:188} INFO - Skipping already processed row: ['2020-12-20 01:08:23', 'Ea1105c1-6a50-49d8-d73c-a26533ff53e0']
[2024-08-23T13:46:40.769+0200] {logging_mixin.py:188} INFO - Skipping invalid row: []
[2024-08-23T13:46:40.770+0200] {logging_mixin.py:188} INFO - Skipping already processed row: ['2021-06-29 04:40:12', 'D0db8b32-9beb-4071-e58b-d2d8d8016c2d']
[2024-08-23T13:46:40.770+0200] {logging_mixin.py:188} INFO - Skipping invalid row: []
[2024-08-23T13:46:40.816+0200] {logging_mixin.py:188} INFO - Data uploaded successfully to PostgreSQL database.
[2024-08-23T13:46:40.817+0200] {python.py:201} INFO - Done. Returned value was: None
[2024-08-23T13:46:40.820+0200] {taskinstance.py:1138} INFO - Marking task as SUCCESS. dag_id=Ugoo-DAG, task_id=upload, execution_date=20240823T100000, start_date=20240823T114639, end_date=20240823T114640
[2024-08-23T13:46:40.854+0200] {local_task_job_runner.py:234} INFO - Task exited with return code 0
[2024-08-23T13:46:40.864+0200] {taskinstance.py:3281} INFO - 1 downstream tasks scheduled from follow-on schedule check
