[2024-08-22T23:43:14.706+0200] {taskinstance.py:1957} INFO - Dependencies all met for dep_context=non-requeueable deps ti=<TaskInstance: Ugoo-DAG.upload scheduled__2024-08-22T04:46:00+00:00 [queued]>
[2024-08-22T23:43:14.710+0200] {taskinstance.py:1957} INFO - Dependencies all met for dep_context=requeueable deps ti=<TaskInstance: Ugoo-DAG.upload scheduled__2024-08-22T04:46:00+00:00 [queued]>
[2024-08-22T23:43:14.710+0200] {taskinstance.py:2171} INFO - Starting attempt 1 of 2
[2024-08-22T23:43:14.722+0200] {taskinstance.py:2192} INFO - Executing <Task(PythonOperator): upload> on 2024-08-22 04:46:00+00:00
[2024-08-22T23:43:14.724+0200] {standard_task_runner.py:60} INFO - Started process 51087 to run task
[2024-08-22T23:43:14.727+0200] {standard_task_runner.py:87} INFO - Running: ['airflow', 'tasks', 'run', 'Ugoo-DAG', 'upload', 'scheduled__2024-08-22T04:46:00+00:00', '--job-id', '1040', '--raw', '--subdir', 'DAGS_FOLDER/datadownload.py', '--cfg-path', '/tmp/tmpew2pmmf_']
[2024-08-22T23:43:14.729+0200] {standard_task_runner.py:88} INFO - Job 1040: Subtask upload
[2024-08-22T23:43:14.757+0200] {task_command.py:423} INFO - Running <TaskInstance: Ugoo-DAG.upload scheduled__2024-08-22T04:46:00+00:00 [running]> on host Ugoo.
[2024-08-22T23:43:14.805+0200] {taskinstance.py:2481} INFO - Exporting env vars: AIRFLOW_CTX_DAG_EMAIL='ugoo@ezekomas.com' AIRFLOW_CTX_DAG_OWNER='Ugoo Ezekoma' AIRFLOW_CTX_DAG_ID='Ugoo-DAG' AIRFLOW_CTX_TASK_ID='upload' AIRFLOW_CTX_EXECUTION_DATE='2024-08-22T04:46:00+00:00' AIRFLOW_CTX_TRY_NUMBER='1' AIRFLOW_CTX_DAG_RUN_ID='scheduled__2024-08-22T04:46:00+00:00'
[2024-08-22T23:43:15.071+0200] {logging_mixin.py:188} INFO - Skipping invalid row: []
[2024-08-22T23:43:15.103+0200] {logging_mixin.py:188} INFO - Skipping invalid row: []
[2024-08-22T23:43:15.128+0200] {logging_mixin.py:188} INFO - Skipping invalid row: []
[2024-08-22T23:43:15.155+0200] {logging_mixin.py:188} INFO - Skipping invalid row: []
[2024-08-22T23:43:15.179+0200] {logging_mixin.py:188} INFO - Skipping invalid row: []
[2024-08-22T23:43:15.206+0200] {logging_mixin.py:188} INFO - Skipping invalid row: []
[2024-08-22T23:43:15.233+0200] {logging_mixin.py:188} INFO - Skipping invalid row: []
[2024-08-22T23:43:15.256+0200] {logging_mixin.py:188} INFO - Skipping invalid row: []
[2024-08-22T23:43:15.288+0200] {logging_mixin.py:188} INFO - Skipping invalid row: []
[2024-08-22T23:43:15.312+0200] {logging_mixin.py:188} INFO - Skipping invalid row: []
[2024-08-22T23:43:15.340+0200] {logging_mixin.py:188} INFO - Skipping invalid row: []
[2024-08-22T23:43:15.365+0200] {logging_mixin.py:188} INFO - Skipping invalid row: []
[2024-08-22T23:43:15.390+0200] {logging_mixin.py:188} INFO - Skipping invalid row: []
[2024-08-22T23:43:15.417+0200] {logging_mixin.py:188} INFO - Skipping invalid row: []
[2024-08-22T23:43:15.444+0200] {logging_mixin.py:188} INFO - Skipping invalid row: []
[2024-08-22T23:43:15.472+0200] {logging_mixin.py:188} INFO - Skipping invalid row: []
[2024-08-22T23:43:15.502+0200] {logging_mixin.py:188} INFO - Skipping invalid row: []
[2024-08-22T23:43:15.531+0200] {logging_mixin.py:188} INFO - Skipping invalid row: []
[2024-08-22T23:43:15.556+0200] {logging_mixin.py:188} INFO - Skipping invalid row: []
[2024-08-22T23:43:15.582+0200] {logging_mixin.py:188} INFO - Skipping invalid row: []
[2024-08-22T23:43:15.606+0200] {logging_mixin.py:188} INFO - Skipping invalid row: []
[2024-08-22T23:43:15.631+0200] {logging_mixin.py:188} INFO - Skipping invalid row: []
[2024-08-22T23:43:15.658+0200] {logging_mixin.py:188} INFO - Skipping invalid row: []
[2024-08-22T23:43:15.683+0200] {logging_mixin.py:188} INFO - Skipping invalid row: []
[2024-08-22T23:43:15.707+0200] {logging_mixin.py:188} INFO - Skipping invalid row: []
[2024-08-22T23:43:15.734+0200] {logging_mixin.py:188} INFO - Skipping invalid row: []
[2024-08-22T23:43:15.760+0200] {logging_mixin.py:188} INFO - Skipping invalid row: []
[2024-08-22T23:43:15.784+0200] {logging_mixin.py:188} INFO - Skipping invalid row: []
[2024-08-22T23:43:15.809+0200] {logging_mixin.py:188} INFO - Skipping invalid row: []
[2024-08-22T23:43:15.841+0200] {logging_mixin.py:188} INFO - Skipping invalid row: []
[2024-08-22T23:43:15.865+0200] {logging_mixin.py:188} INFO - Skipping invalid row: []
[2024-08-22T23:43:15.889+0200] {logging_mixin.py:188} INFO - Skipping invalid row: []
[2024-08-22T23:43:15.913+0200] {logging_mixin.py:188} INFO - Skipping invalid row: []
[2024-08-22T23:43:15.938+0200] {logging_mixin.py:188} INFO - Skipping invalid row: []
[2024-08-22T23:43:15.964+0200] {logging_mixin.py:188} INFO - Skipping invalid row: []
[2024-08-22T23:43:15.990+0200] {logging_mixin.py:188} INFO - Skipping invalid row: []
[2024-08-22T23:43:16.015+0200] {logging_mixin.py:188} INFO - Skipping invalid row: []
[2024-08-22T23:43:16.040+0200] {logging_mixin.py:188} INFO - Skipping invalid row: []
[2024-08-22T23:43:16.067+0200] {logging_mixin.py:188} INFO - Skipping invalid row: []
[2024-08-22T23:43:16.093+0200] {logging_mixin.py:188} INFO - Skipping invalid row: []
[2024-08-22T23:43:16.125+0200] {logging_mixin.py:188} INFO - Skipping invalid row: []
[2024-08-22T23:43:16.150+0200] {logging_mixin.py:188} INFO - Skipping invalid row: []
[2024-08-22T23:43:16.176+0200] {logging_mixin.py:188} INFO - Skipping invalid row: []
[2024-08-22T23:43:16.199+0200] {logging_mixin.py:188} INFO - Skipping invalid row: []
[2024-08-22T23:43:16.225+0200] {logging_mixin.py:188} INFO - Skipping invalid row: []
[2024-08-22T23:43:16.249+0200] {logging_mixin.py:188} INFO - Skipping invalid row: []
[2024-08-22T23:43:16.274+0200] {logging_mixin.py:188} INFO - Skipping invalid row: []
[2024-08-22T23:43:16.298+0200] {logging_mixin.py:188} INFO - Skipping invalid row: []
[2024-08-22T23:43:16.323+0200] {logging_mixin.py:188} INFO - Skipping invalid row: []
[2024-08-22T23:43:16.348+0200] {logging_mixin.py:188} INFO - Skipping invalid row: []
[2024-08-22T23:43:16.374+0200] {logging_mixin.py:188} INFO - Skipping invalid row: []
[2024-08-22T23:43:16.398+0200] {logging_mixin.py:188} INFO - Skipping invalid row: []
[2024-08-22T23:43:16.423+0200] {logging_mixin.py:188} INFO - Skipping invalid row: []
[2024-08-22T23:43:16.452+0200] {logging_mixin.py:188} INFO - Skipping invalid row: []
[2024-08-22T23:43:16.476+0200] {logging_mixin.py:188} INFO - Skipping invalid row: []
[2024-08-22T23:43:16.502+0200] {logging_mixin.py:188} INFO - Skipping invalid row: []
[2024-08-22T23:43:16.528+0200] {logging_mixin.py:188} INFO - Skipping invalid row: []
[2024-08-22T23:43:16.552+0200] {logging_mixin.py:188} INFO - Skipping invalid row: []
[2024-08-22T23:43:16.577+0200] {logging_mixin.py:188} INFO - Skipping invalid row: []
[2024-08-22T23:43:16.601+0200] {logging_mixin.py:188} INFO - Skipping invalid row: []
[2024-08-22T23:43:16.627+0200] {logging_mixin.py:188} INFO - Skipping invalid row: []
[2024-08-22T23:43:16.652+0200] {logging_mixin.py:188} INFO - Skipping invalid row: []
[2024-08-22T23:43:16.677+0200] {logging_mixin.py:188} INFO - Skipping invalid row: []
[2024-08-22T23:43:16.702+0200] {logging_mixin.py:188} INFO - Skipping invalid row: []
[2024-08-22T23:43:16.727+0200] {logging_mixin.py:188} INFO - Skipping invalid row: []
[2024-08-22T23:43:16.752+0200] {logging_mixin.py:188} INFO - Skipping invalid row: []
[2024-08-22T23:43:16.776+0200] {logging_mixin.py:188} INFO - Skipping invalid row: []
[2024-08-22T23:43:16.800+0200] {logging_mixin.py:188} INFO - Skipping invalid row: []
[2024-08-22T23:43:16.827+0200] {logging_mixin.py:188} INFO - Skipping invalid row: []
[2024-08-22T23:43:16.852+0200] {logging_mixin.py:188} INFO - Skipping invalid row: []
[2024-08-22T23:43:16.878+0200] {logging_mixin.py:188} INFO - Skipping invalid row: []
[2024-08-22T23:43:16.903+0200] {logging_mixin.py:188} INFO - Skipping invalid row: []
[2024-08-22T23:43:16.929+0200] {logging_mixin.py:188} INFO - Skipping invalid row: []
[2024-08-22T23:43:16.954+0200] {logging_mixin.py:188} INFO - Skipping invalid row: []
[2024-08-22T23:43:16.981+0200] {logging_mixin.py:188} INFO - Skipping invalid row: []
[2024-08-22T23:43:17.008+0200] {logging_mixin.py:188} INFO - Skipping invalid row: []
[2024-08-22T23:43:17.034+0200] {logging_mixin.py:188} INFO - Skipping invalid row: []
[2024-08-22T23:43:17.059+0200] {logging_mixin.py:188} INFO - Skipping invalid row: []
[2024-08-22T23:43:17.086+0200] {logging_mixin.py:188} INFO - Skipping invalid row: []
[2024-08-22T23:43:17.110+0200] {logging_mixin.py:188} INFO - Skipping invalid row: []
[2024-08-22T23:43:17.134+0200] {logging_mixin.py:188} INFO - Skipping invalid row: []
[2024-08-22T23:43:17.159+0200] {logging_mixin.py:188} INFO - Skipping invalid row: []
[2024-08-22T23:43:17.185+0200] {logging_mixin.py:188} INFO - Skipping invalid row: []
[2024-08-22T23:43:17.213+0200] {logging_mixin.py:188} INFO - Skipping invalid row: []
[2024-08-22T23:43:17.240+0200] {logging_mixin.py:188} INFO - Skipping invalid row: []
[2024-08-22T23:43:17.274+0200] {logging_mixin.py:188} INFO - Skipping invalid row: []
[2024-08-22T23:43:17.298+0200] {logging_mixin.py:188} INFO - Skipping invalid row: []
[2024-08-22T23:43:17.322+0200] {logging_mixin.py:188} INFO - Skipping invalid row: []
[2024-08-22T23:43:17.348+0200] {logging_mixin.py:188} INFO - Skipping invalid row: []
[2024-08-22T23:43:17.376+0200] {logging_mixin.py:188} INFO - Skipping invalid row: []
[2024-08-22T23:43:17.408+0200] {logging_mixin.py:188} INFO - Skipping invalid row: []
[2024-08-22T23:43:17.434+0200] {logging_mixin.py:188} INFO - Skipping invalid row: []
[2024-08-22T23:43:17.460+0200] {logging_mixin.py:188} INFO - Skipping invalid row: []
[2024-08-22T23:43:17.488+0200] {logging_mixin.py:188} INFO - Skipping invalid row: []
[2024-08-22T23:43:17.516+0200] {logging_mixin.py:188} INFO - Skipping invalid row: []
[2024-08-22T23:43:17.540+0200] {logging_mixin.py:188} INFO - Skipping invalid row: []
[2024-08-22T23:43:17.569+0200] {logging_mixin.py:188} INFO - Skipping invalid row: []
[2024-08-22T23:43:17.594+0200] {logging_mixin.py:188} INFO - Skipping invalid row: []
[2024-08-22T23:43:17.618+0200] {logging_mixin.py:188} INFO - Skipping invalid row: []
[2024-08-22T23:43:17.644+0200] {logging_mixin.py:188} INFO - Skipping invalid row: []
[2024-08-22T23:43:17.669+0200] {logging_mixin.py:188} INFO - Skipping invalid row: []
[2024-08-22T23:43:17.695+0200] {logging_mixin.py:188} INFO - Data uploaded successfully to PostgreSQL database.
[2024-08-22T23:43:17.695+0200] {python.py:201} INFO - Done. Returned value was: None
[2024-08-22T23:43:17.700+0200] {taskinstance.py:1138} INFO - Marking task as SUCCESS. dag_id=Ugoo-DAG, task_id=upload, execution_date=20240822T044600, start_date=20240822T214314, end_date=20240822T214317
[2024-08-22T23:43:17.719+0200] {local_task_job_runner.py:234} INFO - Task exited with return code 0
[2024-08-22T23:43:17.728+0200] {taskinstance.py:3281} INFO - 0 downstream tasks scheduled from follow-on schedule check
