[2024-08-22T23:42:47.736+0200] {taskinstance.py:1957} INFO - Dependencies all met for dep_context=non-requeueable deps ti=<TaskInstance: Ugoo-DAG.upload scheduled__2024-08-22T04:32:00+00:00 [queued]>
[2024-08-22T23:42:47.740+0200] {taskinstance.py:1957} INFO - Dependencies all met for dep_context=requeueable deps ti=<TaskInstance: Ugoo-DAG.upload scheduled__2024-08-22T04:32:00+00:00 [queued]>
[2024-08-22T23:42:47.740+0200] {taskinstance.py:2171} INFO - Starting attempt 2 of 2
[2024-08-22T23:42:47.751+0200] {taskinstance.py:2192} INFO - Executing <Task(PythonOperator): upload> on 2024-08-22 04:32:00+00:00
[2024-08-22T23:42:47.752+0200] {standard_task_runner.py:60} INFO - Started process 50952 to run task
[2024-08-22T23:42:47.755+0200] {standard_task_runner.py:87} INFO - Running: ['airflow', 'tasks', 'run', 'Ugoo-DAG', 'upload', 'scheduled__2024-08-22T04:32:00+00:00', '--job-id', '1032', '--raw', '--subdir', 'DAGS_FOLDER/datadownload.py', '--cfg-path', '/tmp/tmpn9kec5hr']
[2024-08-22T23:42:47.757+0200] {standard_task_runner.py:88} INFO - Job 1032: Subtask upload
[2024-08-22T23:42:47.780+0200] {task_command.py:423} INFO - Running <TaskInstance: Ugoo-DAG.upload scheduled__2024-08-22T04:32:00+00:00 [running]> on host Ugoo.
[2024-08-22T23:42:47.818+0200] {taskinstance.py:2481} INFO - Exporting env vars: AIRFLOW_CTX_DAG_EMAIL='ugoo@ezekomas.com' AIRFLOW_CTX_DAG_OWNER='Ugoo Ezekoma' AIRFLOW_CTX_DAG_ID='Ugoo-DAG' AIRFLOW_CTX_TASK_ID='upload' AIRFLOW_CTX_EXECUTION_DATE='2024-08-22T04:32:00+00:00' AIRFLOW_CTX_TRY_NUMBER='2' AIRFLOW_CTX_DAG_RUN_ID='scheduled__2024-08-22T04:32:00+00:00'
[2024-08-22T23:42:48.070+0200] {logging_mixin.py:188} INFO - Skipping invalid row: []
[2024-08-22T23:42:48.098+0200] {logging_mixin.py:188} INFO - Skipping invalid row: []
[2024-08-22T23:42:48.124+0200] {logging_mixin.py:188} INFO - Skipping invalid row: []
[2024-08-22T23:42:48.152+0200] {logging_mixin.py:188} INFO - Skipping invalid row: []
[2024-08-22T23:42:48.178+0200] {logging_mixin.py:188} INFO - Skipping invalid row: []
[2024-08-22T23:42:48.202+0200] {logging_mixin.py:188} INFO - Skipping invalid row: []
[2024-08-22T23:42:48.226+0200] {logging_mixin.py:188} INFO - Skipping invalid row: []
[2024-08-22T23:42:48.249+0200] {logging_mixin.py:188} INFO - Skipping invalid row: []
[2024-08-22T23:42:48.273+0200] {logging_mixin.py:188} INFO - Skipping invalid row: []
[2024-08-22T23:42:48.299+0200] {logging_mixin.py:188} INFO - Skipping invalid row: []
[2024-08-22T23:42:48.324+0200] {logging_mixin.py:188} INFO - Skipping invalid row: []
[2024-08-22T23:42:48.347+0200] {logging_mixin.py:188} INFO - Skipping invalid row: []
[2024-08-22T23:42:48.370+0200] {logging_mixin.py:188} INFO - Skipping invalid row: []
[2024-08-22T23:42:48.393+0200] {logging_mixin.py:188} INFO - Skipping invalid row: []
[2024-08-22T23:42:48.416+0200] {logging_mixin.py:188} INFO - Skipping invalid row: []
[2024-08-22T23:42:48.439+0200] {logging_mixin.py:188} INFO - Skipping invalid row: []
[2024-08-22T23:42:48.461+0200] {logging_mixin.py:188} INFO - Skipping invalid row: []
[2024-08-22T23:42:48.485+0200] {logging_mixin.py:188} INFO - Skipping invalid row: []
[2024-08-22T23:42:48.509+0200] {logging_mixin.py:188} INFO - Skipping invalid row: []
[2024-08-22T23:42:48.537+0200] {logging_mixin.py:188} INFO - Skipping invalid row: []
[2024-08-22T23:42:48.562+0200] {logging_mixin.py:188} INFO - Skipping invalid row: []
[2024-08-22T23:42:48.585+0200] {logging_mixin.py:188} INFO - Skipping invalid row: []
[2024-08-22T23:42:48.608+0200] {logging_mixin.py:188} INFO - Skipping invalid row: []
[2024-08-22T23:42:48.632+0200] {logging_mixin.py:188} INFO - Skipping invalid row: []
[2024-08-22T23:42:48.654+0200] {logging_mixin.py:188} INFO - Skipping invalid row: []
[2024-08-22T23:42:48.679+0200] {logging_mixin.py:188} INFO - Skipping invalid row: []
[2024-08-22T23:42:48.701+0200] {logging_mixin.py:188} INFO - Skipping invalid row: []
[2024-08-22T23:42:48.725+0200] {logging_mixin.py:188} INFO - Skipping invalid row: []
[2024-08-22T23:42:48.752+0200] {logging_mixin.py:188} INFO - Skipping invalid row: []
[2024-08-22T23:42:48.780+0200] {logging_mixin.py:188} INFO - Skipping invalid row: []
[2024-08-22T23:42:48.803+0200] {logging_mixin.py:188} INFO - Skipping invalid row: []
[2024-08-22T23:42:48.828+0200] {logging_mixin.py:188} INFO - Skipping invalid row: []
[2024-08-22T23:42:48.851+0200] {logging_mixin.py:188} INFO - Skipping invalid row: []
[2024-08-22T23:42:48.874+0200] {logging_mixin.py:188} INFO - Skipping invalid row: []
[2024-08-22T23:42:48.898+0200] {logging_mixin.py:188} INFO - Skipping invalid row: []
[2024-08-22T23:42:48.924+0200] {logging_mixin.py:188} INFO - Skipping invalid row: []
[2024-08-22T23:42:48.947+0200] {logging_mixin.py:188} INFO - Skipping invalid row: []
[2024-08-22T23:42:48.971+0200] {logging_mixin.py:188} INFO - Skipping invalid row: []
[2024-08-22T23:42:48.997+0200] {logging_mixin.py:188} INFO - Skipping invalid row: []
[2024-08-22T23:42:49.021+0200] {logging_mixin.py:188} INFO - Skipping invalid row: []
[2024-08-22T23:42:49.273+0200] {logging_mixin.py:188} INFO - Skipping invalid row: []
[2024-08-22T23:42:49.296+0200] {logging_mixin.py:188} INFO - Skipping invalid row: []
[2024-08-22T23:42:49.319+0200] {logging_mixin.py:188} INFO - Skipping invalid row: []
[2024-08-22T23:42:49.343+0200] {logging_mixin.py:188} INFO - Skipping invalid row: []
[2024-08-22T23:42:49.371+0200] {logging_mixin.py:188} INFO - Skipping invalid row: []
[2024-08-22T23:42:49.394+0200] {logging_mixin.py:188} INFO - Skipping invalid row: []
[2024-08-22T23:42:49.417+0200] {logging_mixin.py:188} INFO - Skipping invalid row: []
[2024-08-22T23:42:49.441+0200] {logging_mixin.py:188} INFO - Skipping invalid row: []
[2024-08-22T23:42:49.466+0200] {logging_mixin.py:188} INFO - Skipping invalid row: []
[2024-08-22T23:42:49.491+0200] {logging_mixin.py:188} INFO - Skipping invalid row: []
[2024-08-22T23:42:49.516+0200] {logging_mixin.py:188} INFO - Skipping invalid row: []
[2024-08-22T23:42:49.539+0200] {logging_mixin.py:188} INFO - Skipping invalid row: []
[2024-08-22T23:42:49.567+0200] {logging_mixin.py:188} INFO - Skipping invalid row: []
[2024-08-22T23:42:49.589+0200] {logging_mixin.py:188} INFO - Skipping invalid row: []
[2024-08-22T23:42:49.615+0200] {logging_mixin.py:188} INFO - Skipping invalid row: []
[2024-08-22T23:42:49.647+0200] {logging_mixin.py:188} INFO - Skipping invalid row: []
[2024-08-22T23:42:49.670+0200] {logging_mixin.py:188} INFO - Skipping invalid row: []
[2024-08-22T23:42:49.694+0200] {logging_mixin.py:188} INFO - Skipping invalid row: []
[2024-08-22T23:42:49.719+0200] {logging_mixin.py:188} INFO - Skipping invalid row: []
[2024-08-22T23:42:49.742+0200] {logging_mixin.py:188} INFO - Skipping invalid row: []
[2024-08-22T23:42:49.768+0200] {logging_mixin.py:188} INFO - Skipping invalid row: []
[2024-08-22T23:42:49.792+0200] {logging_mixin.py:188} INFO - Skipping invalid row: []
[2024-08-22T23:42:49.815+0200] {logging_mixin.py:188} INFO - Skipping invalid row: []
[2024-08-22T23:42:49.840+0200] {logging_mixin.py:188} INFO - Skipping invalid row: []
[2024-08-22T23:42:49.862+0200] {logging_mixin.py:188} INFO - Skipping invalid row: []
[2024-08-22T23:42:49.889+0200] {logging_mixin.py:188} INFO - Skipping invalid row: []
[2024-08-22T23:42:49.914+0200] {logging_mixin.py:188} INFO - Skipping invalid row: []
[2024-08-22T23:42:49.938+0200] {logging_mixin.py:188} INFO - Skipping invalid row: []
[2024-08-22T23:42:49.963+0200] {logging_mixin.py:188} INFO - Skipping invalid row: []
[2024-08-22T23:42:49.985+0200] {logging_mixin.py:188} INFO - Skipping invalid row: []
[2024-08-22T23:42:50.011+0200] {logging_mixin.py:188} INFO - Skipping invalid row: []
[2024-08-22T23:42:50.034+0200] {logging_mixin.py:188} INFO - Skipping invalid row: []
[2024-08-22T23:42:50.057+0200] {logging_mixin.py:188} INFO - Skipping invalid row: []
[2024-08-22T23:42:50.081+0200] {logging_mixin.py:188} INFO - Skipping invalid row: []
[2024-08-22T23:42:50.104+0200] {logging_mixin.py:188} INFO - Skipping invalid row: []
[2024-08-22T23:42:50.130+0200] {logging_mixin.py:188} INFO - Skipping invalid row: []
[2024-08-22T23:42:50.152+0200] {logging_mixin.py:188} INFO - Skipping invalid row: []
[2024-08-22T23:42:50.175+0200] {logging_mixin.py:188} INFO - Skipping invalid row: []
[2024-08-22T23:42:50.200+0200] {logging_mixin.py:188} INFO - Skipping invalid row: []
[2024-08-22T23:42:50.225+0200] {logging_mixin.py:188} INFO - Skipping invalid row: []
[2024-08-22T23:42:50.248+0200] {logging_mixin.py:188} INFO - Skipping invalid row: []
[2024-08-22T23:42:50.273+0200] {logging_mixin.py:188} INFO - Skipping invalid row: []
[2024-08-22T23:42:50.297+0200] {logging_mixin.py:188} INFO - Skipping invalid row: []
[2024-08-22T23:42:50.328+0200] {logging_mixin.py:188} INFO - Skipping invalid row: []
[2024-08-22T23:42:50.352+0200] {logging_mixin.py:188} INFO - Skipping invalid row: []
[2024-08-22T23:42:50.377+0200] {logging_mixin.py:188} INFO - Skipping invalid row: []
[2024-08-22T23:42:50.400+0200] {logging_mixin.py:188} INFO - Skipping invalid row: []
[2024-08-22T23:42:50.424+0200] {logging_mixin.py:188} INFO - Skipping invalid row: []
[2024-08-22T23:42:50.448+0200] {logging_mixin.py:188} INFO - Skipping invalid row: []
[2024-08-22T23:42:50.471+0200] {logging_mixin.py:188} INFO - Skipping invalid row: []
[2024-08-22T23:42:50.493+0200] {logging_mixin.py:188} INFO - Skipping invalid row: []
[2024-08-22T23:42:50.516+0200] {logging_mixin.py:188} INFO - Skipping invalid row: []
[2024-08-22T23:42:50.539+0200] {logging_mixin.py:188} INFO - Skipping invalid row: []
[2024-08-22T23:42:50.562+0200] {logging_mixin.py:188} INFO - Skipping invalid row: []
[2024-08-22T23:42:50.584+0200] {logging_mixin.py:188} INFO - Skipping invalid row: []
[2024-08-22T23:42:50.607+0200] {logging_mixin.py:188} INFO - Skipping invalid row: []
[2024-08-22T23:42:50.631+0200] {logging_mixin.py:188} INFO - Skipping invalid row: []
[2024-08-22T23:42:50.654+0200] {logging_mixin.py:188} INFO - Skipping invalid row: []
[2024-08-22T23:42:50.678+0200] {logging_mixin.py:188} INFO - Skipping invalid row: []
[2024-08-22T23:42:50.701+0200] {logging_mixin.py:188} INFO - Skipping invalid row: []
[2024-08-22T23:42:50.724+0200] {logging_mixin.py:188} INFO - Skipping invalid row: []
[2024-08-22T23:42:50.749+0200] {logging_mixin.py:188} INFO - Data uploaded successfully to PostgreSQL database.
[2024-08-22T23:42:50.749+0200] {python.py:201} INFO - Done. Returned value was: None
[2024-08-22T23:42:50.753+0200] {taskinstance.py:1138} INFO - Marking task as SUCCESS. dag_id=Ugoo-DAG, task_id=upload, execution_date=20240822T043200, start_date=20240822T214247, end_date=20240822T214250
[2024-08-22T23:42:50.785+0200] {local_task_job_runner.py:234} INFO - Task exited with return code 0
[2024-08-22T23:42:50.792+0200] {taskinstance.py:3281} INFO - 0 downstream tasks scheduled from follow-on schedule check
