[2024-08-22T23:45:36.805+0200] {taskinstance.py:1957} INFO - Dependencies all met for dep_context=non-requeueable deps ti=<TaskInstance: Ugoo-DAG.upload scheduled__2024-08-22T04:51:00+00:00 [queued]>
[2024-08-22T23:45:36.810+0200] {taskinstance.py:1957} INFO - Dependencies all met for dep_context=requeueable deps ti=<TaskInstance: Ugoo-DAG.upload scheduled__2024-08-22T04:51:00+00:00 [queued]>
[2024-08-22T23:45:36.810+0200] {taskinstance.py:2171} INFO - Starting attempt 1 of 2
[2024-08-22T23:45:36.825+0200] {taskinstance.py:2192} INFO - Executing <Task(PythonOperator): upload> on 2024-08-22 04:51:00+00:00
[2024-08-22T23:45:36.828+0200] {standard_task_runner.py:60} INFO - Started process 51743 to run task
[2024-08-22T23:45:36.830+0200] {standard_task_runner.py:87} INFO - Running: ['airflow', 'tasks', 'run', 'Ugoo-DAG', 'upload', 'scheduled__2024-08-22T04:51:00+00:00', '--job-id', '1066', '--raw', '--subdir', 'DAGS_FOLDER/datadownload.py', '--cfg-path', '/tmp/tmphtzhpjcy']
[2024-08-22T23:45:36.832+0200] {standard_task_runner.py:88} INFO - Job 1066: Subtask upload
[2024-08-22T23:45:36.855+0200] {task_command.py:423} INFO - Running <TaskInstance: Ugoo-DAG.upload scheduled__2024-08-22T04:51:00+00:00 [running]> on host Ugoo.
[2024-08-22T23:45:36.907+0200] {taskinstance.py:2481} INFO - Exporting env vars: AIRFLOW_CTX_DAG_EMAIL='ugoo@ezekomas.com' AIRFLOW_CTX_DAG_OWNER='Ugoo Ezekoma' AIRFLOW_CTX_DAG_ID='Ugoo-DAG' AIRFLOW_CTX_TASK_ID='upload' AIRFLOW_CTX_EXECUTION_DATE='2024-08-22T04:51:00+00:00' AIRFLOW_CTX_TRY_NUMBER='1' AIRFLOW_CTX_DAG_RUN_ID='scheduled__2024-08-22T04:51:00+00:00'
[2024-08-22T23:45:37.156+0200] {logging_mixin.py:188} INFO - Skipping invalid row: []
[2024-08-22T23:45:37.181+0200] {logging_mixin.py:188} INFO - Skipping invalid row: []
[2024-08-22T23:45:37.205+0200] {logging_mixin.py:188} INFO - Skipping invalid row: []
[2024-08-22T23:45:37.231+0200] {logging_mixin.py:188} INFO - Skipping invalid row: []
[2024-08-22T23:45:37.256+0200] {logging_mixin.py:188} INFO - Skipping invalid row: []
[2024-08-22T23:45:37.282+0200] {logging_mixin.py:188} INFO - Skipping invalid row: []
[2024-08-22T23:45:37.307+0200] {logging_mixin.py:188} INFO - Skipping invalid row: []
[2024-08-22T23:45:37.332+0200] {logging_mixin.py:188} INFO - Skipping invalid row: []
[2024-08-22T23:45:37.356+0200] {logging_mixin.py:188} INFO - Skipping invalid row: []
[2024-08-22T23:45:37.380+0200] {logging_mixin.py:188} INFO - Skipping invalid row: []
[2024-08-22T23:45:37.406+0200] {logging_mixin.py:188} INFO - Skipping invalid row: []
[2024-08-22T23:45:37.430+0200] {logging_mixin.py:188} INFO - Skipping invalid row: []
[2024-08-22T23:45:37.455+0200] {logging_mixin.py:188} INFO - Skipping invalid row: []
[2024-08-22T23:45:37.479+0200] {logging_mixin.py:188} INFO - Skipping invalid row: []
[2024-08-22T23:45:37.503+0200] {logging_mixin.py:188} INFO - Skipping invalid row: []
[2024-08-22T23:45:37.530+0200] {logging_mixin.py:188} INFO - Skipping invalid row: []
[2024-08-22T23:45:37.555+0200] {logging_mixin.py:188} INFO - Skipping invalid row: []
[2024-08-22T23:45:37.580+0200] {logging_mixin.py:188} INFO - Skipping invalid row: []
[2024-08-22T23:45:37.605+0200] {logging_mixin.py:188} INFO - Skipping invalid row: []
[2024-08-22T23:45:37.631+0200] {logging_mixin.py:188} INFO - Skipping invalid row: []
[2024-08-22T23:45:37.655+0200] {logging_mixin.py:188} INFO - Skipping invalid row: []
[2024-08-22T23:45:37.681+0200] {logging_mixin.py:188} INFO - Skipping invalid row: []
[2024-08-22T23:45:37.707+0200] {logging_mixin.py:188} INFO - Skipping invalid row: []
[2024-08-22T23:45:37.732+0200] {logging_mixin.py:188} INFO - Skipping invalid row: []
[2024-08-22T23:45:37.757+0200] {logging_mixin.py:188} INFO - Skipping invalid row: []
[2024-08-22T23:45:37.784+0200] {logging_mixin.py:188} INFO - Skipping invalid row: []
[2024-08-22T23:45:37.810+0200] {logging_mixin.py:188} INFO - Skipping invalid row: []
[2024-08-22T23:45:37.837+0200] {logging_mixin.py:188} INFO - Skipping invalid row: []
[2024-08-22T23:45:37.864+0200] {logging_mixin.py:188} INFO - Skipping invalid row: []
[2024-08-22T23:45:37.888+0200] {logging_mixin.py:188} INFO - Skipping invalid row: []
[2024-08-22T23:45:37.914+0200] {logging_mixin.py:188} INFO - Skipping invalid row: []
[2024-08-22T23:45:37.940+0200] {logging_mixin.py:188} INFO - Skipping invalid row: []
[2024-08-22T23:45:37.965+0200] {logging_mixin.py:188} INFO - Skipping invalid row: []
[2024-08-22T23:45:37.990+0200] {logging_mixin.py:188} INFO - Skipping invalid row: []
[2024-08-22T23:45:38.014+0200] {logging_mixin.py:188} INFO - Skipping invalid row: []
[2024-08-22T23:45:38.039+0200] {logging_mixin.py:188} INFO - Skipping invalid row: []
[2024-08-22T23:45:38.064+0200] {logging_mixin.py:188} INFO - Skipping invalid row: []
[2024-08-22T23:45:38.090+0200] {logging_mixin.py:188} INFO - Skipping invalid row: []
[2024-08-22T23:45:38.118+0200] {logging_mixin.py:188} INFO - Skipping invalid row: []
[2024-08-22T23:45:38.144+0200] {logging_mixin.py:188} INFO - Skipping invalid row: []
[2024-08-22T23:45:38.168+0200] {logging_mixin.py:188} INFO - Skipping invalid row: []
[2024-08-22T23:45:38.193+0200] {logging_mixin.py:188} INFO - Skipping invalid row: []
[2024-08-22T23:45:38.216+0200] {logging_mixin.py:188} INFO - Skipping invalid row: []
[2024-08-22T23:45:38.245+0200] {logging_mixin.py:188} INFO - Skipping invalid row: []
[2024-08-22T23:45:38.271+0200] {logging_mixin.py:188} INFO - Skipping invalid row: []
[2024-08-22T23:45:38.297+0200] {logging_mixin.py:188} INFO - Skipping invalid row: []
[2024-08-22T23:45:38.321+0200] {logging_mixin.py:188} INFO - Skipping invalid row: []
[2024-08-22T23:45:38.345+0200] {logging_mixin.py:188} INFO - Skipping invalid row: []
[2024-08-22T23:45:38.372+0200] {logging_mixin.py:188} INFO - Skipping invalid row: []
[2024-08-22T23:45:38.397+0200] {logging_mixin.py:188} INFO - Skipping invalid row: []
[2024-08-22T23:45:38.422+0200] {logging_mixin.py:188} INFO - Skipping invalid row: []
[2024-08-22T23:45:38.446+0200] {logging_mixin.py:188} INFO - Skipping invalid row: []
[2024-08-22T23:45:38.471+0200] {logging_mixin.py:188} INFO - Skipping invalid row: []
[2024-08-22T23:45:38.495+0200] {logging_mixin.py:188} INFO - Skipping invalid row: []
[2024-08-22T23:45:38.520+0200] {logging_mixin.py:188} INFO - Skipping invalid row: []
[2024-08-22T23:45:38.547+0200] {logging_mixin.py:188} INFO - Skipping invalid row: []
[2024-08-22T23:45:38.570+0200] {logging_mixin.py:188} INFO - Skipping invalid row: []
[2024-08-22T23:45:38.594+0200] {logging_mixin.py:188} INFO - Skipping invalid row: []
[2024-08-22T23:45:38.619+0200] {logging_mixin.py:188} INFO - Skipping invalid row: []
[2024-08-22T23:45:38.644+0200] {logging_mixin.py:188} INFO - Skipping invalid row: []
[2024-08-22T23:45:38.668+0200] {logging_mixin.py:188} INFO - Skipping invalid row: []
[2024-08-22T23:45:38.691+0200] {logging_mixin.py:188} INFO - Skipping invalid row: []
[2024-08-22T23:45:38.716+0200] {logging_mixin.py:188} INFO - Skipping invalid row: []
[2024-08-22T23:45:38.741+0200] {logging_mixin.py:188} INFO - Skipping invalid row: []
[2024-08-22T23:45:38.767+0200] {logging_mixin.py:188} INFO - Skipping invalid row: []
[2024-08-22T23:45:38.793+0200] {logging_mixin.py:188} INFO - Skipping invalid row: []
[2024-08-22T23:45:38.818+0200] {logging_mixin.py:188} INFO - Skipping invalid row: []
[2024-08-22T23:45:38.842+0200] {logging_mixin.py:188} INFO - Skipping invalid row: []
[2024-08-22T23:45:38.868+0200] {logging_mixin.py:188} INFO - Skipping invalid row: []
[2024-08-22T23:45:38.893+0200] {logging_mixin.py:188} INFO - Skipping invalid row: []
[2024-08-22T23:45:38.919+0200] {logging_mixin.py:188} INFO - Skipping invalid row: []
[2024-08-22T23:45:38.943+0200] {logging_mixin.py:188} INFO - Skipping invalid row: []
[2024-08-22T23:45:38.968+0200] {logging_mixin.py:188} INFO - Skipping invalid row: []
[2024-08-22T23:45:39.005+0200] {logging_mixin.py:188} INFO - Skipping invalid row: []
[2024-08-22T23:45:39.029+0200] {logging_mixin.py:188} INFO - Skipping invalid row: []
[2024-08-22T23:45:39.053+0200] {logging_mixin.py:188} INFO - Skipping invalid row: []
[2024-08-22T23:45:39.077+0200] {logging_mixin.py:188} INFO - Skipping invalid row: []
[2024-08-22T23:45:39.109+0200] {logging_mixin.py:188} INFO - Skipping invalid row: []
[2024-08-22T23:45:39.143+0200] {logging_mixin.py:188} INFO - Skipping invalid row: []
[2024-08-22T23:45:39.172+0200] {logging_mixin.py:188} INFO - Skipping invalid row: []
[2024-08-22T23:45:39.206+0200] {logging_mixin.py:188} INFO - Skipping invalid row: []
[2024-08-22T23:45:39.234+0200] {logging_mixin.py:188} INFO - Skipping invalid row: []
[2024-08-22T23:45:39.259+0200] {logging_mixin.py:188} INFO - Skipping invalid row: []
[2024-08-22T23:45:39.282+0200] {logging_mixin.py:188} INFO - Skipping invalid row: []
[2024-08-22T23:45:39.307+0200] {logging_mixin.py:188} INFO - Skipping invalid row: []
[2024-08-22T23:45:39.332+0200] {logging_mixin.py:188} INFO - Skipping invalid row: []
[2024-08-22T23:45:39.360+0200] {logging_mixin.py:188} INFO - Skipping invalid row: []
[2024-08-22T23:45:39.386+0200] {logging_mixin.py:188} INFO - Skipping invalid row: []
[2024-08-22T23:45:39.412+0200] {logging_mixin.py:188} INFO - Skipping invalid row: []
[2024-08-22T23:45:39.437+0200] {logging_mixin.py:188} INFO - Skipping invalid row: []
[2024-08-22T23:45:39.462+0200] {logging_mixin.py:188} INFO - Skipping invalid row: []
[2024-08-22T23:45:39.486+0200] {logging_mixin.py:188} INFO - Skipping invalid row: []
[2024-08-22T23:45:39.512+0200] {logging_mixin.py:188} INFO - Skipping invalid row: []
[2024-08-22T23:45:39.537+0200] {logging_mixin.py:188} INFO - Skipping invalid row: []
[2024-08-22T23:45:39.570+0200] {logging_mixin.py:188} INFO - Skipping invalid row: []
[2024-08-22T23:45:39.598+0200] {logging_mixin.py:188} INFO - Skipping invalid row: []
[2024-08-22T23:45:39.621+0200] {logging_mixin.py:188} INFO - Skipping invalid row: []
[2024-08-22T23:45:39.647+0200] {logging_mixin.py:188} INFO - Skipping invalid row: []
[2024-08-22T23:45:39.672+0200] {logging_mixin.py:188} INFO - Skipping invalid row: []
[2024-08-22T23:45:39.698+0200] {logging_mixin.py:188} INFO - Skipping invalid row: []
[2024-08-22T23:45:39.722+0200] {logging_mixin.py:188} INFO - Skipping invalid row: []
[2024-08-22T23:45:39.748+0200] {logging_mixin.py:188} INFO - Data uploaded successfully to PostgreSQL database.
[2024-08-22T23:45:39.748+0200] {python.py:201} INFO - Done. Returned value was: None
[2024-08-22T23:45:39.752+0200] {taskinstance.py:1138} INFO - Marking task as SUCCESS. dag_id=Ugoo-DAG, task_id=upload, execution_date=20240822T045100, start_date=20240822T214536, end_date=20240822T214539
[2024-08-22T23:45:39.783+0200] {local_task_job_runner.py:234} INFO - Task exited with return code 0
[2024-08-22T23:45:39.789+0200] {taskinstance.py:3281} INFO - 0 downstream tasks scheduled from follow-on schedule check
